Build started 09/11/2012 17:12:34.
     1>Project "C:\Users\Alex\My Code\bliink\materialsystem\shaderlib\shaderlib_sdk.vcxproj" on node 5 (build target(s)).
     1>InitializeBuildStatus:
         Creating ".\Debug\.\shaderlib.unsuccessfulbuild" because "AlwaysCreate" was specified.
       ClCompile:
         c:\Program Files (x86)\Microsoft Visual Studio 10.0\VC\bin\CL.exe /c /I..\..\common /I..\..\public /I..\..\public\tier0 /I..\..\public\tier1 /I..\ /ZI /nologo /W4 /WX- /Od /Oy- /D WIN32 /D _WIN32 /D _DEBUG /D DEBUG /D _LIB /D _CRT_SECURE_NO_DEPRECATE /D _CRT_NONSTDC_NO_DEPRECATE /D VPCGAME=swarm /D VPCGAMECAPS=SWARM /D _DLL_EXT=.dll /D COMPILER_MSVC32 /D VPCGAME=swarm /D VPCGAMECAPS=SWARM /D _DLL_EXT=.dll /D COMPILER_MSVC /D _DLL_EXT=.dll /D VPCGAME=swarm /D VPCGAMECAPS=SWARM /D _DLL_EXT=.dll /D LIBNAME=shaderlib /D VPCGAME=swarm /D VPCGAMECAPS=SWARM /D _DLL_EXT=.dll /D FAST_MATERIALVAR_ACCESS /D VPCGAME=swarm /D VPCGAMECAPS=SWARM /D _DLL_EXT=.dll /D _MBCS /GF /Gm /RTC1 /MTd /GS- /arch:SSE2 /fp:fast /Zc:wchar_t /Zc:forScope /GR /openmp- /Fo".\Debug\.\\" /Fd".\Debug\.\vc100.pdb" /Gd /TP /analyze- /errorReport:prompt BaseShader.cpp ShaderDLL.cpp shaderlib_cvar.cpp /MP 
     1>cl : Command line warning D9030: '/Gm' is incompatible with multiprocessing; ignoring /MP switch
         shaderlib_cvar.cpp
         ShaderDLL.cpp
         BaseShader.cpp
         Generating Code...
     1>C:\Program Files (x86)\MSBuild\Microsoft.Cpp\v4.0\Microsoft.CppBuild.targets(1151,5): warning MSB8012: TargetPath(C:\Users\Alex\My Code\bliink\materialsystem\shaderlib\.\Debug\.\shaderlib.lib) does not match the Library's OutputFile property value (C:\Users\Alex\My Code\bliink\lib\public\shaderlib.lib). This may cause your project to build incorrectly. To correct this, please make sure that $(OutDir), $(TargetName) and $(TargetExt) property values match the value specified in %(Lib.OutputFile).
       PreLinkEvent:
         if exist ..\..\lib\public\shaderlib.lib attrib -r ..\..\lib\public\shaderlib.lib
         :VCEnd
       Lib:
         c:\Program Files (x86)\Microsoft Visual Studio 10.0\VC\bin\Lib.exe /OUT:"..\..\lib\public\.\shaderlib.lib" /NOLOGO .\Debug\.\BaseShader.obj
         .\Debug\.\ShaderDLL.obj
         .\Debug\.\shaderlib_cvar.obj
         shaderlib_sdk.vcxproj -> C:\Users\Alex\My Code\bliink\materialsystem\shaderlib\.\Debug\.\shaderlib.lib
       FinalizeBuildStatus:
         Deleting file ".\Debug\.\shaderlib.unsuccessfulbuild".
         Touching ".\Debug\.\shaderlib.lastbuildstate".
     1>Done Building Project "C:\Users\Alex\My Code\bliink\materialsystem\shaderlib\shaderlib_sdk.vcxproj" (build target(s)).

Build succeeded.

Time Elapsed 00:00:12.54
