PRT1
298
952
4 0 3 (2528 2048 160 ) (2528 2048 1844 ) (2048 2048 1844 ) (2048 2048 160 ) 
4 0 1 (2048 2048 160 ) (2048 2048 1844 ) (2048 2848 1844 ) (2048 2848 160 ) 
4 1 5 (2048 2048 160 ) (2048 2048 1844 ) (1024 2048 1844 ) (1024 2048 160 ) 
4 1 2 (1024 2048 160 ) (1024 2048 1844 ) (1024 2848 1844 ) (1024 2848 160 ) 
4 2 70 (0 2048 160 ) (0 2048 1844 ) (0 2848 1844 ) (0 2848 160 ) 
4 2 15 (0 2048 400 ) (0 2048 160 ) (432 2048 160 ) (432 2048 400 ) 
4 2 12 (432 2048 1844 ) (0 2048 1844 ) (0 2048 400 ) (432 2048 400 ) 
4 2 8 (864 2048 976 ) (432 2048 976 ) (432 2048 160 ) (864 2048 160 ) 
4 2 7 (1024 2048 160 ) (1024 2048 976 ) (864 2048 976 ) (864 2048 160 ) 
4 2 6 (1024 2048 976 ) (1024 2048 1844 ) (432 2048 1844 ) (432 2048 976 ) 
4 3 5 (2048 2048 1844 ) (2048 2048 160 ) (2048 1024 160 ) (2048 1024 1844 ) 
4 3 4 (2528 1024 160 ) (2528 1024 1844 ) (2048 1024 1844 ) (2048 1024 160 ) 
4 4 140 (2528 0 160 ) (2528 0 1844 ) (2048 0 1844 ) (2048 0 160 ) 
4 4 24 (2048 0 160 ) (2048 0 400 ) (2048 384 400 ) (2048 384 160 ) 
4 4 22 (2048 0 400 ) (2048 0 1844 ) (2048 384 1844 ) (2048 384 400 ) 
4 4 21 (2048 1024 400 ) (2048 1024 160 ) (2048 384 160 ) (2048 384 400 ) 
4 4 19 (2048 1024 976 ) (2048 1024 400 ) (2048 384 400 ) (2048 384 976 ) 
4 4 18 (2048 384 1844 ) (2048 1024 1844 ) (2048 1024 976 ) (2048 384 976 ) 
4 5 21 (2048 1024 160 ) (2048 1024 400 ) (1024 1024 400 ) (1024 1024 160 ) 
4 5 20 (1248 1024 976 ) (1024 1024 976 ) (1024 1024 400 ) (1248 1024 400 ) 
4 5 19 (2048 1024 400 ) (2048 1024 976 ) (1248 1024 976 ) (1248 1024 400 ) 
4 5 18 (2048 1024 976 ) (2048 1024 1844 ) (1024 1024 1844 ) (1024 1024 976 ) 
4 5 10 (1024 1248 160 ) (1024 1024 160 ) (1024 1024 976 ) (1024 1248 976 ) 
4 5 7 (1024 2048 976 ) (1024 2048 160 ) (1024 1248 160 ) (1024 1248 976 ) 
4 5 6 (1024 2048 1844 ) (1024 2048 976 ) (1024 1024 976 ) (1024 1024 1844 ) 
4 6 26 (864 1024 1844 ) (432 1024 1844 ) (432 1024 976 ) (864 1024 976 ) 
4 6 25 (1024 1024 976 ) (1024 1024 1844 ) (864 1024 1844 ) (864 1024 976 ) 
4 6 13 (432 1024 976 ) (432 1024 1844 ) (432 1248 1844 ) (432 1248 976 ) 
4 6 12 (432 1248 1844 ) (432 2048 1844 ) (432 2048 976 ) (432 1248 976 ) 
4 6 10 (1024 1024 976 ) (864 1024 976 ) (864 1248 976 ) (1024 1248 976 ) 
4 6 8 (432 1632 976 ) (432 2048 976 ) (864 2048 976 ) (864 1632 976 ) 
4 6 7 (864 2048 976 ) (1024 2048 976 ) (1024 1248 976 ) (864 1248 976 ) 
4 7 10 (864 1248 160 ) (1024 1248 160 ) (1024 1248 976 ) (864 1248 976 ) 
4 7 9 (864 1632 160 ) (864 1248 160 ) (864 1248 400 ) (864 1632 400 ) 
4 7 8 (864 2048 160 ) (864 1632 160 ) (864 1632 976 ) (864 2048 976 ) 
4 8 15 (432 2048 400 ) (432 2048 160 ) (432 1632 160 ) (432 1632 400 ) 
4 8 12 (432 1632 976 ) (432 2048 976 ) (432 2048 400 ) (432 1632 400 ) 
4 8 9 (432 1632 160 ) (864 1632 160 ) (864 1632 400 ) (432 1632 400 ) 
4 9 16 (432 1632 376 ) (432 1632 160 ) (432 1248 160 ) (432 1248 376 ) 
4 9 11 (432 1248 160 ) (864 1248 160 ) (864 1248 400 ) (432 1248 400 ) 
4 10 67 (1024 1024 160 ) (1024 1024 400 ) (864 1024 400 ) (864 1024 160 ) 
4 10 32 (1024 1024 400 ) (1024 1024 688 ) (864 1024 688 ) (864 1024 400 ) 
4 10 25 (1024 1024 688 ) (1024 1024 976 ) (864 1024 976 ) (864 1024 688 ) 
4 10 11 (864 1248 688 ) (864 1248 160 ) (864 1024 160 ) (864 1024 688 ) 
4 11 68 (432 1024 400 ) (432 1024 160 ) (864 1024 160 ) (864 1024 400 ) 
4 11 33 (432 1024 688 ) (432 1024 400 ) (864 1024 400 ) (864 1024 688 ) 
4 11 17 (432 1024 160 ) (432 1024 400 ) (432 1248 400 ) (432 1248 160 ) 
4 12 82 (0 1248 472 ) (0 1248 784 ) (0 1440 784 ) (0 1440 472 ) 
4 12 81 (0 2048 784 ) (0 2048 400 ) (0 1920 400 ) (0 1920 784 ) 
4 12 73 (0 1440 784 ) (0 1248 784 ) (0 1248 1187.205933 ) (0 1680.002319 928.001465 ) 
5 12 72 (0 1248 1844 ) (0 2048 1844 ) (0 2048 784 ) (0 1920.001831 784 ) (0 1248 1187.205933 ) 
4 12 15 (0 1632 400 ) (0 2048 400 ) (432 2048 400 ) (432 1632 400 ) 
4 12 13 (432 1248 784 ) (432 1248 1844 ) (0 1248 1844 ) (0 1248 784 ) 
4 13 76 (0 1024 952 ) (0 1024 976 ) (0 1248 976 ) (0 1248 784 ) 
4 13 75 (0 1024 976 ) (0 1024 1844 ) (0 1248 1844 ) (0 1248 976 ) 
4 13 27 (432 1024 952 ) (432 1024 1844 ) (0 1024 1844 ) (0 1024 952 ) 
4 13 14 (432 1056 928 ) (432 1024 952 ) (0 1024 952 ) (0 1056 928 ) 
3 14 77 (0 1024 904 ) (0 1024 952 ) (0 1056 928 ) 
4 14 27 (432 1024 904 ) (432 1024 952 ) (0 1024 952 ) (0 1024 904 ) 
4 15 91 (0 2048 376 ) (0 2048 160 ) (0 1632 160 ) (0 1632 376 ) 
4 15 88 (0 1632 400 ) (0 2048 400 ) (0 2048 376 ) (0 1632 376 ) 
4 15 16 (0 1632 160 ) (432 1632 160 ) (432 1632 376 ) (0 1632 376 ) 
4 16 91 (0 1632 376 ) (0 1632 160 ) (0 1248 160 ) (0 1248 376 ) 
4 16 17 (0 1248 160 ) (432 1248 160 ) (432 1248 376 ) (0 1248 376 ) 
4 17 91 (0 1024 160 ) (0 1024 376 ) (0 1248 376 ) (0 1248 160 ) 
4 17 88 (0 1024 376 ) (0 1024 400 ) (0 1248 400 ) (0 1248 376 ) 
4 17 68 (432 1024 160 ) (432 1024 400 ) (0 1024 400 ) (0 1024 160 ) 
4 18 28 (1024 864 976 ) (1024 384 976 ) (1024 384 1844 ) (1024 864 1844 ) 
4 18 25 (1024 1024 1844 ) (1024 1024 976 ) (1024 864 976 ) (1024 864 1844 ) 
4 18 23 (1248 384 1844 ) (1024 384 1844 ) (1024 384 976 ) (1248 384 976 ) 
4 18 22 (2048 384 976 ) (2048 384 1844 ) (1248 384 1844 ) (1248 384 976 ) 
4 18 20 (1024 864 976 ) (1024 1024 976 ) (1248 1024 976 ) (1248 864 976 ) 
4 18 19 (2048 384 976 ) (1248 384 976 ) (1248 1024 976 ) (2048 1024 976 ) 
4 19 22 (2048 384 400 ) (2048 384 976 ) (1248 384 976 ) (1248 384 400 ) 
4 19 21 (2048 384 400 ) (1248 384 400 ) (1248 1024 400 ) (2048 1024 400 ) 
4 19 20 (1248 1024 400 ) (1248 864 400 ) (1248 864 976 ) (1248 1024 976 ) 
4 20 32 (1024 1024 688 ) (1024 1024 400 ) (1024 864 400 ) (1024 864 688 ) 
4 20 25 (1024 1024 976 ) (1024 1024 688 ) (1024 864 688 ) (1024 864 976 ) 
4 20 21 (1024 864 400 ) (1024 1024 400 ) (1248 1024 400 ) (1248 864 400 ) 
4 21 67 (1024 1024 400 ) (1024 1024 160 ) (1024 384 160 ) (1024 384 400 ) 
4 21 24 (2048 384 160 ) (2048 384 400 ) (1024 384 400 ) (1024 384 160 ) 
4 22 143 (2048 0 400 ) (2048 0 976 ) (1248 0 976 ) (1248 0 400 ) 
4 22 142 (2048 0 976 ) (2048 0 1844 ) (1248 0 1844 ) (1248 0 976 ) 
4 22 24 (2048 0 400 ) (1248 0 400 ) (1248 384 400 ) (2048 384 400 ) 
4 22 23 (1248 0 688 ) (1248 0 1844 ) (1248 384 1844 ) (1248 384 784 ) 
4 23 144 (1024 0 976 ) (1024 0 688 ) (1056 0 688 ) (1056 0 976 ) 
4 23 142 (1248 0 1844 ) (1024 0 1844 ) (1024 0 976 ) (1248 0 976 ) 
4 23 30 (1024 0 688 ) (1024 0 1844 ) (1024 384 1844 ) (1024 384 784 ) 
4 24 148 (1024 0 352 ) (1024 0 160 ) (1056 0 160 ) (1056 0 352 ) 
4 24 147 (2048 0 160 ) (2048 0 400 ) (1056 0 400 ) (1056 0 160 ) 
4 24 67 (1024 0 160 ) (1024 0 400 ) (1024 384 400 ) (1024 384 160 ) 
4 25 32 (1024 1024 688 ) (1024 864 688 ) (864 864 688 ) (864 1024 688 ) 
4 25 28 (1024 864 976 ) (1024 864 1844 ) (864 864 1844 ) (864 864 976 ) 
4 25 26 (864 864 976 ) (864 864 1844 ) (864 1024 1844 ) (864 1024 976 ) 
4 26 28 (864 864 976 ) (864 864 1844 ) (432 864 1844 ) (432 864 976 ) 
4 26 27 (432 864 976 ) (432 864 1844 ) (432 1024 1844 ) (432 1024 976 ) 
4 27 96 (0 1024 1844 ) (0 1024 904 ) (0 864 784 ) (0 864 1844 ) 
4 27 29 (0 864 976 ) (0 864 784 ) (432 864 784 ) (432 864 976 ) 
4 27 28 (0 864 1844 ) (0 864 976 ) (432 864 976 ) (432 864 1844 ) 
4 28 100 (0 864 1844 ) (0 864 976 ) (0 384 976 ) (0 384 1844 ) 
4 28 30 (1024 384 976 ) (1024 384 1844 ) (864 384 1844 ) (864 384 976 ) 
4 28 31 (864 384 1844 ) (0 384 1844 ) (0 384 976 ) (864 384 976 ) 
4 28 29 (432 384 976 ) (0 384 976 ) (0 864 976 ) (432 864 976 ) 
4 29 106 (0 384 778.893005 ) (0 384 874.893005 ) (0 408 874.893005 ) (0 408 778.893005 ) 
4 29 109 (0 408 688 ) (0 384 688 ) (0 384 778.893005 ) (0 408 778.893005 ) 
4 29 101 (0 864 874.893005 ) (0 864 688 ) (0 408 688 ) (0 408 874.893005 ) 
4 29 100 (0 864 976 ) (0 864 874.893005 ) (0 384 874.893005 ) (0 384 976 ) 
4 29 48 (96 672 688 ) (96 864 688 ) (288 864 688 ) (288 672 688 ) 
4 29 49 (288 384 688 ) (96 384 688 ) (96 480 688 ) (288 480 688 ) 
4 29 47 (432 384 688 ) (288 384 688 ) (288 864 688 ) (432 864 688 ) 
4 29 50 (96 384 688 ) (0 384 688 ) (0 864 688 ) (96 864 688 ) 
4 29 31 (0 384 688 ) (432 384 688 ) (432 384 976 ) (0 384 976 ) 
4 30 155 (1024 0 688 ) (1024 0 976 ) (864 0 976 ) (864 0 688 ) 
4 30 154 (1024 0 976 ) (1024 0 1844 ) (864 0 1844 ) (864 0 976 ) 
4 30 31 (864 0 1844 ) (864 384 1844 ) (864 384 784 ) (864 0 688 ) 
4 31 166 (0 0 976 ) (0 0 688 ) (192 0 688 ) (192 0 976 ) 
4 31 165 (192 0 688 ) (288 0 688 ) (288 0 976 ) (192 0 976 ) 
4 31 163 (288 0 688 ) (384 0 688 ) (384 0 976 ) (288 0 976 ) 
4 31 162 (384 0 688 ) (432 0 688 ) (432 0 976 ) (384 0 976 ) 
4 31 156 (432 0 688 ) (528 0 688 ) (528 0 976 ) (432 0 976 ) 
4 31 155 (528 0 688 ) (864 0 688 ) (864 0 976 ) (528 0 976 ) 
4 31 154 (864 0 1844 ) (0 0 1844 ) (0 0 976 ) (864 0 976 ) 
4 31 119 (0 0 688 ) (0 0 1844 ) (0 192 1844 ) (0 192 688 ) 
4 31 118 (0 192 1844 ) (0 384 1844 ) (0 384 688 ) (0 192 688 ) 
4 31 49 (288 0 688 ) (96 0 688 ) (96 384 688 ) (288 384 688 ) 
4 31 47 (432 0 688 ) (288 0 688 ) (288 384 688 ) (432 384 688 ) 
4 31 50 (96 0 688 ) (0 0 688 ) (0 384 688 ) (96 384 688 ) 
4 31 46 (624 0 688 ) (432 0 688 ) (432 384 688 ) (624 384 688 ) 
4 31 45 (672 0 688 ) (624 0 688 ) (624 384 688 ) (672 384 688 ) 
4 31 37 (864 0 688 ) (672 0 688 ) (672 384 688 ) (864 384 688 ) 
4 32 67 (864 1024 400 ) (1024 1024 400 ) (1024 864 400 ) (864 864 400 ) 
4 32 34 (864 888 400 ) (864 864 400 ) (864 864 496 ) (864 888 496 ) 
4 32 33 (864 1024 400 ) (864 888 400 ) (864 888 688 ) (864 1024 688 ) 
4 33 68 (432 1024 400 ) (864 1024 400 ) (864 888 400 ) (432 888 400 ) 
4 33 34 (432 888 496 ) (432 888 400 ) (864 888 400 ) (864 888 496 ) 
4 34 68 (864 888 400 ) (864 864 400 ) (432 864 400 ) (432 888 400 ) 
4 35 39 (672 864 688 ) (672 864 640 ) (672 576 640 ) (672 576 688 ) 
4 35 38 (672 576 640 ) (672 864 640 ) (864 864 640 ) (864 576 640 ) 
4 36 44 (672 568 640 ) (672 392 640 ) (672 392 688 ) (672 568 688 ) 
4 36 38 (672 392 640 ) (672 568 640 ) (864 568 640 ) (864 392 640 ) 
4 37 155 (864 0 688 ) (672 0 688 ) (672 0 640 ) (864 0 640 ) 
4 37 45 (672 384 640 ) (672 0 640 ) (672 0 688 ) (672 384 688 ) 
4 37 38 (672 0 640 ) (672 384 640 ) (864 384 640 ) (864 0 640 ) 
4 38 155 (672 0 640 ) (672 0 496 ) (864 0 496 ) (864 0 640 ) 
4 38 61 (864 0 496 ) (672 0 496 ) (672 288 496 ) (864 288 496 ) 
4 38 45 (672 384 496 ) (672 0 496 ) (672 0 640 ) (672 384 640 ) 
4 38 44 (672 568 496 ) (672 392 496 ) (672 392 640 ) (672 568 640 ) 
4 38 39 (672 864 640 ) (672 864 496 ) (672 576 496 ) (672 576 640 ) 
4 39 40 (648 864 688 ) (648 864 624 ) (648 840 624 ) (648 840 688 ) 
4 39 41 (648 840 496 ) (648 576 496 ) (648 576 688 ) (648 840 688 ) 
4 40 41 (456 840 688 ) (456 840 624 ) (648 840 624 ) (648 840 688 ) 
4 40 42 (456 864 688 ) (456 864 624 ) (456 840 624 ) (456 840 688 ) 
4 41 42 (456 840 496 ) (456 576 496 ) (456 576 688 ) (456 840 688 ) 
4 42 43 (440 816 496 ) (440 624 496 ) (440 624 640 ) (440 816 640 ) 
4 43 47 (432 816 496 ) (432 624 496 ) (432 624 640 ) (432 816 640 ) 
4 45 155 (672 0 688 ) (624 0 688 ) (624 0 496 ) (672 0 496 ) 
4 45 61 (672 0 496 ) (624 0 496 ) (624 288 496 ) (672 288 496 ) 
4 45 46 (624 384 496 ) (624 0 496 ) (624 0 688 ) (624 384 688 ) 
4 46 156 (528 0 688 ) (432 0 688 ) (432 0 496 ) (528 0 496 ) 
4 46 155 (624 0 688 ) (528 0 688 ) (528 0 496 ) (624 0 496 ) 
4 46 63 (528 0 496 ) (432 0 496 ) (432 48 496 ) (528 48 496 ) 
4 46 62 (432 48 496 ) (432 288 496 ) (528 288 496 ) (528 48 496 ) 
4 46 61 (624 0 496 ) (528 0 496 ) (528 288 496 ) (624 288 496 ) 
4 46 58 (432 288 496 ) (432 384 496 ) (624 384 496 ) (624 288 496 ) 
4 46 47 (432 384 496 ) (432 0 496 ) (432 0 688 ) (432 384 688 ) 
4 47 163 (384 0 688 ) (288 0 688 ) (288 0 496 ) (384 0 496 ) 
4 47 162 (432 0 688 ) (384 0 688 ) (384 0 496 ) (432 0 496 ) 
4 47 64 (432 0 496 ) (288 0 496 ) (288 288 496 ) (432 288 496 ) 
4 47 59 (288 288 496 ) (288 384 496 ) (384 384 496 ) (384 288 496 ) 
4 47 58 (384 384 496 ) (432 384 496 ) (432 288 496 ) (384 288 496 ) 
4 47 52 (288 384 496 ) (288 576 496 ) (432 576 496 ) (432 384 496 ) 
4 47 48 (288 864 688 ) (288 864 496 ) (288 672 496 ) (288 672 688 ) 
4 47 49 (288 480 496 ) (288 0 496 ) (288 0 688 ) (288 480 688 ) 
4 48 50 (96 864 688 ) (96 864 496 ) (96 672 496 ) (96 672 688 ) 
4 49 166 (192 0 688 ) (96 0 688 ) (96 0 496 ) (192 0 496 ) 
4 49 165 (288 0 688 ) (192 0 688 ) (192 0 496 ) (288 0 496 ) 
4 49 66 (192 0 496 ) (96 0 496 ) (96 192 496 ) (192 192 496 ) 
4 49 65 (96 192 496 ) (96 288 496 ) (192 288 496 ) (192 192 496 ) 
4 49 64 (288 0 496 ) (192 0 496 ) (192 288 496 ) (288 288 496 ) 
4 49 60 (96 288 496 ) (96 384 496 ) (288 384 496 ) (288 288 496 ) 
4 49 53 (96 384 496 ) (96 480 496 ) (288 480 496 ) (288 384 496 ) 
4 49 50 (96 480 496 ) (96 0 496 ) (96 0 688 ) (96 480 688 ) 
4 50 166 (96 0 688 ) (0 0 688 ) (0 0 496 ) (96 0 496 ) 
4 50 119 (0 0 496 ) (0 0 688 ) (0 192 688 ) (0 192 496 ) 
4 50 118 (0 192 688 ) (0 384 688 ) (0 384 496 ) (0 192 496 ) 
4 50 109 (0 384 688 ) (0 408 688 ) (0 408 496 ) (0 384 496 ) 
4 50 101 (0 408 688 ) (0 864 688 ) (0 864 496 ) (0 408 496 ) 
4 50 66 (96 0 496 ) (0 0 496 ) (0 192 496 ) (96 192 496 ) 
4 50 65 (0 192 496 ) (0 288 496 ) (96 288 496 ) (96 192 496 ) 
4 50 60 (0 288 496 ) (0 384 496 ) (96 384 496 ) (96 288 496 ) 
4 50 56 (0 432 496 ) (0 528 496 ) (48 528 496 ) (48 432 496 ) 
4 50 55 (0 528 496 ) (0 576 496 ) (48 576 496 ) (48 528 496 ) 
4 50 57 (0 384 496 ) (0 432 496 ) (48 432 496 ) (48 384 496 ) 
4 50 54 (48 576 496 ) (96 576 496 ) (96 384 496 ) (48 384 496 ) 
4 50 51 (0 576 496 ) (0 864 496 ) (48 864 496 ) (48 576 496 ) 
4 51 110 (0 864 412 ) (0 864 400 ) (0 576 400 ) (0 576 412 ) 
4 51 101 (0 576 496 ) (0 864 496 ) (0 864 412 ) (0 576 412 ) 
4 51 55 (0 576 400 ) (48 576 400 ) (48 576 496 ) (0 576 496 ) 
4 52 59 (384 384 412 ) (384 384 496 ) (288 384 496 ) (288 384 412 ) 
4 52 58 (384 384 400 ) (432 384 400 ) (432 384 496 ) (384 384 496 ) 
4 52 53 (288 480 400 ) (288 384 400 ) (288 384 496 ) (288 480 496 ) 
4 53 60 (96 384 400 ) (288 384 400 ) (288 384 496 ) (96 384 496 ) 
4 53 54 (96 480 400 ) (96 384 400 ) (96 384 496 ) (96 480 496 ) 
4 54 60 (48 384 400 ) (96 384 400 ) (96 384 496 ) (48 384 496 ) 
4 54 56 (48 432 412 ) (48 432 496 ) (48 528 496 ) (48 528 412 ) 
4 54 55 (48 576 496 ) (48 576 400 ) (48 528 400 ) (48 528 496 ) 
4 54 57 (48 432 400 ) (48 384 400 ) (48 384 496 ) (48 432 496 ) 
4 55 110 (0 576 412 ) (0 576 400 ) (0 528 400 ) (0 528 412 ) 
4 55 101 (0 528 496 ) (0 576 496 ) (0 576 412 ) (0 528 412 ) 
4 55 56 (48 528 412 ) (48 528 496 ) (0 528 496 ) (0 528 412 ) 
4 56 101 (0 432 496 ) (0 528 496 ) (0 528 412 ) (0 432 412 ) 
4 56 57 (48 432 412 ) (48 432 496 ) (0 432 496 ) (0 432 412 ) 
4 57 112 (0 432 412 ) (0 432 400 ) (0 384 400 ) (0 384 412 ) 
4 57 109 (0 384 496 ) (0 408 496 ) (0 408 412 ) (0 384 412 ) 
4 57 101 (0 408 496 ) (0 432 496 ) (0 432 412 ) (0 408 412 ) 
4 57 60 (0 384 400 ) (48 384 400 ) (48 384 496 ) (0 384 496 ) 
4 58 62 (432 288 400 ) (528 288 400 ) (528 288 496 ) (432 288 496 ) 
4 58 61 (528 288 400 ) (624 288 400 ) (624 288 496 ) (528 288 496 ) 
4 58 64 (384 288 400 ) (432 288 400 ) (432 288 496 ) (384 288 496 ) 
4 58 59 (384 384 496 ) (384 384 412 ) (384 288 412 ) (384 288 496 ) 
4 59 64 (384 288 412 ) (384 288 496 ) (288 288 496 ) (288 288 412 ) 
4 59 60 (288 384 496 ) (288 384 412 ) (288 288 412 ) (288 288 496 ) 
4 60 118 (0 288 496 ) (0 384 496 ) (0 384 400 ) (0 288 400 ) 
4 60 65 (0 288 400 ) (192 288 400 ) (192 288 496 ) (0 288 496 ) 
4 60 64 (192 288 400 ) (288 288 400 ) (288 288 496 ) (192 288 496 ) 
4 61 155 (864 0 496 ) (528 0 496 ) (528 0 400 ) (864 0 400 ) 
4 61 63 (528 0 412 ) (528 0 496 ) (528 48 496 ) (528 48 412 ) 
4 61 62 (528 288 496 ) (528 288 400 ) (528 48 400 ) (528 48 496 ) 
4 62 63 (432 48 496 ) (432 48 412 ) (528 48 412 ) (528 48 496 ) 
4 62 64 (432 288 496 ) (432 288 400 ) (432 48 400 ) (432 48 496 ) 
4 63 156 (528 0 496 ) (432 0 496 ) (432 0 412 ) (528 0 412 ) 
4 63 64 (432 0 412 ) (432 0 496 ) (432 48 496 ) (432 48 412 ) 
4 64 165 (288 0 496 ) (192 0 496 ) (192 0 400 ) (288 0 400 ) 
4 64 163 (384 0 496 ) (288 0 496 ) (288 0 400 ) (384 0 400 ) 
4 64 162 (432 0 496 ) (384 0 496 ) (384 0 400 ) (432 0 400 ) 
4 64 66 (192 0 424 ) (192 0 496 ) (192 192 496 ) (192 192 424 ) 
4 64 65 (192 288 496 ) (192 288 400 ) (192 192 400 ) (192 192 496 ) 
4 65 118 (0 192 496 ) (0 288 496 ) (0 288 400 ) (0 192 400 ) 
4 65 66 (192 192 424 ) (192 192 496 ) (0 192 496 ) (0 192 424 ) 
4 66 166 (192 0 496 ) (0 0 496 ) (0 0 424 ) (192 0 424 ) 
4 66 119 (0 0 424 ) (0 0 496 ) (0 192 496 ) (0 192 424 ) 
4 67 187 (1024 0 160 ) (1024 0 352 ) (864 0 352 ) (864 0 160 ) 
4 67 69 (864 864 160 ) (864 0 160 ) (864 0 352 ) (864 864 352 ) 
4 67 68 (864 1024 160 ) (864 864 160 ) (864 864 400 ) (864 1024 400 ) 
4 68 131 (0 864 400 ) (0 1024 400 ) (0 1024 160 ) (0 864 160 ) 
4 68 69 (0 864 160 ) (864 864 160 ) (864 864 352 ) (0 864 352 ) 
4 69 191 (0 0 208 ) (0 0 160 ) (864 0 160 ) (864 0 208 ) 
4 69 188 (0 0 352 ) (0 0 208 ) (864 0 208 ) (864 0 352 ) 
4 69 134 (0 0 160 ) (0 0 352 ) (0 864 352 ) (0 864 160 ) 
4 70 91 (0 2048 160 ) (0 2048 376 ) (-1024 2048 376 ) (-1024 2048 160 ) 
4 70 89 (-192 2048 400 ) (-384 2048 400 ) (-384 2048 376 ) (-192 2048 376 ) 
4 70 88 (0 2048 376 ) (0 2048 400 ) (-192 2048 400 ) (-192 2048 376 ) 
4 70 90 (-384 2048 400 ) (-1024 2048 400 ) (-1024 2048 376 ) (-384 2048 376 ) 
4 70 83 (-384 2048 784 ) (-864 2048 784 ) (-864 2048 400 ) (-384 2048 400 ) 
4 70 85 (-864 2048 784 ) (-1024 2048 784 ) (-1024 2048 400 ) (-864 2048 400 ) 
4 70 81 (0 2048 400 ) (0 2048 784 ) (-384 2048 784 ) (-384 2048 400 ) 
4 70 79 (-864 2048 1844 ) (-1024 2048 1844 ) (-1024 2048 784 ) (-864 2048 784 ) 
4 70 72 (0 2048 784 ) (0 2048 1844 ) (-864 2048 1844 ) (-864 2048 784 ) 
4 70 71 (-1024 2048 160 ) (-1024 2048 1844 ) (-1024 2848 1844 ) (-1024 2848 160 ) 
4 71 95 (-1024 2048 160 ) (-1024 2048 400 ) (-1936 2048 400 ) (-1936 2048 160 ) 
4 71 92 (-1024 2048 400 ) (-1024 2048 1844 ) (-1152 2048 1844 ) (-1152 2048 400 ) 
4 71 94 (-1152 2048 1844 ) (-1936 2048 1844 ) (-1936 2048 400 ) (-1152 2048 400 ) 
4 72 83 (-864 2048 784 ) (-384 2048 784 ) (-384 1920.001831 784 ) (-864 1920.001709 784 ) 
4 72 81 (-384 2048 784 ) (0 2048 784 ) (0 1920.001831 784 ) (-384 1920.001831 784 ) 
5 72 79 (-864 2048 1844 ) (-864 2048 784 ) (-864 1920.001831 784 ) (-864 1248 1187.205933 ) (-864 1248 1844 ) 
4 72 75 (-864 1248 1844 ) (-864 1248 1187.206055 ) (0 1248 1187.205933 ) (0 1248 1844 ) 
3 72 74 (-864 1440.006226 1072 ) (-864 1920 784 ) (-624 1680.003296 928 ) 
5 72 73 (0 1248 1187.205078 ) (-864 1248 1187.205078 ) (-864 1440.006226 1072 ) (-624.001709 1680.001709 928 ) (0 1680.001709 928 ) 
4 73 82 (0 1440 784 ) (0 1248 784 ) (-384 1248 784 ) (-384 1440 784 ) 
3 73 79 (-864 1248 1072 ) (-864 1248 1187.205933 ) (-864 1440.007568 1072 ) 
4 73 76 (-192 1248 784 ) (0 1248 784 ) (0 1248 976 ) (-192 1248 976 ) 
4 73 78 (-384 1248 784 ) (-192 1248 784 ) (-192 1248 976 ) (-384 1248 976 ) 
5 73 75 (-864 1248 1187.206055 ) (-864 1248 1072 ) (-704 1248 976 ) (0 1248 976 ) (0 1248 1187.205933 ) 
5 73 74 (-624 1248 928 ) (-864 1248 1072 ) (-864 1440.009399 1072 ) (-624.003296 1680.003296 928.001953 ) (-624 1680 928 ) 
4 74 79 (-864 1920.001831 784 ) (-864 1248 784 ) (-864 1248 1072 ) (-864 1440.007568 1072 ) 
3 74 75 (-864 1248 1072 ) (-864 1248 976 ) (-704 1248 976 ) 
4 75 99 (-384 1024 1844 ) (-864 1024 1844 ) (-864 1024 976 ) (-384 1024 976 ) 
4 75 97 (-192 1024 1844 ) (-384 1024 1844 ) (-384 1024 976 ) (-192 1024 976 ) 
4 75 96 (0 1024 976 ) (0 1024 1844 ) (-192 1024 1844 ) (-192 1024 976 ) 
4 75 80 (-864 1024 1168 ) (-864 1024 1844 ) (-864 1056 1844 ) (-864 1056 1168 ) 
4 75 79 (-864 1056 1844 ) (-864 1248 1844 ) (-864 1248 976 ) (-864 1056 976 ) 
4 75 76 (0 1024 976 ) (-192 1024 976 ) (-192 1248 976 ) (0 1248 976 ) 
4 75 78 (-192 1024 976 ) (-384 1024 976 ) (-384 1248 976 ) (-192 1248 976 ) 
4 76 96 (0 1024 952 ) (0 1024 976 ) (-192 1024 976 ) (-192 1024 952 ) 
4 76 77 (-192 1024 952 ) (-192 1056 928 ) (0 1056 928 ) (0 1024 952 ) 
4 76 78 (-192 1024 976 ) (-192 1248 976 ) (-192 1248 784 ) (-192 1024 952 ) 
4 77 96 (0 1024 904 ) (0 1024 952 ) (-192 1024 952 ) (-192 1024 904 ) 
3 77 78 (-192 1024 904 ) (-192 1024 952 ) (-192 1056 928 ) 
4 78 97 (-192 1024 976 ) (-384 1024 976 ) (-384 1024 784 ) (-192 1024 784 ) 
4 78 86 (-192 1024 784 ) (-384 1024 784 ) (-384 1248 784 ) (-192 1248 784 ) 
4 79 92 (-1024 1056 1844 ) (-1024 2048 1844 ) (-1024 2048 784 ) (-1024 1056 784 ) 
4 79 87 (-1024 1056 784 ) (-1024 1248 784 ) (-864 1248 784 ) (-864 1056 784 ) 
4 79 85 (-1024 1248 784 ) (-1024 2048 784 ) (-864 2048 784 ) (-864 1248 784 ) 
4 79 80 (-864 1056 1168 ) (-864 1056 1844 ) (-1024 1056 1844 ) (-1024 1056 1168 ) 
4 80 117 (-1024 1024 1844 ) (-1024 1024 1168 ) (-864 1024 1168 ) (-864 1024 1844 ) 
4 80 93 (-1024 1024 1168 ) (-1024 1024 1844 ) (-1024 1056 1844 ) (-1024 1056 1168 ) 
4 81 89 (-384 2048 400 ) (-192 2048 400 ) (-192 1920 400 ) (-384 1920 400 ) 
4 81 88 (-192 2048 400 ) (0 2048 400 ) (0 1920 400 ) (-192 1920 400 ) 
4 81 83 (-384 2048 400 ) (-384 1920 400 ) (-384 1920 784 ) (-384 2048 784 ) 
4 82 86 (-192 1248 784 ) (-384 1248 784 ) (-384 1248 472 ) (-192 1248 472 ) 
4 83 90 (-864 2048 400 ) (-384 2048 400 ) (-384 1632 400 ) (-864 1632 400 ) 
4 83 84 (-864 1632 472 ) (-864 1632 400 ) (-384 1632 400 ) (-384 1632 472 ) 
4 83 85 (-864 2048 400 ) (-864 1632 400 ) (-864 1632 784 ) (-864 2048 784 ) 
4 84 90 (-384 1632 400 ) (-384 1248 400 ) (-864 1248 400 ) (-864 1632 400 ) 
4 84 85 (-864 1632 400 ) (-864 1248 400 ) (-864 1248 472 ) (-864 1632 472 ) 
4 85 92 (-1024 1248 784 ) (-1024 2048 784 ) (-1024 2048 400 ) (-1024 1248 400 ) 
4 85 90 (-1024 1248 400 ) (-1024 2048 400 ) (-864 2048 400 ) (-864 1248 400 ) 
4 85 87 (-1024 1248 400 ) (-864 1248 400 ) (-864 1248 784 ) (-1024 1248 784 ) 
4 86 97 (-192 1024 784 ) (-384 1024 784 ) (-384 1024 472 ) (-192 1024 472 ) 
4 87 92 (-1024 1056 784 ) (-1024 1248 784 ) (-1024 1248 400 ) (-1024 1056 400 ) 
4 87 90 (-1024 1056 400 ) (-1024 1248 400 ) (-864 1248 400 ) (-864 1056 400 ) 
4 88 131 (0 1024 376 ) (0 1024 400 ) (-192 1024 400 ) (-192 1024 376 ) 
4 88 91 (-192 2048 376 ) (0 2048 376 ) (0 1024 376 ) (-192 1024 376 ) 
4 88 89 (-192 2048 376 ) (-192 1152 376 ) (-192 1152 400 ) (-192 2048 400 ) 
4 89 91 (-384 2048 376 ) (-192 2048 376 ) (-192 1152 376 ) (-384 1152 376 ) 
4 89 90 (-384 2048 376 ) (-384 1152 376 ) (-384 1152 400 ) (-384 2048 400 ) 
4 90 133 (-384 1024 400 ) (-1024 1024 400 ) (-1024 1024 376 ) (-384 1024 376 ) 
4 90 95 (-1024 1024 376 ) (-1024 1024 400 ) (-1024 2048 400 ) (-1024 2048 376 ) 
4 90 91 (-1024 1024 376 ) (-1024 2048 376 ) (-384 2048 376 ) (-384 1024 376 ) 
4 91 132 (-192 1024 376 ) (-384 1024 376 ) (-384 1024 160 ) (-192 1024 160 ) 
4 91 131 (0 1024 160 ) (0 1024 376 ) (-192 1024 376 ) (-192 1024 160 ) 
4 91 133 (-384 1024 376 ) (-1024 1024 376 ) (-1024 1024 160 ) (-384 1024 160 ) 
4 91 95 (-1024 1024 160 ) (-1024 1024 376 ) (-1024 2048 376 ) (-1024 2048 160 ) 
4 92 95 (-1152 2048 400 ) (-1024 2048 400 ) (-1024 1056 400 ) (-1152 1056 400 ) 
4 92 93 (-1152 1056 1844 ) (-1152 1056 1168 ) (-1024 1056 1168 ) (-1024 1056 1844 ) 
4 92 94 (-1152 2048 400 ) (-1152 1056 400 ) (-1152 1056 1844 ) (-1152 2048 1844 ) 
4 93 136 (-1024 1024 1168 ) (-1024 1024 1844 ) (-1152 1024 1844 ) (-1152 1024 1168 ) 
4 93 94 (-1152 1024 1168 ) (-1152 1024 1844 ) (-1152 1056 1844 ) (-1152 1056 1168 ) 
4 94 138 (-1152 1024 1844 ) (-1936 1024 1844 ) (-1936 1024 400 ) (-1152 1024 400 ) 
4 94 95 (-1936 1024 400 ) (-1936 2048 400 ) (-1152 2048 400 ) (-1152 1024 400 ) 
4 95 139 (-1024 1024 160 ) (-1024 1024 400 ) (-1936 1024 400 ) (-1936 1024 160 ) 
4 96 101 (0 864 784 ) (0 864 874.893005 ) (-192 864 874.893005 ) (-192 864 784 ) 
4 96 100 (0 864 874.893005 ) (0 864 1844 ) (-192 864 1844 ) (-192 864 874.893005 ) 
4 96 97 (-192 864 784 ) (-192 864 1844 ) (-192 1024 1844 ) (-192 1024 904 ) 
4 97 113 (-192 864 472 ) (-192 864 484 ) (-384 864 556 ) (-384 864 472 ) 
4 97 101 (-192 864 484 ) (-192 864 874.893005 ) (-384 864 874.893005 ) (-384 864 556 ) 
4 97 100 (-192 864 874.893005 ) (-192 864 1844 ) (-384 864 1844 ) (-384 864 874.893005 ) 
4 97 99 (-384 1024 1844 ) (-384 1024 976 ) (-384 864 976 ) (-384 864 1844 ) 
4 97 98 (-384 864 472 ) (-384 1008 472 ) (-192 1008 472 ) (-192 864 472 ) 
4 98 113 (-384 864 400 ) (-192 864 400 ) (-192 864 472 ) (-384 864 472 ) 
4 99 117 (-864 864 1168 ) (-864 864 1844 ) (-864 1024 1844 ) (-864 1024 1168 ) 
4 99 100 (-864 864 1844 ) (-864 864 976 ) (-384 864 976 ) (-384 864 1844 ) 
4 100 128 (-576 384 1844 ) (-864 384 1844 ) (-864 384 976 ) (-576 384 976 ) 
4 100 124 (-432 384 1844 ) (-576 384 1844 ) (-576 384 874.893005 ) (-432 384 874.893005 ) 
4 100 121 (-288 384 1844 ) (-384 384 1844 ) (-384 384 874.893005 ) (-288 384 874.893005 ) 
4 100 123 (-384 384 1844 ) (-432 384 1844 ) (-432 384 874.893005 ) (-384 384 874.893005 ) 
4 100 118 (0 384 874.893005 ) (0 384 1844 ) (-192 384 1844 ) (-192 384 874.893005 ) 
4 100 120 (-192 384 1844 ) (-288 384 1844 ) (-288 384 874.893005 ) (-192 384 874.893005 ) 
4 100 117 (-864 384 1168 ) (-864 384 1844 ) (-864 864 1844 ) (-864 864 1168 ) 
4 100 108 (-832 384 874.893005 ) (-864 384 874.893005 ) (-864 408 874.893005 ) (-832 408 874.893005 ) 
4 100 106 (0 384 874.893005 ) (-656 384 874.893005 ) (-656 408 874.893005 ) (0 408 874.893005 ) 
4 100 107 (-728 384 874.893005 ) (-760 384 874.893005 ) (-760 408 874.893005 ) (-728 408 874.893005 ) 
4 100 103 (-528 696 874.893005 ) (-528 552 874.893005 ) (-672 552 874.893005 ) (-672 696 874.893005 ) 
4 100 102 (-672 864 874.893005 ) (-528 864 874.893005 ) (-528 696 874.893005 ) (-672 696 874.893005 ) 
4 100 104 (-528 552 874.893005 ) (-528 408 874.893005 ) (-672 408 874.893005 ) (-672 552 874.893005 ) 
4 100 101 (-528 864 874.893005 ) (0 864 874.893005 ) (0 408 874.893005 ) (-528 408 874.893005 ) 
4 100 105 (-864 408 874.893005 ) (-864 864 874.893005 ) (-672 864 874.893005 ) (-672 408 874.893005 ) 
4 101 115 (-456 672 583 ) (-456 576 583 ) (-480 576 592 ) (-480 672 592 ) 
4 101 114 (-480 864 592 ) (-456 864 583 ) (-456 672 583 ) (-480 672 592 ) 
4 101 116 (-456 576 583 ) (-456 408 583 ) (-480 408 592 ) (-480 576 592 ) 
4 101 113 (-456 864 583 ) (-48 864 430 ) (-48 408 430 ) (-456 408 583 ) 
4 101 111 (0 528 412 ) (0 432 412 ) (-48 432 430 ) (-48 528 430 ) 
4 101 110 (-48 864 430 ) (0 864 412 ) (0 528 412 ) (-48 528 430 ) 
4 101 112 (0 432 412 ) (0 408 412 ) (-48 408 430 ) (-48 432 430 ) 
4 101 106 (0 408 874.893005 ) (-528 408 874.893005 ) (-528 408 778.893005 ) (0 408 778.893005 ) 
4 101 109 (-528 408 778.893005 ) (-528 408 610 ) (0 408 412 ) (0 408 778.893005 ) 
4 101 103 (-528 552 784 ) (-528 552 874.893005 ) (-528 696 874.893005 ) (-528 696 784 ) 
4 101 102 (-528 864 610 ) (-528 696 610 ) (-528 696 874.893005 ) (-528 864 874.893005 ) 
4 101 104 (-528 552 610 ) (-528 408 610 ) (-528 408 874.893005 ) (-528 552 874.893005 ) 
4 102 103 (-672 696 874.893005 ) (-672 696 784 ) (-528 696 784 ) (-528 696 874.893005 ) 
4 102 105 (-672 864 664 ) (-672 696 664 ) (-672 696 874.893005 ) (-672 864 874.893005 ) 
4 103 105 (-672 552 784 ) (-672 552 874.893005 ) (-672 696 874.893005 ) (-672 696 784 ) 
4 103 104 (-672 552 874.893005 ) (-672 552 784 ) (-528 552 784 ) (-528 552 874.893005 ) 
4 104 106 (-528 408 874.893005 ) (-656 408 874.893005 ) (-656 408 778.893005 ) (-528 408 778.893005 ) 
4 104 109 (-672 408 778.893005 ) (-672 408 664 ) (-528 408 610 ) (-528 408 778.893005 ) 
4 104 105 (-672 552 664 ) (-672 408 664 ) (-672 408 874.893005 ) (-672 552 874.893005 ) 
4 105 108 (-832 408 874.893005 ) (-864 408 874.893005 ) (-864 408 778.893005 ) (-832 408 778.893005 ) 
4 105 107 (-728 408 874.893005 ) (-760 408 874.893005 ) (-760 408 778.893005 ) (-728 408 778.893005 ) 
4 105 109 (-864 408 778.893005 ) (-864 408 736 ) (-672 408 664 ) (-672 408 778.893005 ) 
4 106 124 (-432 384 874.893005 ) (-576 384 874.893005 ) (-576 384 784 ) (-432 384 784 ) 
4 106 121 (-288 384 874.893005 ) (-384 384 874.893005 ) (-384 384 778.893005 ) (-288 384 778.893005 ) 
4 106 123 (-384 384 874.893005 ) (-432 384 874.893005 ) (-432 384 778.893005 ) (-384 384 778.893005 ) 
4 106 118 (0 384 778.893005 ) (0 384 874.893005 ) (-192 384 874.893005 ) (-192 384 778.893005 ) 
4 106 120 (-192 384 874.893005 ) (-288 384 874.893005 ) (-288 384 778.893005 ) (-192 384 778.893005 ) 
4 106 109 (0 384 778.893005 ) (-656 384 778.893005 ) (-656 408 778.893005 ) (0 408 778.893005 ) 
4 107 109 (-728 384 778.893005 ) (-760 384 778.893005 ) (-760 408 778.893005 ) (-728 408 778.893005 ) 
4 108 109 (-832 384 778.893005 ) (-864 384 778.893005 ) (-864 408 778.893005 ) (-832 408 778.893005 ) 
4 109 121 (-288 384 778.893005 ) (-384 384 778.893005 ) (-384 384 556 ) (-288 384 520 ) 
4 109 123 (-384 384 778.893005 ) (-432 384 778.893005 ) (-432 384 574 ) (-384 384 556 ) 
4 109 118 (0 384 412 ) (0 384 778.893005 ) (-192 384 778.893005 ) (-192 384 484 ) 
4 109 120 (-192 384 778.893005 ) (-288 384 778.893005 ) (-288 384 520 ) (-192 384 484 ) 
4 109 116 (-456 384 583 ) (-480 384 592 ) (-480 408 592 ) (-456 408 583 ) 
4 109 113 (-48 384 430 ) (-456 384 583 ) (-456 408 583 ) (-48 408 430 ) 
4 109 112 (0 384 412 ) (-48 384 430 ) (-48 408 430 ) (0 408 412 ) 
4 110 113 (-48 528 430.001984 ) (-48 864 430.001984 ) (-48 864 400 ) (-48 528 400 ) 
4 110 111 (-48 528 430.003906 ) (-48 528 412 ) (0 528 412 ) (0 528 412.004211 ) 
4 111 113 (-48 432 430.001984 ) (-48 528 430.001984 ) (-48 528 412 ) (-48 432 412 ) 
4 111 112 (-48 432 430.003906 ) (-48 432 412 ) (0 432 412 ) (0 432 412.004211 ) 
4 112 118 (-48 384 400 ) (0 384 400 ) (0 384 412 ) (-48 384 430 ) 
4 112 113 (-48 384 400 ) (-48 384 430.001984 ) (-48 432 430.001984 ) (-48 432 400 ) 
4 113 121 (-288 384 412 ) (-288 384 520 ) (-384 384 556 ) (-384 384 412 ) 
4 113 123 (-432 384 400 ) (-384 384 400 ) (-384 384 556 ) (-432 384 574 ) 
4 113 118 (-192 384 400 ) (-48 384 400 ) (-48 384 430 ) (-192 384 484 ) 
4 113 120 (-288 384 400 ) (-192 384 400 ) (-192 384 484 ) (-288 384 520 ) 
4 113 115 (-456 576 583.001953 ) (-456 672 583.001953 ) (-456 672 520 ) (-456 576 520 ) 
4 113 114 (-456 672 583.001953 ) (-456 864 583.001953 ) (-456 864 400 ) (-456 672 400 ) 
4 113 116 (-456 384 400 ) (-456 384 583.001953 ) (-456 576 583.001953 ) (-456 576 400 ) 
4 114 115 (-480 672 592 ) (-480 672 520 ) (-456 672 520 ) (-456 672 583 ) 
4 115 116 (-480 576 592 ) (-480 576 520 ) (-456 576 520 ) (-456 576 583 ) 
4 117 136 (-1024 1024 1844 ) (-1024 1024 1168 ) (-1024 384 1168 ) (-1024 384 1844 ) 
4 117 129 (-1024 384 1844 ) (-1024 384 1168 ) (-864 384 1168 ) (-864 384 1844 ) 
4 118 119 (-192 192 1844 ) (-192 192 424 ) (0 192 424 ) (0 192 1844 ) 
4 118 120 (-192 192 1844 ) (-192 384 1844 ) (-192 384 400 ) (-192 192 400 ) 
4 119 225 (0 0 424 ) (0 0 616 ) (-192 0 616 ) (-192 0 424 ) 
4 119 220 (0 0 616 ) (0 0 712 ) (-192 0 712 ) (-192 0 616 ) 
4 119 219 (0 0 712 ) (0 0 1844 ) (-192 0 1844 ) (-192 0 712 ) 
4 119 120 (-192 0 1844 ) (-192 192 1844 ) (-192 192 424 ) (-192 0 424 ) 
4 120 227 (-288 0 616 ) (-288 0 400 ) (-192 0 400 ) (-192 0 616 ) 
4 120 220 (-288 0 712 ) (-288 0 616 ) (-192 0 616 ) (-192 0 712 ) 
4 120 219 (-192 0 1844 ) (-288 0 1844 ) (-288 0 712 ) (-192 0 712 ) 
4 120 121 (-288 288 1844 ) (-288 384 1844 ) (-288 384 412 ) (-288 288 412 ) 
4 120 122 (-288 0 1844 ) (-288 288 1844 ) (-288 288 400 ) (-288 0 400 ) 
4 121 122 (-384 288 1844 ) (-384 288 412 ) (-288 288 412 ) (-288 288 1844 ) 
4 121 123 (-384 288 1844 ) (-384 384 1844 ) (-384 384 412 ) (-384 288 412 ) 
4 122 228 (-384 0 616 ) (-384 0 400 ) (-288 0 400 ) (-288 0 616 ) 
4 122 220 (-384 0 712 ) (-384 0 616 ) (-288 0 616 ) (-288 0 712 ) 
4 122 219 (-288 0 1844 ) (-384 0 1844 ) (-384 0 712 ) (-288 0 712 ) 
4 122 123 (-384 0 1844 ) (-384 288 1844 ) (-384 288 400 ) (-384 0 400 ) 
4 123 230 (-432 0 616 ) (-432 0 400 ) (-384 0 400 ) (-384 0 616 ) 
4 123 220 (-432 0 712 ) (-432 0 616 ) (-384 0 616 ) (-384 0 712 ) 
4 123 219 (-384 0 1844 ) (-432 0 1844 ) (-432 0 712 ) (-384 0 712 ) 
4 123 126 (-432 0 412 ) (-432 0 784 ) (-432 48 784 ) (-432 48 412 ) 
4 123 125 (-432 144 400 ) (-432 48 400 ) (-432 48 784 ) (-432 144 784 ) 
4 123 124 (-432 384 1844 ) (-432 384 784 ) (-432 0 784 ) (-432 0 1844 ) 
4 124 219 (-576 0 1844 ) (-576 0 784 ) (-432 0 784 ) (-432 0 1844 ) 
4 124 128 (-576 384 1844 ) (-576 384 976 ) (-576 0 976 ) (-576 0 1844 ) 
4 124 126 (-432 48 784 ) (-432 0 784 ) (-528 0 784 ) (-528 48 784 ) 
4 124 125 (-528 144 784 ) (-432 144 784 ) (-432 48 784 ) (-528 48 784 ) 
4 124 127 (-576 0 784 ) (-576 144 784 ) (-528 144 784 ) (-528 0 784 ) 
4 125 126 (-528 48 784 ) (-528 48 412 ) (-432 48 412 ) (-432 48 784 ) 
4 125 127 (-528 144 784 ) (-528 144 400 ) (-528 48 400 ) (-528 48 784 ) 
4 126 231 (-432 0 412 ) (-432 0 616 ) (-528 0 616 ) (-528 0 412 ) 
4 126 220 (-432 0 616 ) (-432 0 712 ) (-528 0 712 ) (-528 0 616 ) 
4 126 219 (-432 0 712 ) (-432 0 784 ) (-528 0 784 ) (-528 0 712 ) 
4 126 127 (-528 0 412 ) (-528 0 784 ) (-528 48 784 ) (-528 48 412 ) 
4 127 234 (-576 0 616 ) (-576 0 400 ) (-552 0 400 ) (-552 0 616 ) 
4 127 233 (-552 0 400 ) (-528 0 400 ) (-528 0 616 ) (-552 0 616 ) 
4 127 221 (-576 0 712 ) (-576 0 616 ) (-552 0 616 ) (-552 0 712 ) 
4 127 220 (-552 0 616 ) (-528 0 616 ) (-528 0 712 ) (-552 0 712 ) 
4 127 219 (-576 0 784 ) (-576 0 712 ) (-528 0 712 ) (-528 0 784 ) 
3 128 239 (-720 0 976 ) (-576 0 976 ) (-576 0 1072 ) 
5 128 238 (-864 0 1844 ) (-864 0 976 ) (-720 0 976 ) (-576 0 1072 ) (-576 0 1844 ) 
4 128 129 (-864 384 1844 ) (-864 384 1168 ) (-864 192 1168 ) (-864 192 1844 ) 
4 128 130 (-864 192 976 ) (-864 0 976 ) (-864 0 1844 ) (-864 192 1844 ) 
4 129 136 (-1024 192 1168 ) (-1024 192 1844 ) (-1024 384 1844 ) (-1024 384 1168 ) 
4 129 130 (-864 192 1168 ) (-864 192 1844 ) (-1024 192 1844 ) (-1024 192 1168 ) 
4 130 244 (-1024 0 688 ) (-1024 0 664 ) (-960 0 664 ) (-960 0 688 ) 
4 130 243 (-1024 0 1844 ) (-1024 0 880 ) (-960 0 880 ) (-960 0 1844 ) 
4 130 242 (-864 0 880 ) (-864 0 1844 ) (-960 0 1844 ) (-960 0 880 ) 
4 130 137 (-1024 192 400 ) (-1024 0 400 ) (-1024 0 1844 ) (-1024 192 1844 ) 
4 130 135 (-864 0 400 ) (-1024 0 400 ) (-1024 192 400 ) (-864 192 400 ) 
4 131 134 (0 864 160 ) (0 864 352 ) (-192 864 352 ) (-192 864 160 ) 
4 131 132 (-192 1024 160 ) (-192 864 160 ) (-192 864 376 ) (-192 1024 376 ) 
4 132 134 (-384 864 352 ) (-384 864 160 ) (-192 864 160 ) (-192 864 352 ) 
4 132 133 (-384 1024 160 ) (-384 864 160 ) (-384 864 376 ) (-384 1024 376 ) 
4 133 139 (-1024 1024 400 ) (-1024 1024 160 ) (-1024 864 160 ) (-1024 864 400 ) 
4 133 134 (-576 864 352 ) (-576 864 160 ) (-384 864 160 ) (-384 864 352 ) 
4 133 135 (-576 864 400 ) (-1024 864 400 ) (-1024 864 160 ) (-576 864 160 ) 
4 134 237 (0 0 160 ) (0 0 352 ) (-576 0 352 ) (-576 0 160 ) 
4 134 135 (-576 864 352 ) (-576 864 160 ) (-576 0 160 ) (-576 0 352 ) 
4 135 245 (-1024 0 208 ) (-1024 0 160 ) (-864 0 160 ) (-864 0 208 ) 
4 135 240 (-576 0 400 ) (-864 0 400 ) (-864 0 160 ) (-576 0 160 ) 
4 135 139 (-1024 0 160 ) (-1024 0 400 ) (-1024 864 400 ) (-1024 864 160 ) 
4 136 137 (-1152 192 1844 ) (-1152 192 1168 ) (-1024 192 1168 ) (-1024 192 1844 ) 
4 136 138 (-1152 192 1168 ) (-1152 192 1844 ) (-1152 1024 1844 ) (-1152 1024 1168 ) 
4 137 286 (-1024 0 664 ) (-1024 0 688 ) (-1152 0 688 ) (-1152 0 664 ) 
4 137 281 (-1024 0 880 ) (-1024 0 1844 ) (-1152 0 1844 ) (-1152 0 880 ) 
4 137 139 (-1024 192 400 ) (-1024 0 400 ) (-1152 0 400 ) (-1152 192 400 ) 
4 137 138 (-1152 192 400 ) (-1152 0 400 ) (-1152 0 1844 ) (-1152 192 1844 ) 
4 138 287 (-1936 0 688 ) (-1936 0 400 ) (-1152 0 400 ) (-1152 0 688 ) 
4 138 285 (-1248 0 1844 ) (-1936 0 1844 ) (-1936 0 688 ) (-1248 0 688 ) 
4 138 281 (-1152 0 1844 ) (-1248 0 1844 ) (-1248 0 880 ) (-1152 0 880 ) 
4 138 139 (-1936 0 400 ) (-1936 1024 400 ) (-1152 1024 400 ) (-1152 0 400 ) 
4 139 290 (-1024 0 160 ) (-1024 0 208 ) (-1936 0 208 ) (-1936 0 160 ) 
4 139 287 (-1152 0 400 ) (-1936 0 400 ) (-1936 0 208 ) (-1152 0 208 ) 
4 140 152 (2048 -1024 160 ) (2048 -1024 208 ) (2048 -864 208 ) (2048 -864 160 ) 
4 140 150 (2048 -1024 208 ) (2048 -1024 1844 ) (2048 -864 1844 ) (2048 -864 208 ) 
4 140 147 (2048 0 400 ) (2048 0 160 ) (2048 -864 160 ) (2048 -864 400 ) 
4 140 145 (2048 -864 1844 ) (2048 -384 1844 ) (2048 -384 400 ) (2048 -864 400 ) 
4 140 143 (2048 0 976 ) (2048 0 400 ) (2048 -384 400 ) (2048 -384 976 ) 
4 140 142 (2048 -384 1844 ) (2048 0 1844 ) (2048 0 976 ) (2048 -384 976 ) 
4 140 141 (2528 -1024 160 ) (2528 -1024 1844 ) (2048 -1024 1844 ) (2048 -1024 160 ) 
4 141 216 (2528 -2048 160 ) (2528 -2048 1844 ) (2048 -2048 1844 ) (2048 -2048 160 ) 
4 141 203 (2048 -2048 160 ) (2048 -2048 184 ) (2048 -1024 184 ) (2048 -1024 160 ) 
4 141 201 (2048 -2048 184 ) (2048 -2048 208 ) (2048 -1024 208 ) (2048 -1024 184 ) 
4 141 198 (2048 -2048 208 ) (2048 -2048 1844 ) (2048 -1024 1844 ) (2048 -1024 208 ) 
4 142 154 (1024 0 1844 ) (1024 0 976 ) (1024 -384 976 ) (1024 -384 1844 ) 
4 142 146 (1152 -384 1844 ) (1024 -384 1844 ) (1024 -384 976 ) (1152 -384 976 ) 
4 142 145 (2048 -384 976 ) (2048 -384 1844 ) (1152 -384 1844 ) (1152 -384 976 ) 
3 142 144 (1024 -32 976 ) (1024 0 976 ) (1056 0 976 ) 
4 142 143 (2048 -384 976 ) (1632 -384 976 ) (1248 0 976 ) (2048 0 976 ) 
4 143 147 (1248 0 400 ) (2048 0 400 ) (2048 -384 400 ) (1632 -384 400 ) 
4 143 145 (1632 -384 400 ) (2048 -384 400 ) (2048 -384 976 ) (1632 -384 976 ) 
4 144 155 (1024 0 976 ) (1024 0 400 ) (1024 -32 400 ) (1024 -32 976 ) 
4 145 150 (2048 -864 400 ) (2048 -864 1844 ) (1152 -864 1844 ) (1152 -864 400 ) 
4 145 147 (2048 -864 400 ) (1152 -864 400 ) (1152 -384 400 ) (2048 -384 400 ) 
4 145 146 (1152 -864 1844 ) (1152 -384 1844 ) (1152 -384 976 ) (1152 -864 976 ) 
4 146 168 (1024 -864 976 ) (1024 -864 1844 ) (1024 -384 1844 ) (1024 -384 976 ) 
4 146 151 (1152 -864 1844 ) (1024 -864 1844 ) (1024 -864 976 ) (1152 -864 976 ) 
4 147 153 (1056 -864 184 ) (1056 -864 160 ) (1152 -864 160 ) (1152 -864 184 ) 
4 147 152 (2048 -864 160 ) (2048 -864 208 ) (1152 -864 208 ) (1152 -864 160 ) 
4 147 150 (2048 -864 208 ) (2048 -864 400 ) (1152 -864 400 ) (1152 -864 208 ) 
4 147 148 (1056 0 160 ) (1056 -192 160 ) (1056 -192 352 ) (1056 0 352 ) 
4 147 149 (1056 -192 160 ) (1056 -864 160 ) (1056 -864 400 ) (1056 -192 400 ) 
4 148 187 (1024 0 352 ) (1024 0 160 ) (1024 -192 160 ) (1024 -192 352 ) 
4 148 149 (1024 -192 160 ) (1056 -192 160 ) (1056 -192 352 ) (1024 -192 352 ) 
4 149 187 (1024 -864 160 ) (1024 -864 352 ) (1024 -192 352 ) (1024 -192 160 ) 
4 149 186 (1024 -864 352 ) (1024 -864 400 ) (1024 -192 400 ) (1024 -192 352 ) 
4 149 153 (1024 -864 184 ) (1024 -864 160 ) (1056 -864 160 ) (1056 -864 184 ) 
4 150 198 (2048 -1024 208 ) (2048 -1024 1844 ) (1152 -1024 1844 ) (1152 -1024 208 ) 
4 150 152 (1152 -864 208 ) (2048 -864 208 ) (2048 -1024 208 ) (1152 -1024 208 ) 
4 150 151 (1152 -1024 624 ) (1152 -1024 1844 ) (1152 -864 1844 ) (1152 -864 688 ) 
4 151 199 (1152 -1024 1844 ) (1024 -1024 1844 ) (1024 -1024 624 ) (1152 -1024 624 ) 
4 151 182 (1024 -1024 624 ) (1024 -1024 1844 ) (1024 -864 1844 ) (1024 -864 688 ) 
4 152 203 (2048 -1024 160 ) (2048 -1024 184 ) (1152 -1024 184 ) (1152 -1024 160 ) 
4 152 201 (2048 -1024 184 ) (2048 -1024 208 ) (1152 -1024 208 ) (1152 -1024 184 ) 
4 152 153 (1152 -864 160 ) (1152 -1024 160 ) (1152 -1024 184 ) (1152 -864 184 ) 
4 153 203 (1024 -1024 184 ) (1024 -1024 160 ) (1152 -1024 160 ) (1152 -1024 184 ) 
4 153 197 (1024 -1024 160 ) (1024 -1024 184 ) (1024 -864 184 ) (1024 -864 160 ) 
4 154 219 (0 0 1844 ) (0 0 976 ) (0 -384 976 ) (0 -384 1844 ) 
4 154 179 (48 -384 1844 ) (0 -384 1844 ) (0 -384 976 ) (48 -384 976 ) 
4 154 175 (288 -384 1844 ) (192 -384 1844 ) (192 -384 976 ) (288 -384 976 ) 
4 154 178 (192 -384 1844 ) (48 -384 1844 ) (48 -384 976 ) (192 -384 976 ) 
4 154 169 (672 -384 1844 ) (288 -384 1844 ) (288 -384 976 ) (672 -384 976 ) 
4 154 168 (1024 -384 976 ) (1024 -384 1844 ) (672 -384 1844 ) (672 -384 976 ) 
4 154 166 (0 -192 976 ) (0 0 976 ) (192 0 976 ) (192 -192 976 ) 
4 154 167 (192 -384 976 ) (0 -384 976 ) (0 -192 976 ) (192 -192 976 ) 
4 154 165 (288 -384 976 ) (192 -384 976 ) (192 0 976 ) (288 0 976 ) 
4 154 164 (384 -384 976 ) (288 -384 976 ) (288 -288 976 ) (384 -288 976 ) 
4 154 163 (288 -288 976 ) (288 0 976 ) (384 0 976 ) (384 -288 976 ) 
4 154 162 (432 -384 976 ) (384 -384 976 ) (384 0 976 ) (432 0 976 ) 
4 154 157 (672 -384 976 ) (432 -384 976 ) (432 -48 976 ) (1008 -48 976 ) 
4 154 156 (432 -48 976 ) (432 0 976 ) (528 0 976 ) (528 -48 976 ) 
5 154 155 (528 0 976 ) (1024 0 976 ) (1024 -32 976 ) (1008 -48 976 ) (528 -48 976 ) 
4 155 160 (960 -48 672 ) (768 -48 672 ) (768 -48 544 ) (960 -48 544 ) 
4 155 159 (1008 -48 544 ) (1008 -48 672 ) (960 -48 672 ) (960 -48 544 ) 
4 155 158 (768 -48 672 ) (528 -48 672 ) (528 -48 544 ) (768 -48 544 ) 
4 155 157 (1008 -48 672 ) (1008 -48 976 ) (528 -48 976 ) (528 -48 672 ) 
4 155 161 (528 -48 400 ) (1008 -48 400 ) (1008 -48 544 ) (528 -48 544 ) 
4 155 156 (528 -48 412 ) (528 -48 976 ) (528 0 976 ) (528 0 412 ) 
4 156 162 (432 -48 412 ) (432 -48 976 ) (432 0 976 ) (432 0 412 ) 
4 156 158 (432 -48 672 ) (432 -48 544 ) (528 -48 544 ) (528 -48 672 ) 
4 156 157 (432 -48 976 ) (432 -48 672 ) (528 -48 672 ) (528 -48 976 ) 
4 156 161 (432 -48 544 ) (432 -48 412 ) (528 -48 412 ) (528 -48 544 ) 
4 157 171 (576 -384 688 ) (432 -384 688 ) (432 -384 672 ) (576 -384 672 ) 
4 157 170 (672 -384 672 ) (672 -384 688 ) (576 -384 688 ) (576 -384 672 ) 
4 157 162 (432 -384 672 ) (432 -384 976 ) (432 -48 976 ) (432 -48 672 ) 
3 157 160 (864 -144 672 ) (768 -48 672 ) (960 -48 672 ) 
3 157 159 (1008 -48 672 ) (984 -72 672 ) (960 -48 672 ) 
5 157 158 (888 -168 672 ) (672 -384 672 ) (432 -384 672 ) (432 -48 672 ) (768 -48 672 ) 
4 158 171 (576 -384 672 ) (432 -384 672 ) (432 -384 544 ) (576 -384 544 ) 
4 158 170 (672 -384 544 ) (672 -384 672 ) (576 -384 672 ) (576 -384 544 ) 
4 158 162 (432 -384 544 ) (432 -384 672 ) (432 -48 672 ) (432 -48 544 ) 
4 158 160 (864 -144 544 ) (768 -48 544 ) (768 -48 672 ) (864 -144 672 ) 
5 158 161 (888 -168 544 ) (672 -384 544 ) (432 -384 544 ) (432 -48 544 ) (768 -48 544 ) 
3 159 161 (1008 -48 544 ) (984 -72 544 ) (960 -48 544 ) 
3 160 161 (864 -144 544 ) (768 -48 544 ) (960 -48 544 ) 
4 161 171 (576 -384 544 ) (432 -384 544 ) (432 -384 424 ) (576 -384 424 ) 
4 161 170 (672 -384 424 ) (672 -384 544 ) (576 -384 544 ) (576 -384 424 ) 
4 161 162 (432 -48 400 ) (432 -384 400 ) (432 -384 544 ) (432 -48 544 ) 
4 162 171 (432 -384 424 ) (432 -384 688 ) (384 -384 688 ) (384 -384 424 ) 
4 162 164 (384 -384 412 ) (384 -384 976 ) (384 -288 976 ) (384 -288 412 ) 
4 162 163 (384 0 400 ) (384 -288 400 ) (384 -288 976 ) (384 0 976 ) 
4 163 165 (288 0 400 ) (288 -288 400 ) (288 -288 976 ) (288 0 976 ) 
4 163 164 (288 -288 976 ) (288 -288 412 ) (384 -288 412 ) (384 -288 976 ) 
4 164 173 (384 -384 424 ) (384 -384 688 ) (288 -384 688 ) (288 -384 424 ) 
4 164 165 (288 -384 412 ) (288 -384 976 ) (288 -288 976 ) (288 -288 412 ) 
4 165 175 (192 -384 400 ) (288 -384 400 ) (288 -384 976 ) (192 -384 976 ) 
4 165 166 (192 -192 424 ) (192 -192 976 ) (192 0 976 ) (192 0 424 ) 
4 165 167 (192 -192 400 ) (192 -384 400 ) (192 -384 976 ) (192 -192 976 ) 
4 166 225 (0 0 616 ) (0 0 424 ) (0 -192 424 ) (0 -192 616 ) 
4 166 220 (0 0 712 ) (0 0 616 ) (0 -192 616 ) (0 -192 712 ) 
4 166 219 (0 0 976 ) (0 0 712 ) (0 -192 712 ) (0 -192 976 ) 
4 166 167 (192 -192 424 ) (192 -192 976 ) (0 -192 976 ) (0 -192 424 ) 
4 167 226 (0 -192 400 ) (0 -384 400 ) (0 -384 616 ) (0 -192 616 ) 
4 167 220 (0 -384 616 ) (0 -384 712 ) (0 -192 712 ) (0 -192 616 ) 
4 167 219 (0 -384 712 ) (0 -384 976 ) (0 -192 976 ) (0 -192 712 ) 
4 167 179 (0 -384 400 ) (48 -384 400 ) (48 -384 976 ) (0 -384 976 ) 
4 167 178 (48 -384 400 ) (192 -384 400 ) (192 -384 976 ) (48 -384 976 ) 
4 168 183 (864 -864 1844 ) (672 -864 1844 ) (672 -864 976 ) (864 -864 976 ) 
4 168 182 (1024 -864 976 ) (1024 -864 1844 ) (864 -864 1844 ) (864 -864 976 ) 
4 168 174 (672 -576 976 ) (672 -864 976 ) (672 -864 1844 ) (672 -576 1844 ) 
4 168 169 (672 -384 1844 ) (672 -384 976 ) (672 -576 976 ) (672 -576 1844 ) 
4 169 175 (288 -384 1844 ) (288 -384 976 ) (288 -576 976 ) (288 -576 1844 ) 
4 169 174 (288 -576 1844 ) (288 -576 976 ) (672 -576 976 ) (672 -576 1844 ) 
4 170 172 (576 -576 552 ) (576 -576 688 ) (576 -552 688 ) (576 -552 552 ) 
4 170 171 (576 -384 424 ) (576 -552 424 ) (576 -552 688 ) (576 -384 688 ) 
4 171 172 (384 -552 688 ) (384 -552 552 ) (576 -552 552 ) (576 -552 688 ) 
4 171 173 (384 -384 424 ) (384 -552 424 ) (384 -552 688 ) (384 -384 688 ) 
4 172 173 (384 -576 552 ) (384 -576 688 ) (384 -552 688 ) (384 -552 552 ) 
4 173 175 (288 -384 688 ) (288 -384 424 ) (288 -576 424 ) (288 -576 688 ) 
4 174 184 (384 -864 1844 ) (288 -864 1844 ) (288 -864 976 ) (384 -864 976 ) 
4 174 183 (672 -864 976 ) (672 -864 1844 ) (384 -864 1844 ) (384 -864 976 ) 
4 174 176 (288 -792 1844 ) (288 -648 1844 ) (288 -648 976 ) (288 -792 976 ) 
4 174 175 (288 -648 1844 ) (288 -576 1844 ) (288 -576 976 ) (288 -648 976 ) 
4 174 177 (288 -864 976 ) (288 -864 1844 ) (288 -792 1844 ) (288 -792 976 ) 
4 175 176 (192 -648 1844 ) (192 -648 784 ) (288 -648 784 ) (288 -648 1844 ) 
4 175 178 (192 -648 1844 ) (192 -384 1844 ) (192 -384 400 ) (192 -648 400 ) 
4 176 178 (192 -792 1844 ) (192 -648 1844 ) (192 -648 784 ) (192 -792 784 ) 
4 176 177 (192 -792 1844 ) (192 -792 784 ) (288 -792 784 ) (288 -792 1844 ) 
4 177 184 (192 -864 400 ) (288 -864 400 ) (288 -864 1844 ) (192 -864 1844 ) 
4 177 178 (192 -864 400 ) (192 -864 1844 ) (192 -792 1844 ) (192 -792 400 ) 
4 178 184 (48 -864 400 ) (192 -864 400 ) (192 -864 1844 ) (48 -864 1844 ) 
4 178 180 (48 -528 1844 ) (48 -432 1844 ) (48 -432 412 ) (48 -528 412 ) 
4 178 179 (48 -432 1844 ) (48 -384 1844 ) (48 -384 400 ) (48 -432 400 ) 
4 178 181 (48 -864 400 ) (48 -864 1844 ) (48 -528 1844 ) (48 -528 400 ) 
4 179 246 (0 -384 400 ) (0 -432 400 ) (0 -432 1844 ) (0 -384 1844 ) 
4 179 180 (48 -432 412 ) (48 -432 1844 ) (0 -432 1844 ) (0 -432 412 ) 
4 180 247 (0 -528 412 ) (0 -528 1844 ) (0 -432 1844 ) (0 -432 412 ) 
4 180 181 (48 -528 412 ) (48 -528 1844 ) (0 -528 1844 ) (0 -528 412 ) 
4 181 253 (0 -864 688 ) (0 -864 976 ) (0 -576 976 ) (0 -576 688 ) 
4 181 251 (0 -864 976 ) (0 -864 1844 ) (0 -576 1844 ) (0 -576 976 ) 
4 181 248 (0 -528 400 ) (0 -576 400 ) (0 -576 1844 ) (0 -528 1844 ) 
4 181 184 (0 -864 1844 ) (0 -864 400 ) (48 -864 400 ) (48 -864 1844 ) 
4 182 204 (1024 -1024 624 ) (1024 -1024 1844 ) (864 -1024 1844 ) (864 -1024 624 ) 
4 182 183 (864 -864 1844 ) (864 -864 688 ) (864 -1024 624 ) (864 -1024 1844 ) 
4 183 206 (384 -1024 400 ) (864 -1024 400 ) (864 -1024 1844 ) (384 -1024 1844 ) 
4 183 192 (864 -1024 400 ) (384 -1024 400 ) (384 -864 400 ) (864 -864 400 ) 
4 183 185 (384 -1024 1844 ) (384 -1008 1844 ) (384 -1008 688 ) (384 -1024 700 ) 
4 183 184 (384 -1008 1844 ) (384 -864 1844 ) (384 -864 400 ) (384 -1008 400 ) 
4 184 253 (0 -1008 688 ) (0 -1008 976 ) (0 -864 976 ) (0 -864 688 ) 
4 184 251 (0 -1008 976 ) (0 -1008 1844 ) (0 -864 1844 ) (0 -864 976 ) 
4 184 193 (288 -864 400 ) (384 -864 400 ) (384 -1008 400 ) (288 -1008 400 ) 
4 184 185 (384 -1008 688 ) (384 -1008 1844 ) (0 -1008 1844 ) (0 -1008 688 ) 
4 185 254 (0 -1024 976 ) (0 -1024 1844 ) (0 -1008 1844 ) (0 -1008 976 ) 
4 185 207 (0 -1024 1844 ) (0 -1024 700 ) (384 -1024 700 ) (384 -1024 1844 ) 
4 186 189 (864 -840 400 ) (864 -384 400 ) (864 -384 352 ) (864 -840 352 ) 
4 186 187 (1024 -864 352 ) (864 -864 352 ) (864 -192 352 ) (1024 -192 352 ) 
4 187 197 (1024 -864 160 ) (1024 -864 184 ) (864 -864 184 ) (864 -864 160 ) 
4 187 191 (864 -864 160 ) (864 -864 208 ) (864 0 208 ) (864 0 160 ) 
4 187 189 (864 -840 352 ) (864 -384 352 ) (864 -384 208 ) (864 -840 208 ) 
4 187 188 (864 -384 352 ) (864 0 352 ) (864 0 208 ) (864 -384 208 ) 
4 188 237 (0 0 352 ) (0 0 208 ) (0 -384 208 ) (0 -384 352 ) 
4 188 191 (0 0 208 ) (864 0 208 ) (864 -384 208 ) (0 -384 208 ) 
4 188 190 (0 -384 208 ) (288 -384 208 ) (288 -384 304 ) (0 -384 304 ) 
4 188 189 (288 -384 208 ) (864 -384 208 ) (864 -384 352 ) (288 -384 352 ) 
4 189 191 (864 -384 208 ) (864 -840 208 ) (288 -840 208 ) (288 -384 208 ) 
4 189 190 (288 -384 304 ) (288 -384 208 ) (288 -840 208 ) (288 -840 304 ) 
4 190 262 (0 -384 208 ) (0 -864 208 ) (0 -864 304 ) (0 -384 304 ) 
4 190 194 (0 -864 304 ) (0 -864 208 ) (288 -864 208 ) (288 -864 304 ) 
4 190 191 (288 -864 208 ) (0 -864 208 ) (0 -384 208 ) (288 -384 208 ) 
4 191 266 (0 -384 160 ) (0 -864 160 ) (0 -864 208 ) (0 -384 208 ) 
4 191 237 (0 0 208 ) (0 0 160 ) (0 -384 160 ) (0 -384 208 ) 
4 191 197 (864 -864 160 ) (864 -864 184 ) (0 -864 184 ) (0 -864 160 ) 
4 191 196 (384 -864 208 ) (0 -864 208 ) (0 -864 184 ) (384 -864 184 ) 
4 192 206 (384 -1024 208 ) (864 -1024 208 ) (864 -1024 400 ) (384 -1024 400 ) 
4 192 193 (384 -864 400 ) (384 -864 208 ) (384 -1008 208 ) (384 -1008 400 ) 
4 193 196 (288 -864 208 ) (384 -864 208 ) (384 -1008 208 ) (288 -1008 208 ) 
4 193 194 (288 -864 352 ) (288 -864 208 ) (288 -1008 208 ) (288 -1008 352 ) 
4 194 264 (0 -864 352 ) (0 -864 208 ) (0 -1008 208 ) (0 -1008 352 ) 
4 194 196 (0 -864 208 ) (288 -864 208 ) (288 -1008 208 ) (0 -1008 208 ) 
4 194 195 (0 -1008 208 ) (288 -1008 208 ) (288 -1008 352 ) (0 -1008 352 ) 
4 195 210 (0 -1024 400 ) (0 -1024 208 ) (288 -1024 208 ) (288 -1024 400 ) 
4 195 196 (288 -1008 208 ) (288 -1024 208 ) (0 -1024 208 ) (0 -1008 208 ) 
4 196 266 (0 -1024 184 ) (0 -1024 208 ) (0 -864 208 ) (0 -864 184 ) 
4 196 214 (0 -1024 208 ) (0 -1024 184 ) (384 -1024 184 ) (384 -1024 208 ) 
4 196 197 (384 -1024 184 ) (0 -1024 184 ) (0 -864 184 ) (384 -864 184 ) 
4 197 266 (0 -1024 160 ) (0 -1024 184 ) (0 -864 184 ) (0 -864 160 ) 
4 197 215 (0 -1024 184 ) (0 -1024 160 ) (1024 -1024 160 ) (1024 -1024 184 ) 
4 198 217 (2048 -2048 208 ) (2048 -2048 1844 ) (1152 -2048 1844 ) (1152 -2048 208 ) 
4 198 201 (1152 -1024 208 ) (2048 -1024 208 ) (2048 -2048 208 ) (1152 -2048 208 ) 
4 198 200 (1152 -1104 208 ) (1152 -2048 208 ) (1152 -2048 214.399948 ) (1152 -1104 592 ) 
4 198 199 (1152 -2048 214.399948 ) (1152 -2048 1844 ) (1152 -1024 1844 ) (1152 -1024 624 ) 
4 199 217 (1152 -2048 1844 ) (1024 -2048 1844 ) (1024 -2048 214.399902 ) (1152 -2048 214.399948 ) 
4 199 204 (1024 -1024 1844 ) (1024 -1024 624 ) (1024 -2048 214.399948 ) (1024 -2048 1844 ) 
4 199 200 (1152 -1104 592 ) (1152 -2048 214.399811 ) (1024 -2048 214.399811 ) (1024 -1104 592 ) 
4 200 217 (1024 -2048 214.399902 ) (1024 -2048 208 ) (1152 -2048 208 ) (1152 -2048 214.399948 ) 
4 200 205 (1024 -1104 208 ) (1024 -2048 208 ) (1024 -2048 214.399948 ) (1024 -1104 592 ) 
4 200 202 (1152 -1392 208 ) (1152 -2048 208 ) (1024 -2048 208 ) (1024 -1392 208 ) 
4 201 217 (2048 -2048 184 ) (2048 -2048 208 ) (1152 -2048 208 ) (1152 -2048 184 ) 
4 201 203 (2048 -2048 184 ) (1152 -2048 184 ) (1152 -1024 184 ) (2048 -1024 184 ) 
4 201 202 (1152 -1392 184 ) (1152 -2048 184 ) (1152 -2048 208 ) (1152 -1392 208 ) 
4 202 217 (1152 -2048 208 ) (1024 -2048 208 ) (1024 -2048 184 ) (1152 -2048 184 ) 
4 202 213 (1024 -1392 184 ) (1024 -2048 184 ) (1024 -2048 208 ) (1024 -1392 208 ) 
4 202 203 (1152 -2048 184 ) (1024 -2048 184 ) (1024 -1392 184 ) (1152 -1392 184 ) 
4 203 217 (2048 -2048 160 ) (2048 -2048 184 ) (1024 -2048 184 ) (1024 -2048 160 ) 
4 203 215 (1024 -1024 184 ) (1024 -1024 160 ) (1024 -2048 160 ) (1024 -2048 184 ) 
4 204 218 (1024 -2048 214.399948 ) (1024 -2048 1844 ) (864 -2048 1844 ) (864 -2048 214.399902 ) 
4 204 205 (864 -2048 214.399994 ) (864 -1104 592 ) (1024 -1104 592 ) (1024 -2048 214.400024 ) 
4 204 206 (864 -2048 214.399948 ) (864 -2048 1844 ) (864 -1024 1844 ) (864 -1024 624 ) 
4 205 218 (864 -2048 208 ) (1024 -2048 208 ) (1024 -2048 214.399948 ) (864 -2048 214.399902 ) 
4 205 213 (1024 -1392 208 ) (1024 -2048 208 ) (864 -2048 208 ) (864 -1392 208 ) 
4 205 206 (864 -1104 208 ) (864 -2048 208 ) (864 -2048 214.399948 ) (864 -1104 592 ) 
4 206 218 (384 -2048 208 ) (864 -2048 208 ) (864 -2048 1844 ) (384 -2048 1844 ) 
4 206 213 (864 -2048 208 ) (384 -2048 208 ) (384 -1392 208 ) (864 -1392 208 ) 
4 206 211 (384 -1392 208 ) (384 -2048 208 ) (384 -2048 400 ) (384 -1392 400 ) 
3 206 209 (384 -1392 400 ) (384 -1776 400 ) (384 -1392 688 ) 
4 206 208 (384 -1776 400 ) (384 -2048 400 ) (384 -2048 1468 ) (384 -1200 832 ) 
4 206 207 (384 -1024 1844 ) (384 -1024 700 ) (384 -2048 1468 ) (384 -2048 1844 ) 
4 207 291 (0 -1392 1844 ) (0 -1024 1844 ) (0 -1024 976 ) (0 -1392 976 ) 
4 207 293 (0 -2048 1468 ) (0 -2048 1844 ) (0 -1392 1844 ) (0 -1392 976 ) 
4 207 218 (0 -2048 1844 ) (0 -2048 1468 ) (384 -2048 1468 ) (384 -2048 1844 ) 
4 207 208 (384 -1200.001587 831.998840 ) (384 -2048 1467.997925 ) (0 -2048 1467.997925 ) (0 -1200.001587 831.998840 ) 
5 208 293 (0 -2048 400 ) (0 -2048 1468 ) (0 -1392 976 ) (0 -1392 688 ) (0 -1776 400 ) 
4 208 218 (0 -2048 1468 ) (0 -2048 400 ) (384 -2048 400 ) (384 -2048 1468 ) 
4 208 211 (384 -1776 400 ) (384 -2048 400 ) (360 -2048 400 ) (360 -1776 400 ) 
4 208 212 (360 -2048 400 ) (0 -2048 400 ) (0 -1776 400 ) (360 -1776 400 ) 
4 208 209 (384 -1776 400 ) (0 -1776 400 ) (0 -1392 688 ) (384 -1392 688 ) 
3 209 293 (0 -1392 400 ) (0 -1776 400 ) (0 -1392 688 ) 
4 209 211 (384 -1392 400 ) (384 -1776 400 ) (360 -1776 400 ) (360 -1392 400 ) 
4 209 212 (360 -1776 400 ) (0 -1776 400 ) (0 -1392 400 ) (360 -1392 400 ) 
4 210 214 (0 -1032 208 ) (0 -1024 208 ) (288 -1024 208 ) (288 -1032 208 ) 
4 210 212 (0 -1032 208 ) (288 -1032 208 ) (288 -1032 400 ) (0 -1032 400 ) 
4 211 218 (360 -2048 208 ) (384 -2048 208 ) (384 -2048 400 ) (360 -2048 400 ) 
4 211 214 (384 -2048 208 ) (360 -2048 208 ) (360 -1392 208 ) (384 -1392 208 ) 
4 211 212 (360 -1392 208 ) (360 -2048 208 ) (360 -2048 400 ) (360 -1392 400 ) 
4 212 293 (0 -2048 208 ) (0 -2048 400 ) (0 -1392 400 ) (0 -1392 208 ) 
4 212 218 (0 -2048 400 ) (0 -2048 208 ) (360 -2048 208 ) (360 -2048 400 ) 
4 212 214 (360 -2048 208 ) (0 -2048 208 ) (0 -1032 208 ) (360 -1032 208 ) 
4 213 218 (384 -2048 184 ) (1024 -2048 184 ) (1024 -2048 208 ) (384 -2048 208 ) 
4 213 215 (1024 -2048 184 ) (384 -2048 184 ) (384 -1392 184 ) (1024 -1392 184 ) 
4 213 214 (384 -1392 184 ) (384 -2048 184 ) (384 -2048 208 ) (384 -1392 208 ) 
4 214 292 (0 -1392 208 ) (0 -1024 208 ) (0 -1024 184 ) (0 -1392 184 ) 
4 214 293 (0 -2048 184 ) (0 -2048 208 ) (0 -1392 208 ) (0 -1392 184 ) 
4 214 218 (0 -2048 208 ) (0 -2048 184 ) (384 -2048 184 ) (384 -2048 208 ) 
4 214 215 (384 -2048 184 ) (0 -2048 184 ) (0 -1024 184 ) (384 -1024 184 ) 
4 215 292 (0 -1392 184 ) (0 -1024 184 ) (0 -1024 160 ) (0 -1392 160 ) 
4 215 293 (0 -2048 160 ) (0 -2048 184 ) (0 -1392 184 ) (0 -1392 160 ) 
4 215 218 (0 -2048 184 ) (0 -2048 160 ) (1024 -2048 160 ) (1024 -2048 184 ) 
4 216 217 (2048 -2048 1844 ) (2048 -2048 160 ) (2048 -2432 160 ) (2048 -2432 1844 ) 
4 217 218 (1024 -2048 1844 ) (1024 -2048 160 ) (1024 -2432 160 ) (1024 -2432 1844 ) 
4 218 296 (0 -2432 160 ) (0 -2432 1844 ) (0 -2048 1844 ) (0 -2048 160 ) 
4 219 255 (-384 -384 1844 ) (-408 -384 1844 ) (-408 -384 712 ) (-384 -384 712 ) 
4 219 258 (-408 -384 1844 ) (-576 -384 1844 ) (-576 -384 712 ) (-408 -384 712 ) 
4 219 246 (0 -384 712 ) (0 -384 1844 ) (-384 -384 1844 ) (-384 -384 712 ) 
4 219 239 (-576 0 1072 ) (-576 0 880 ) (-576 -384 880 ) (-576 -384 1072 ) 
4 219 238 (-576 0 1844 ) (-576 0 1072 ) (-576 -384 1072 ) (-576 -384 1844 ) 
4 219 224 (-552 -384 712 ) (-576 -384 712 ) (-576 -336 712 ) (-552 -336 712 ) 
4 219 222 (-576 -144 712 ) (-576 -96 712 ) (-552 -96 712 ) (-552 -144 712 ) 
4 219 223 (-576 -264 712 ) (-576 -216 712 ) (-552 -216 712 ) (-552 -264 712 ) 
4 219 221 (-576 -24 712 ) (-576 0 712 ) (-552 0 712 ) (-552 -24 712 ) 
4 219 220 (0 -384 712 ) (-552 -384 712 ) (-552 0 712 ) (0 0 712 ) 
4 220 255 (-384 -384 712 ) (-408 -384 712 ) (-408 -384 616 ) (-384 -384 616 ) 
4 220 258 (-408 -384 712 ) (-552 -384 712 ) (-552 -384 616 ) (-408 -384 616 ) 
4 220 246 (0 -384 616 ) (0 -384 712 ) (-384 -384 712 ) (-384 -384 616 ) 
4 220 231 (-528 -48 616 ) (-528 0 616 ) (-432 0 616 ) (-432 -48 616 ) 
4 220 232 (-432 -384 616 ) (-528 -384 616 ) (-528 -48 616 ) (-432 -48 616 ) 
4 220 230 (-384 -384 616 ) (-432 -384 616 ) (-432 0 616 ) (-384 0 616 ) 
4 220 233 (-528 -384 616 ) (-552 -384 616 ) (-552 0 616 ) (-528 0 616 ) 
4 220 229 (-288 -384 616 ) (-384 -384 616 ) (-384 -288 616 ) (-288 -288 616 ) 
4 220 228 (-384 -288 616 ) (-384 0 616 ) (-288 0 616 ) (-288 -288 616 ) 
4 220 227 (-192 -384 616 ) (-288 -384 616 ) (-288 0 616 ) (-192 0 616 ) 
4 220 225 (-192 -192 616 ) (-192 0 616 ) (0 0 616 ) (0 -192 616 ) 
4 220 226 (0 -384 616 ) (-192 -384 616 ) (-192 -192 616 ) (0 -192 616 ) 
4 220 224 (-552 -336 616 ) (-552 -384 616 ) (-552 -384 712 ) (-552 -336 712 ) 
4 220 222 (-552 -96 616 ) (-552 -144 616 ) (-552 -144 712 ) (-552 -96 712 ) 
4 220 223 (-552 -216 616 ) (-552 -264 616 ) (-552 -264 712 ) (-552 -216 712 ) 
4 220 221 (-552 0 616 ) (-552 -24 616 ) (-552 -24 712 ) (-552 0 712 ) 
4 221 234 (-576 -24 616 ) (-576 0 616 ) (-552 0 616 ) (-552 -24 616 ) 
4 222 235 (-576 -144 616 ) (-576 -96 616 ) (-552 -96 616 ) (-552 -144 616 ) 
4 223 235 (-576 -264 616 ) (-576 -216 616 ) (-552 -216 616 ) (-552 -264 616 ) 
4 224 258 (-552 -384 712 ) (-576 -384 712 ) (-576 -384 616 ) (-552 -384 616 ) 
4 224 236 (-552 -384 616 ) (-576 -384 616 ) (-576 -336 616 ) (-552 -336 616 ) 
4 225 227 (-192 -192 424 ) (-192 -192 616 ) (-192 0 616 ) (-192 0 424 ) 
4 225 226 (-192 -192 616 ) (-192 -192 424 ) (0 -192 424 ) (0 -192 616 ) 
4 226 246 (0 -384 400 ) (0 -384 616 ) (-192 -384 616 ) (-192 -384 400 ) 
4 226 227 (-192 -192 400 ) (-192 -384 400 ) (-192 -384 616 ) (-192 -192 616 ) 
4 227 246 (-192 -384 616 ) (-288 -384 616 ) (-288 -384 400 ) (-192 -384 400 ) 
4 227 229 (-288 -384 412 ) (-288 -384 616 ) (-288 -288 616 ) (-288 -288 412 ) 
4 227 228 (-288 0 400 ) (-288 -288 400 ) (-288 -288 616 ) (-288 0 616 ) 
4 228 230 (-384 0 400 ) (-384 -288 400 ) (-384 -288 616 ) (-384 0 616 ) 
4 228 229 (-384 -288 616 ) (-384 -288 412 ) (-288 -288 412 ) (-288 -288 616 ) 
4 229 246 (-288 -384 616 ) (-384 -384 616 ) (-384 -384 412 ) (-288 -384 412 ) 
4 229 230 (-384 -384 412 ) (-384 -384 616 ) (-384 -288 616 ) (-384 -288 412 ) 
4 230 255 (-384 -384 616 ) (-408 -384 616 ) (-408 -384 400 ) (-384 -384 400 ) 
4 230 258 (-408 -384 616 ) (-432 -384 616 ) (-432 -384 400 ) (-408 -384 400 ) 
4 230 231 (-432 -48 412 ) (-432 -48 616 ) (-432 0 616 ) (-432 0 412 ) 
4 230 232 (-432 -48 400 ) (-432 -384 400 ) (-432 -384 616 ) (-432 -48 616 ) 
4 231 232 (-528 -48 616 ) (-528 -48 412 ) (-432 -48 412 ) (-432 -48 616 ) 
4 231 233 (-528 -48 412 ) (-528 -48 616 ) (-528 0 616 ) (-528 0 412 ) 
4 232 258 (-432 -384 616 ) (-528 -384 616 ) (-528 -384 400 ) (-432 -384 400 ) 
4 232 233 (-528 -48 400 ) (-528 -384 400 ) (-528 -384 616 ) (-528 -48 616 ) 
4 233 258 (-528 -384 616 ) (-552 -384 616 ) (-552 -384 400 ) (-528 -384 400 ) 
4 233 235 (-552 -312 528 ) (-552 -312 616 ) (-552 -72 616 ) (-552 -72 528 ) 
4 233 234 (-552 0 400 ) (-552 -72 400 ) (-552 -72 616 ) (-552 0 616 ) 
4 233 236 (-552 -312 400 ) (-552 -384 400 ) (-552 -384 616 ) (-552 -312 616 ) 
4 234 235 (-552 -72 528 ) (-552 -72 616 ) (-576 -72 616 ) (-576 -72 528 ) 
4 235 236 (-552 -312 528 ) (-552 -312 616 ) (-576 -312 616 ) (-576 -312 528 ) 
4 236 258 (-552 -384 616 ) (-576 -384 616 ) (-576 -384 400 ) (-552 -384 400 ) 
4 237 266 (0 -384 160 ) (0 -384 208 ) (-576 -384 208 ) (-576 -384 160 ) 
4 237 262 (0 -384 208 ) (0 -384 304 ) (-576 -384 304 ) (-576 -384 208 ) 
4 237 241 (-576 -360 160 ) (-576 -384 160 ) (-576 -384 304 ) (-576 -360 304 ) 
4 237 240 (-576 0 352 ) (-576 0 160 ) (-576 -360 160 ) (-576 -360 352 ) 
4 238 267 (-672 -384 1844 ) (-864 -384 1844 ) (-864 -384 880 ) (-672 -384 1008 ) 
4 238 258 (-576 -384 1072 ) (-576 -384 1844 ) (-672 -384 1844 ) (-672 -384 1008 ) 
4 238 242 (-864 -384 880 ) (-864 -384 1844 ) (-864 0 1844 ) (-864 0 880 ) 
4 238 239 (-720 0 976 ) (-576 0 1072.001221 ) (-576 -384 1072.001221 ) (-720 -384 976 ) 
3 239 267 (-672 -384 1008 ) (-720 -384 976 ) (-672 -384 944 ) 
4 239 258 (-576 -384 880 ) (-576 -384 1072 ) (-672 -384 1008 ) (-672 -384 944 ) 
4 240 245 (-864 0 208 ) (-864 0 160 ) (-864 -360 160 ) (-864 -360 208 ) 
4 240 241 (-864 -360 160 ) (-576 -360 160 ) (-576 -360 304 ) (-864 -360 304 ) 
4 241 277 (-864 -384 184 ) (-864 -384 160 ) (-672 -384 160 ) (-672 -384 184 ) 
4 241 275 (-864 -384 208 ) (-864 -384 184 ) (-672 -384 184 ) (-672 -384 208 ) 
4 241 266 (-576 -384 160 ) (-576 -384 208 ) (-672 -384 208 ) (-672 -384 160 ) 
4 241 263 (-648 -384 304 ) (-672 -384 304 ) (-672 -384 208 ) (-648 -384 208 ) 
4 241 262 (-576 -384 208 ) (-576 -384 304 ) (-648 -384 304 ) (-648 -384 208 ) 
4 241 245 (-864 -384 160 ) (-864 -384 208 ) (-864 -360 208 ) (-864 -360 160 ) 
4 242 267 (-864 -384 784 ) (-864 -384 1844 ) (-960 -384 1844 ) (-960 -384 784 ) 
4 242 243 (-960 -384 784 ) (-960 -384 1844 ) (-960 0 1844 ) (-960 0 880 ) 
4 243 281 (-1024 0 1844 ) (-1024 0 880 ) (-1024 -384 784 ) (-1024 -384 1844 ) 
4 243 278 (-1024 -384 1844 ) (-1024 -384 784 ) (-960 -384 784 ) (-960 -384 1844 ) 
4 244 286 (-1024 0 688 ) (-1024 0 664 ) (-1024 -384 664 ) (-1024 -384 688 ) 
4 245 290 (-1024 0 208 ) (-1024 0 160 ) (-1024 -384 160 ) (-1024 -384 208 ) 
4 245 280 (-960 -384 208 ) (-1024 -384 208 ) (-1024 -384 160 ) (-960 -384 160 ) 
4 245 277 (-864 -384 160 ) (-864 -384 184 ) (-960 -384 184 ) (-960 -384 160 ) 
4 245 275 (-864 -384 184 ) (-864 -384 208 ) (-960 -384 208 ) (-960 -384 184 ) 
4 246 255 (-384 -384 1844 ) (-384 -384 400 ) (-384 -432 400 ) (-384 -432 1844 ) 
4 246 250 (-384 -432 1844 ) (-384 -432 592 ) (-96 -432 592 ) (-96 -432 1844 ) 
4 246 247 (0 -432 412 ) (0 -432 1844 ) (-48 -432 1844 ) (-48 -432 412 ) 
4 246 249 (-96 -432 400 ) (-48 -432 400 ) (-48 -432 1844 ) (-96 -432 1844 ) 
4 247 248 (-48 -528 1844 ) (-48 -528 412 ) (0 -528 412 ) (0 -528 1844 ) 
4 247 249 (-48 -528 1844 ) (-48 -432 1844 ) (-48 -432 412 ) (-48 -528 412 ) 
4 248 253 (0 -576 688 ) (0 -576 976 ) (-48 -576 940 ) (-48 -576 724 ) 
3 248 252 (0 -576 976 ) (-48 -576 976 ) (-48 -576 940 ) 
4 248 251 (0 -576 976 ) (0 -576 1844 ) (-48 -576 1844 ) (-48 -576 976 ) 
4 248 249 (-48 -576 400 ) (-48 -576 1844 ) (-48 -528 1844 ) (-48 -528 400 ) 
4 249 253 (-48 -576 724 ) (-48 -576 940 ) (-96 -576 904 ) (-96 -576 760 ) 
4 249 252 (-48 -576 940 ) (-48 -576 976 ) (-96 -576 976 ) (-96 -576 904 ) 
4 249 251 (-48 -576 976 ) (-48 -576 1844 ) (-96 -576 1844 ) (-96 -576 976 ) 
4 249 250 (-96 -432 1844 ) (-96 -432 592 ) (-96 -576 664 ) (-96 -576 1844 ) 
4 250 256 (-384 -576 664 ) (-384 -576 1844 ) (-384 -504 1844 ) (-384 -504 628 ) 
4 250 255 (-384 -504 1844 ) (-384 -432 1844 ) (-384 -432 592 ) (-384 -504 628 ) 
3 250 253 (-96 -576 760 ) (-96 -576 904 ) (-192 -576 832 ) 
4 250 252 (-384 -576 976 ) (-384 -576 688 ) (-96 -576 904 ) (-96 -576 976 ) 
4 250 251 (-384 -576 1844 ) (-384 -576 976 ) (-96 -576 976 ) (-96 -576 1844 ) 
4 251 259 (-384 -864 1844 ) (-384 -672 1844 ) (-384 -672 880 ) (-384 -864 688 ) 
4 251 261 (-384 -1008 688 ) (-384 -1008 1844 ) (-384 -864 1844 ) (-384 -864 688 ) 
4 251 256 (-384 -600 1844 ) (-384 -576 1844 ) (-384 -576 976 ) (-384 -600 952 ) 
4 251 257 (-384 -672 1844 ) (-384 -600 1844 ) (-384 -600 952 ) (-384 -672 880 ) 
4 251 254 (-384 -1008 1844 ) (-384 -1008 976 ) (0 -1008 976 ) (0 -1008 1844 ) 
4 251 253 (0 -1008 976 ) (-192 -1008 832 ) (-192 -720 832 ) (0 -576 976 ) 
4 251 252 (-384 -576 976 ) (-0.004639 -576 976 ) (-256.004669 -768 784 ) (-384 -768 784 ) 
3 252 260 (-384 -672 688 ) (-384 -768 784 ) (-384 -672 880 ) 
4 252 256 (-384 -576 976 ) (-384 -576 688 ) (-384 -600 688 ) (-384 -600 952 ) 
4 252 257 (-384 -600 688 ) (-384 -672 688 ) (-384 -672 880 ) (-384 -600 952 ) 
3 252 253 (-192 -576 832 ) (0 -576 976 ) (-192 -720 832 ) 
4 254 291 (0 -1024 976 ) (0 -1024 1844 ) (-384 -1024 1844 ) (-384 -1024 976 ) 
4 254 261 (-384 -1024 976 ) (-384 -1024 1844 ) (-384 -1008 1844 ) (-384 -1008 976 ) 
4 255 256 (-408 -504 1844 ) (-408 -504 528 ) (-384 -504 528 ) (-384 -504 1844 ) 
4 255 258 (-408 -384 400 ) (-408 -504 400 ) (-408 -504 1844 ) (-408 -384 1844 ) 
4 256 258 (-408 -600 528 ) (-408 -600 1844 ) (-408 -504 1844 ) (-408 -504 528 ) 
4 256 257 (-408 -600 1844 ) (-408 -600 528 ) (-384 -600 528 ) (-384 -600 1844 ) 
4 257 260 (-384 -672 688 ) (-384 -672 880 ) (-408 -672 880 ) (-408 -672 688 ) 
4 257 259 (-384 -672 880 ) (-384 -672 1844 ) (-408 -672 1844 ) (-408 -672 880 ) 
4 257 258 (-408 -600 400 ) (-408 -672 400 ) (-408 -672 1844 ) (-408 -600 1844 ) 
4 258 271 (-672 -384 464 ) (-672 -384 400 ) (-672 -576 400 ) (-672 -576 464 ) 
4 258 272 (-672 -576 400 ) (-672 -672 400 ) (-672 -672 464 ) (-672 -576 464 ) 
4 258 268 (-672 -384 592 ) (-672 -384 464 ) (-672 -672 464 ) (-672 -672 592 ) 
4 258 267 (-672 -384 1844 ) (-672 -384 592 ) (-672 -672 592 ) (-672 -672 1844 ) 
4 258 260 (-408 -672 688 ) (-408 -672 880 ) (-672 -672 880 ) (-672 -672 688 ) 
4 258 259 (-408 -672 880 ) (-408 -672 1844 ) (-672 -672 1844 ) (-672 -672 880 ) 
4 259 267 (-672 -864 688 ) (-672 -864 1844 ) (-672 -672 1844 ) (-672 -672 880 ) 
4 259 260 (-672 -768 784 ) (-672 -672 880 ) (-384 -672 880 ) (-384 -768 784 ) 
4 259 261 (-384 -864 688 ) (-384 -864 1844 ) (-672 -864 1844 ) (-672 -864 688 ) 
3 260 267 (-672 -768 784 ) (-672 -672 880 ) (-672 -672 688 ) 
4 261 294 (-672 -1024 1844 ) (-672 -1024 400 ) (-384 -1024 400 ) (-384 -1024 1844 ) 
4 261 274 (-672 -864 400 ) (-672 -1024 400 ) (-672 -1024 464 ) (-672 -864 464 ) 
4 261 270 (-672 -1024 464 ) (-672 -1024 592 ) (-672 -864 592 ) (-672 -864 464 ) 
4 261 267 (-672 -1024 592 ) (-672 -1024 1844 ) (-672 -864 1844 ) (-672 -864 592 ) 
4 261 265 (-384 -1024 400 ) (-672 -1024 400 ) (-672 -864 400 ) (-384 -864 400 ) 
4 262 266 (-648 -384 208 ) (0 -384 208 ) (0 -864 208 ) (-648 -864 208 ) 
4 262 264 (-384 -864 208 ) (0 -864 208 ) (0 -864 304 ) (-384 -864 304 ) 
4 262 265 (-648 -864 208 ) (-384 -864 208 ) (-384 -864 304 ) (-648 -864 304 ) 
4 262 263 (-648 -384 208 ) (-648 -576 208 ) (-648 -576 304 ) (-648 -384 304 ) 
4 263 266 (-672 -576 208 ) (-672 -384 208 ) (-648 -384 208 ) (-648 -576 208 ) 
4 264 266 (-384 -864 208 ) (0 -864 208 ) (0 -1008 208 ) (-384 -1008 208 ) 
4 264 265 (-384 -864 400 ) (-384 -864 208 ) (-384 -1008 208 ) (-384 -1008 400 ) 
4 265 294 (-384 -1024 400 ) (-672 -1024 400 ) (-672 -1024 208 ) (-384 -1024 208 ) 
4 265 274 (-672 -864 208 ) (-672 -1024 208 ) (-672 -1024 400 ) (-672 -864 400 ) 
4 265 266 (-672 -1024 208 ) (-672 -864 208 ) (-384 -864 208 ) (-384 -1024 208 ) 
4 266 292 (0 -1024 160 ) (0 -1024 208 ) (-384 -1024 208 ) (-384 -1024 160 ) 
4 266 294 (-384 -1024 208 ) (-672 -1024 208 ) (-672 -1024 160 ) (-384 -1024 160 ) 
4 266 277 (-672 -384 184 ) (-672 -384 160 ) (-672 -1024 160 ) (-672 -1024 184 ) 
4 266 275 (-672 -384 208 ) (-672 -384 184 ) (-672 -576 184 ) (-672 -576 208 ) 
4 266 276 (-672 -864 184 ) (-672 -1024 184 ) (-672 -1024 208 ) (-672 -864 208 ) 
4 267 294 (-672 -1024 592 ) (-672 -1024 1844 ) (-960 -1024 1844 ) (-960 -1024 592 ) 
4 267 278 (-960 -384 1844 ) (-960 -384 688 ) (-960 -864 688 ) (-960 -864 1844 ) 
4 267 279 (-960 -864 592 ) (-960 -1024 592 ) (-960 -1024 1844 ) (-960 -864 1844 ) 
4 267 269 (-936 -720 592 ) (-696 -720 592 ) (-696 -816 592 ) (-936 -816 592 ) 
4 267 268 (-960 -720 592 ) (-960 -384 592 ) (-672 -384 592 ) (-672 -720 592 ) 
4 267 270 (-960 -1024 592 ) (-960 -816 592 ) (-672 -816 592 ) (-672 -1024 592 ) 
4 268 271 (-960 -576 464 ) (-960 -384 464 ) (-672 -384 464 ) (-672 -576 464 ) 
4 268 272 (-960 -720 464 ) (-960 -576 464 ) (-672 -576 464 ) (-672 -720 464 ) 
4 268 269 (-936 -720 464 ) (-696 -720 464 ) (-696 -720 592 ) (-936 -720 592 ) 
4 269 270 (-936 -816 464 ) (-696 -816 464 ) (-696 -816 592 ) (-936 -816 592 ) 
4 270 294 (-672 -1024 464 ) (-672 -1024 592 ) (-960 -1024 592 ) (-960 -1024 464 ) 
4 270 279 (-960 -864 464 ) (-960 -1024 464 ) (-960 -1024 592 ) (-960 -864 592 ) 
4 270 274 (-960 -1024 464 ) (-960 -816 464 ) (-672 -816 464 ) (-672 -1024 464 ) 
4 271 272 (-672 -576 304 ) (-672 -576 464 ) (-960 -576 464 ) (-960 -576 304 ) 
4 272 273 (-960 -720 208 ) (-672 -720 208 ) (-672 -720 448 ) (-960 -720 448 ) 
4 273 274 (-960 -816 208 ) (-672 -816 208 ) (-672 -816 448 ) (-960 -816 448 ) 
4 274 294 (-672 -1024 208 ) (-672 -1024 464 ) (-960 -1024 464 ) (-960 -1024 208 ) 
4 274 279 (-960 -864 208 ) (-960 -1024 208 ) (-960 -1024 464 ) (-960 -864 464 ) 
4 274 276 (-960 -1024 208 ) (-960 -864 208 ) (-672 -864 208 ) (-672 -1024 208 ) 
4 275 280 (-960 -384 208 ) (-960 -384 184 ) (-960 -576 184 ) (-960 -576 208 ) 
4 275 277 (-960 -576 184 ) (-960 -384 184 ) (-672 -384 184 ) (-672 -576 184 ) 
4 276 294 (-672 -1024 184 ) (-672 -1024 208 ) (-960 -1024 208 ) (-960 -1024 184 ) 
4 276 280 (-960 -864 184 ) (-960 -1024 184 ) (-960 -1024 208 ) (-960 -864 208 ) 
4 276 277 (-960 -1024 184 ) (-960 -864 184 ) (-672 -864 184 ) (-672 -1024 184 ) 
4 277 294 (-672 -1024 160 ) (-672 -1024 184 ) (-960 -1024 184 ) (-960 -1024 160 ) 
4 277 280 (-960 -384 184 ) (-960 -384 160 ) (-960 -1024 160 ) (-960 -1024 184 ) 
4 278 283 (-1024 -384 837.333313 ) (-1024 -384 730.666626 ) (-1024 -864 730.666626 ) (-1024 -864 837.333313 ) 
4 278 282 (-1024 -864 1844 ) (-1024 -384 1844 ) (-1024 -384 837.333313 ) (-1024 -864 837.333313 ) 
4 278 279 (-960 -864 688 ) (-960 -864 1844 ) (-1024 -864 1844 ) (-1024 -864 730.666626 ) 
4 279 294 (-960 -1024 208 ) (-960 -1024 1844 ) (-1024 -1024 1844 ) (-1024 -1024 208 ) 
4 279 288 (-1024 -1024 208 ) (-1024 -1024 688 ) (-1024 -864 688 ) (-1024 -864 208 ) 
4 279 284 (-1024 -1024 688 ) (-1024 -1024 1844 ) (-1024 -864 1844 ) (-1024 -864 688 ) 
4 279 280 (-1024 -1024 208 ) (-1024 -864 208 ) (-960 -864 208 ) (-960 -1024 208 ) 
4 280 294 (-960 -1024 160 ) (-960 -1024 208 ) (-1024 -1024 208 ) (-1024 -1024 160 ) 
4 280 290 (-1024 -1024 160 ) (-1024 -1024 208 ) (-1024 -384 208 ) (-1024 -384 160 ) 
4 281 285 (-1248 -384 784 ) (-1248 -384 1844 ) (-1248 0 1844 ) (-1248 0 880 ) 
3 281 283 (-1104 -384 784 ) (-1024 -384 784 ) (-1024 -384 837.333313 ) 
5 281 282 (-1248 -384 1844 ) (-1248 -384 784 ) (-1104 -384 784 ) (-1024 -384 837.333313 ) (-1024 -384 1844 ) 
4 282 285 (-1248 -384 688 ) (-1248 -864 688 ) (-1248 -864 1844 ) (-1248 -384 1844 ) 
4 282 283 (-1024 -864 837.333313 ) (-1104 -864 784 ) (-1104 -384 784 ) (-1024 -384 837.333374 ) 
4 282 284 (-1248 -864 1844 ) (-1248 -864 688 ) (-1024 -864 837.333374 ) (-1024 -864 1844 ) 
3 283 284 (-1024 -864 730.666626 ) (-1024 -864 837.333374 ) (-1104 -864 784 ) 
4 284 295 (-1024 -1024 688 ) (-1024 -1024 1844 ) (-1248 -1024 1844 ) (-1248 -1024 688 ) 
4 284 288 (-1024 -864 688 ) (-1024 -1024 688 ) (-1248 -1024 688 ) (-1248 -864 688 ) 
4 284 285 (-1248 -864 688 ) (-1248 -1024 688 ) (-1248 -1024 1844 ) (-1248 -864 1844 ) 
4 285 295 (-1248 -1024 1844 ) (-1936 -1024 1844 ) (-1936 -1024 688 ) (-1248 -1024 688 ) 
4 285 289 (-1248 -384 688 ) (-1248 -1024 688 ) (-1936 -1024 688 ) (-1936 -384 688 ) 
4 285 287 (-1936 0 688 ) (-1248 0 688 ) (-1248 -384 688 ) (-1936 -384 688 ) 
4 286 287 (-1152 -384 664 ) (-1152 -384 688 ) (-1152 0 688 ) (-1152 0 664 ) 
4 287 290 (-1936 -384 208 ) (-1936 0 208 ) (-1152 0 208 ) (-1152 -384 208 ) 
4 287 289 (-1936 -384 688 ) (-1936 -384 208 ) (-1248 -384 208 ) (-1248 -384 688 ) 
4 288 295 (-1024 -1024 208 ) (-1024 -1024 688 ) (-1248 -1024 688 ) (-1248 -1024 208 ) 
4 288 290 (-1024 -864 208 ) (-1024 -1024 208 ) (-1248 -1024 208 ) (-1248 -864 208 ) 
4 288 289 (-1248 -864 208 ) (-1248 -1024 208 ) (-1248 -1024 688 ) (-1248 -864 688 ) 
4 289 295 (-1248 -1024 688 ) (-1936 -1024 688 ) (-1936 -1024 208 ) (-1248 -1024 208 ) 
4 289 290 (-1936 -1024 208 ) (-1936 -384 208 ) (-1248 -384 208 ) (-1248 -1024 208 ) 
4 290 295 (-1024 -1024 160 ) (-1024 -1024 208 ) (-1936 -1024 208 ) (-1936 -1024 160 ) 
4 291 294 (-384 -1392 976 ) (-384 -1392 1844 ) (-384 -1024 1844 ) (-384 -1024 976 ) 
4 291 293 (-384 -1392 1844 ) (-384 -1392 976 ) (0 -1392 976 ) (0 -1392 1844 ) 
4 292 293 (-384 -1392 208 ) (-384 -1392 160 ) (0 -1392 160 ) (0 -1392 208 ) 
4 292 294 (-384 -1024 160 ) (-384 -1392 160 ) (-384 -1392 208 ) (-384 -1024 208 ) 
4 293 296 (0 -2048 160 ) (0 -2048 1844 ) (-384 -2048 1844 ) (-384 -2048 160 ) 
4 293 294 (-384 -1392 160 ) (-384 -2048 160 ) (-384 -2048 1844 ) (-384 -1392 1844 ) 
4 294 296 (-384 -2048 1844 ) (-1024 -2048 1844 ) (-1024 -2048 160 ) (-384 -2048 160 ) 
4 294 295 (-1024 -1024 1844 ) (-1024 -1024 160 ) (-1024 -2048 160 ) (-1024 -2048 1844 ) 
4 295 297 (-1024 -2048 160 ) (-1024 -2048 1844 ) (-1936 -2048 1844 ) (-1936 -2048 160 ) 
4 296 297 (-1024 -2048 1844 ) (-1024 -2048 160 ) (-1024 -2432 160 ) (-1024 -2432 1844 ) 
