


materialPath: c:\program files (x86)\steam\steamapps\sourcemods\projectbliink\materials
Loading c:\program files (x86)\steam\steamapps\sourcemods\projectbliink\mapsrc\bliink.vmf
Brush 2787: FloatPlane: bad normal
Side 0
Texture: TOOLS/TOOLSNODRAW



materialPath: c:\program files (x86)\steam\steamapps\sourcemods\projectbliink\materials
Loading c:\program files (x86)\steam\steamapps\sourcemods\projectbliink\mapsrc\bliink.vmf
Brush 2787: FloatPlane: bad normal
Side 0
Texture: TOOLS/TOOLSNODRAW



materialPath: c:\program files (x86)\steam\steamapps\sourcemods\projectbliink\materials
Loading c:\program files (x86)\steam\steamapps\sourcemods\projectbliink\mapsrc\bliink.vmf
Brush 2787: FloatPlane: bad normal
Side 0
Texture: TOOLS/TOOLSNODRAW



materialPath: c:\program files (x86)\steam\steamapps\sourcemods\projectbliink\materials
Loading c:\program files (x86)\steam\steamapps\sourcemods\projectbliink\mapsrc\bliink.vmf
Brush 2787: FloatPlane: bad normal
Side 0
Texture: TOOLS/TOOLSNODRAW



materialPath: c:\program files (x86)\steam\steamapps\sourcemods\projectbliink\materials
Loading c:\program files (x86)\steam\steamapps\sourcemods\projectbliink\mapsrc\bliink.vmf
Brush 2787: FloatPlane: bad normal
Side 0
Texture: TOOLS/TOOLSNODRAW



materialPath: c:\program files (x86)\steam\steamapps\sourcemods\projectbliink\materials
Loading c:\program files (x86)\steam\steamapps\sourcemods\projectbliink\mapsrc\bliink.vmf
Could not locate GameData file projectbliink.fgd
fixing up env_cubemap materials on brush sides...
0...1...2...3...4...5...6...7...8...9...100...1...2...3...4...5...6...7...8...9...10Processing areas...done (0)
Building Faces...done (0)
Chop Details...done (0)
Find Visible Detail Sides...
Merged 66 detail faces...done (0)
Merging details...done (0)
FixTjuncs...
PruneNodes...
WriteBSP...
done (0)
writing c:\program files (x86)\steam\steamapps\sourcemods\projectbliink\mapsrc\bliink.prt...Building visibility clusters...
done (0)
Finding displacement neighbors...
Finding lightmap sample positions...
Displacement Alpha : 0...1...2...3...4...5...6...7...8...9...10
Building Physics collision data...
done (0) (125072 bytes)
Placing detail props : 0...1...2...3...4...5...6...7...8...9...10
Compacting texture/material tables...
Reduced 488 texinfos to 363
Reduced 9 texdatas to 9 (193 bytes to 193)
Writing c:\program files (x86)\steam\steamapps\sourcemods\projectbliink\mapsrc\bliink.bsp
1 second elapsed



materialPath: c:\program files (x86)\steam\steamapps\sourcemods\projectbliink\materials
Loading c:\program files (x86)\steam\steamapps\sourcemods\projectbliink\mapsrc\bliink.vmf
Could not locate GameData file projectbliink.fgd
fixing up env_cubemap materials on brush sides...
0...1...2...3...4...5...6...7...8...9...100...1...2...3...4...5...6...7...8...9...10Processing areas...done (0)
Building Faces...done (0)
Chop Details...done (0)
Find Visible Detail Sides...
Merged 66 detail faces...done (0)
Merging details...done (0)
FixTjuncs...
PruneNodes...
WriteBSP...
done (0)
writing c:\program files (x86)\steam\steamapps\sourcemods\projectbliink\mapsrc\bliink.prt...Building visibility clusters...
done (0)
Finding displacement neighbors...
Finding lightmap sample positions...
Displacement Alpha : 0...1...2...3...4...5...6...7...8...9...10
Building Physics collision data...
done (0) (125352 bytes)
Placing detail props : 0...1...2...3...4...5...6...7...8...9...10
Compacting texture/material tables...
Reduced 490 texinfos to 364
Reduced 9 texdatas to 9 (193 bytes to 193)
Writing c:\program files (x86)\steam\steamapps\sourcemods\projectbliink\mapsrc\bliink.bsp
1 second elapsed



materialPath: c:\program files (x86)\steam\steamapps\sourcemods\projectbliink\materials
Loading c:\program files (x86)\steam\steamapps\sourcemods\projectbliink\mapsrc\bliink.vmf
Could not locate GameData file projectbliink.fgd
fixing up env_cubemap materials on brush sides...
0...1...2...3...4...5...6...7...8...9...100...1...2...3...4...5...6...7...8...9...10Processing areas...done (0)
Building Faces...done (0)
Chop Details...done (0)
Find Visible Detail Sides...
Merged 54 detail faces...done (0)
Merging details...done (0)
FixTjuncs...
PruneNodes...
WriteBSP...
done (0)
writing c:\program files (x86)\steam\steamapps\sourcemods\projectbliink\mapsrc\bliink.prt...Building visibility clusters...
done (0)
Finding displacement neighbors...
Finding lightmap sample positions...
Displacement Alpha : 0...1...2...3...4...5...6...7...8...9...10
Building Physics collision data...
done (0) (125368 bytes)
Placing detail props : 0...1...2...3...4...5...6...7...8...9...10
Compacting texture/material tables...
Reduced 490 texinfos to 364
Reduced 9 texdatas to 9 (193 bytes to 193)
Writing c:\program files (x86)\steam\steamapps\sourcemods\projectbliink\mapsrc\bliink.bsp
1 second elapsed



materialPath: c:\program files (x86)\steam\steamapps\sourcemods\projectbliink\materials
Loading c:\program files (x86)\steam\steamapps\sourcemods\projectbliink\mapsrc\bliink.vmf
Could not locate GameData file projectbliink.fgd
fixing up env_cubemap materials on brush sides...
0...1...2...3...4...5...6...7...8...9...100...1...2...3...4...5...6...7...8...9...10Processing areas...done (0)
Building Faces...done (0)
Chop Details...done (0)
Find Visible Detail Sides...
Merged 54 detail faces...done (0)
Merging details...done (0)
FixTjuncs...
PruneNodes...
WriteBSP...
done (0)
writing c:\program files (x86)\steam\steamapps\sourcemods\projectbliink\mapsrc\bliink.prt...Building visibility clusters...
done (0)
Finding displacement neighbors...
Finding lightmap sample positions...
Displacement Alpha : 0...1...2...3...4...5...6...7...8...9...10
Building Physics collision data...
done (0) (126544 bytes)
Placing detail props : 0...1...2...3...4...5...6...7...8...9...10
Compacting texture/material tables...
Reduced 498 texinfos to 372
Reduced 9 texdatas to 9 (193 bytes to 193)
Writing c:\program files (x86)\steam\steamapps\sourcemods\projectbliink\mapsrc\bliink.bsp
1 second elapsed



materialPath: c:\program files (x86)\steam\steamapps\common\alien swarm\swarm\materials
Loading c:\program files (x86)\steam\steamapps\sourcemods\projectbliink\mapsrc\bliink.vmf
fixing up env_cubemap materials on brush sides...
0...1...2...3...4...5...6...7...8...9...100...1...2...3...4...5...6...7...8...9...10Processing areas...done (0)
Building Faces...done (0)
Chop Details...done (0)
Find Visible Detail Sides...
Merged 54 detail faces...done (0)
Merging details...done (0)
FixTjuncs...
PruneNodes...
WriteBSP...
done (0)
writing c:\program files (x86)\steam\steamapps\sourcemods\projectbliink\mapsrc\bliink.prt...Building visibility clusters...
done (0)
Finding displacement neighbors...
Finding lightmap sample positions...
Displacement Alpha : 0...1...2...3...4...5...6...7...8...9...10
Building Physics collision data...
done (0) (126544 bytes)
Placing detail props : 0...1...2...3...4...5...6...7...8...9...10
Compacting texture/material tables...
Reduced 498 texinfos to 372
Reduced 9 texdatas to 9 (193 bytes to 193)
Writing c:\program files (x86)\steam\steamapps\sourcemods\projectbliink\mapsrc\bliink.bsp
1 second elapsed



materialPath: c:\program files (x86)\steam\steamapps\sourcemods\projectbliink\materials
Loading c:\program files (x86)\steam\steamapps\sourcemods\projectbliink\mapsrc\bliink.vmf
Could not locate GameData file projectbliink.fgd
fixing up env_cubemap materials on brush sides...
0...1...2...3...4...5...6...7...8...9...100...1...2...3...4...5...6...7...8...9...10Processing areas...done (0)
Building Faces...done (0)
Chop Details...done (0)
Find Visible Detail Sides...
Merged 54 detail faces...done (0)
Merging details...done (0)
FixTjuncs...
PruneNodes...
WriteBSP...
done (0)
writing c:\program files (x86)\steam\steamapps\sourcemods\projectbliink\mapsrc\bliink.prt...Building visibility clusters...
done (0)
Finding displacement neighbors...
Finding lightmap sample positions...
Displacement Alpha : 0...1...2...3...4...5...6...7...8...9...10
Building Physics collision data...
done (0) (126544 bytes)
Placing detail props : 0...1...2...3...4...5...6...7...8...9...10
Compacting texture/material tables...
Reduced 498 texinfos to 372
Reduced 9 texdatas to 9 (193 bytes to 193)
Writing c:\program files (x86)\steam\steamapps\sourcemods\projectbliink\mapsrc\bliink.bsp
2 seconds elapsed



materialPath: c:\program files (x86)\steam\steamapps\sourcemods\projectbliink\materials
Loading c:\program files (x86)\steam\steamapps\sourcemods\projectbliink\mapsrc\bliink.vmf
Could not locate GameData file projectbliink.fgd
fixing up env_cubemap materials on brush sides...
0...1...2...3...4...5...6...7...8...9...100...1...2...3...4...5...6...7...8...9...10Processing areas...done (0)
Building Faces...done (0)
Chop Details...done (0)
Find Visible Detail Sides...
Merged 54 detail faces...done (0)
Merging details...done (0)
FixTjuncs...
PruneNodes...
WriteBSP...
done (0)
writing c:\program files (x86)\steam\steamapps\sourcemods\projectbliink\mapsrc\bliink.prt...Building visibility clusters...
done (0)
Finding displacement neighbors...
Finding lightmap sample positions...
Displacement Alpha : 0...1...2...3...4...5...6...7...8...9...10
Building Physics collision data...
done (0) (126544 bytes)
Placing detail props : 0...1...2...3...4...5...6...7...8...9...10
Compacting texture/material tables...
Reduced 498 texinfos to 372
Reduced 9 texdatas to 9 (193 bytes to 193)
Writing c:\program files (x86)\steam\steamapps\sourcemods\projectbliink\mapsrc\bliink.bsp
1 second elapsed



materialPath: c:\program files (x86)\steam\steamapps\sourcemods\projectbliink\materials
Loading c:\program files (x86)\steam\steamapps\sourcemods\projectbliink\mapsrc\bliink.vmf
Could not locate GameData file projectbliink.fgd
fixing up env_cubemap materials on brush sides...
0...1...2...3...4...5...6...7...8...9...100...1...2...3...4...5...6...7...8...9...10Processing areas...done (0)
Building Faces...done (0)
Chop Details...done (0)
Find Visible Detail Sides...
Merged 54 detail faces...done (0)
Merging details...done (0)
FixTjuncs...
PruneNodes...
WriteBSP...
done (0)
writing c:\program files (x86)\steam\steamapps\sourcemods\projectbliink\mapsrc\bliink.prt...Building visibility clusters...
done (0)
Finding displacement neighbors...
Finding lightmap sample positions...
Displacement Alpha : 0...1...2...3...4...5...6...7...8...9...10
Building Physics collision data...
done (0) (126544 bytes)
Placing detail props : 0...1...2...3...4...5...6...7...8...9...10
Compacting texture/material tables...
Reduced 498 texinfos to 372
Reduced 9 texdatas to 9 (193 bytes to 193)
Writing c:\program files (x86)\steam\steamapps\sourcemods\projectbliink\mapsrc\bliink.bsp
1 second elapsed



materialPath: c:\program files (x86)\steam\steamapps\sourcemods\projectbliink\materials
Loading c:\program files (x86)\steam\steamapps\sourcemods\projectbliink\mapsrc\bliink.vmf
Could not locate GameData file projectbliink.fgd
fixing up env_cubemap materials on brush sides...
0...1...2...3...4...5...6...7...8...9...100...1...2...3...4...5...6...7...8...9...10Processing areas...done (0)
Building Faces...done (0)
Chop Details...done (0)
Find Visible Detail Sides...
Merged 54 detail faces...done (0)
Merging details...done (0)
FixTjuncs...
PruneNodes...
WriteBSP...
done (0)
writing c:\program files (x86)\steam\steamapps\sourcemods\projectbliink\mapsrc\bliink.prt...Building visibility clusters...
done (0)
Finding displacement neighbors...
Finding lightmap sample positions...
Displacement Alpha : 0...1...2...3...4...5...6...7...8...9...10
Building Physics collision data...
done (0) (126544 bytes)
Placing detail props : 0...1...2...3...4...5...6...7...8...9...10
Compacting texture/material tables...
Reduced 498 texinfos to 372
Reduced 9 texdatas to 9 (193 bytes to 193)
Writing c:\program files (x86)\steam\steamapps\sourcemods\projectbliink\mapsrc\bliink.bsp
1 second elapsed



materialPath: c:\program files (x86)\steam\steamapps\sourcemods\projectbliink\materials
Loading c:\program files (x86)\steam\steamapps\sourcemods\projectbliink\mapsrc\bliink.vmf
Could not locate GameData file projectbliink.fgd
fixing up env_cubemap materials on brush sides...
0...1...2...3...4...5...6...7...8...9...100...1...2...3...4...5...6...7...8...9...10Processing areas...done (0)
Building Faces...done (0)
Chop Details...done (0)
Find Visible Detail Sides...
Merged 54 detail faces...done (0)
Merging details...done (0)
FixTjuncs...
PruneNodes...
WriteBSP...
done (0)
writing c:\program files (x86)\steam\steamapps\sourcemods\projectbliink\mapsrc\bliink.prt...Building visibility clusters...
done (0)
Finding displacement neighbors...
Finding lightmap sample positions...
Displacement Alpha : 0...1...2...3...4...5...6...7...8...9...10
Building Physics collision data...
done (0) (126544 bytes)
Placing detail props : 0...1...2...3...4...5...6...7...8...9...10
Compacting texture/material tables...
Reduced 498 texinfos to 372
Reduced 9 texdatas to 9 (193 bytes to 193)
Writing c:\program files (x86)\steam\steamapps\sourcemods\projectbliink\mapsrc\bliink.bsp
1 second elapsed



materialPath: c:\program files (x86)\steam\steamapps\sourcemods\projectbliink\materials
Loading c:\program files (x86)\steam\steamapps\sourcemods\projectbliink\mapsrc\bliink.vmf
Could not locate GameData file projectbliink.fgd
fixing up env_cubemap materials on brush sides...
0...1...2...3...4...5...6...7...8...9...100...1...2...3...4...5...6...7...8...9...10Processing areas...done (0)
Building Faces...done (0)
Chop Details...done (0)
Find Visible Detail Sides...
Merged 54 detail faces...done (0)
Merging details...done (0)
FixTjuncs...
PruneNodes...
WriteBSP...
done (0)
writing c:\program files (x86)\steam\steamapps\sourcemods\projectbliink\mapsrc\bliink.prt...Building visibility clusters...
done (0)
Finding displacement neighbors...
Finding lightmap sample positions...
Displacement Alpha : 0...1...2...3...4...5...6...7...8...9...10
Building Physics collision data...
done (0) (127103 bytes)
Placing detail props : 0...1...2...3...4...5...6...7...8...9...10
Compacting texture/material tables...
Reduced 501 texinfos to 375
Reduced 10 texdatas to 10 (212 bytes to 212)
Writing c:\program files (x86)\steam\steamapps\sourcemods\projectbliink\mapsrc\bliink.bsp
1 second elapsed



materialPath: c:\program files (x86)\steam\steamapps\sourcemods\projectbliink\materials
Loading c:\program files (x86)\steam\steamapps\sourcemods\projectbliink\mapsrc\bliink.vmf
Could not locate GameData file projectbliink.fgd
fixing up env_cubemap materials on brush sides...
0...1...2...3...4...5...6...7...8...9...100...1...2...3...4...5...6...7...8...9...10Processing areas...done (0)
Building Faces...done (0)
Chop Details...done (0)
Find Visible Detail Sides...
Merged 54 detail faces...done (0)
Merging details...done (0)
FixTjuncs...
PruneNodes...
WriteBSP...
done (0)
writing c:\program files (x86)\steam\steamapps\sourcemods\projectbliink\mapsrc\bliink.prt...Building visibility clusters...
done (0)
Finding displacement neighbors...
Finding lightmap sample positions...
Displacement Alpha : 0...1...2...3...4...5...6...7...8...9...10
Building Physics collision data...
done (0) (127103 bytes)
Placing detail props : 0...1...2...3...4...5...6...7...8...9...10
Compacting texture/material tables...
Reduced 501 texinfos to 375
Reduced 10 texdatas to 10 (212 bytes to 212)
Writing c:\program files (x86)\steam\steamapps\sourcemods\projectbliink\mapsrc\bliink.bsp
1 second elapsed



materialPath: c:\program files (x86)\steam\steamapps\sourcemods\projectbliink\materials
Loading c:\program files (x86)\steam\steamapps\sourcemods\projectbliink\mapsrc\bliink.vmf
Could not locate GameData file projectbliink.fgd
fixing up env_cubemap materials on brush sides...
0...1...2...3...4...5...6...7...8...9...100...1...2...3...4...5...6...7...8...9...10Processing areas...done (0)
Building Faces...done (0)
Chop Details...done (0)
Find Visible Detail Sides...
Merged 54 detail faces...done (0)
Merging details...done (0)
FixTjuncs...
PruneNodes...
WriteBSP...
done (0)
writing c:\program files (x86)\steam\steamapps\sourcemods\projectbliink\mapsrc\bliink.prt...Building visibility clusters...
done (0)
Finding displacement neighbors...
Finding lightmap sample positions...
Displacement Alpha : 0...1...2...3...4...5...6...7...8...9...10
Building Physics collision data...
done (0) (127103 bytes)
Placing detail props : 0...1...2...3...4...5...6...7...8...9...10
Compacting texture/material tables...
Reduced 501 texinfos to 375
Reduced 10 texdatas to 10 (212 bytes to 212)
Writing c:\program files (x86)\steam\steamapps\sourcemods\projectbliink\mapsrc\bliink.bsp
1 second elapsed



materialPath: c:\program files (x86)\steam\steamapps\common\alien swarm\swarm\materials
Loading c:\program files (x86)\steam\steamapps\sourcemods\projectbliink\mapsrc\bliink.vmf
fixing up env_cubemap materials on brush sides...
0...1...2...3...4...5...6...7...8...9...100...1...2...3...4...5...6...7...8...9...10Processing areas...done (0)
Building Faces...done (0)
Chop Details...done (0)
Find Visible Detail Sides...
Merged 54 detail faces...done (0)
Merging details...done (0)
FixTjuncs...
PruneNodes...
WriteBSP...
done (0)
writing c:\program files (x86)\steam\steamapps\sourcemods\projectbliink\mapsrc\bliink.prt...Building visibility clusters...
done (0)
Finding displacement neighbors...
Finding lightmap sample positions...
Displacement Alpha : 0...1...2...3...4...5...6...7...8...9...10
Building Physics collision data...
done (0) (151456 bytes)
Placing detail props : 0...1...2...3...4...5...6...7...8...9...10
Compacting texture/material tables...
Reduced 552 texinfos to 422
Reduced 9 texdatas to 9 (193 bytes to 193)
Writing c:\program files (x86)\steam\steamapps\sourcemods\projectbliink\mapsrc\bliink.bsp
1 second elapsed



materialPath: c:\program files (x86)\steam\steamapps\sourcemods\projectbliink\materials
Loading c:\program files (x86)\steam\steamapps\sourcemods\projectbliink\mapsrc\bliink.vmf
Could not locate GameData file projectbliink.fgd
fixing up env_cubemap materials on brush sides...
0...1...2...3...4...5...6...7...8...9...100...1...2...3...4...5...6...7...8...9...10Processing areas...done (0)
Building Faces...done (0)
Chop Details...done (0)
Find Visible Detail Sides...
Merged 54 detail faces...done (0)
Merging details...done (0)
FixTjuncs...
PruneNodes...
WriteBSP...
done (0)
writing c:\program files (x86)\steam\steamapps\sourcemods\projectbliink\mapsrc\bliink.prt...Building visibility clusters...
done (0)
Finding displacement neighbors...
Finding lightmap sample positions...
Displacement Alpha : 0...1...2...3...4...5...6...7...8...9...10
Building Physics collision data...
done (0) (151456 bytes)
Placing detail props : 0...1...2...3...4...5...6...7...8...9...10
Compacting texture/material tables...
Reduced 552 texinfos to 422
Reduced 9 texdatas to 9 (193 bytes to 193)
Writing c:\program files (x86)\steam\steamapps\sourcemods\projectbliink\mapsrc\bliink.bsp
1 second elapsed



materialPath: c:\program files (x86)\steam\steamapps\sourcemods\projectbliink\materials
Loading c:\program files (x86)\steam\steamapps\sourcemods\projectbliink\mapsrc\bliink.vmf
Could not locate GameData file projectbliink.fgd
fixing up env_cubemap materials on brush sides...
0...1...2...3...4...5...6...7...8...9...100...1...2...3...4...5...6...7...8...9...10Processing areas...done (0)
Building Faces...done (0)
Chop Details...done (0)
Find Visible Detail Sides...
Merged 54 detail faces...done (0)
Merging details...done (0)
FixTjuncs...
PruneNodes...
WriteBSP...
done (0)
writing c:\program files (x86)\steam\steamapps\sourcemods\projectbliink\mapsrc\bliink.prt...Building visibility clusters...
done (0)
Finding displacement neighbors...
Finding lightmap sample positions...
Displacement Alpha : 0...1...2...3...4...5...6...7...8...9...10
Building Physics collision data...
done (0) (151456 bytes)
Placing detail props : 0...1...2...3...4...5...6...7...8...9...10
Compacting texture/material tables...
Reduced 552 texinfos to 422
Reduced 9 texdatas to 9 (193 bytes to 193)
Writing c:\program files (x86)\steam\steamapps\sourcemods\projectbliink\mapsrc\bliink.bsp
1 second elapsed



materialPath: c:\program files (x86)\steam\steamapps\sourcemods\projectbliink\materials
Loading c:\program files (x86)\steam\steamapps\sourcemods\projectbliink\mapsrc\bliink.vmf
Could not locate GameData file projectbliink.fgd
fixing up env_cubemap materials on brush sides...
0...1...2...3...4...5...6...7...8...9...100...1...2...3...4...5...6...7...8...9...10Processing areas...done (0)
Building Faces...done (0)
Chop Details...done (0)
Find Visible Detail Sides...
Merged 54 detail faces...done (0)
Merging details...done (0)
FixTjuncs...
PruneNodes...
WriteBSP...
done (0)
writing c:\program files (x86)\steam\steamapps\sourcemods\projectbliink\mapsrc\bliink.prt...Building visibility clusters...
done (0)
Finding displacement neighbors...
Finding lightmap sample positions...
Displacement Alpha : 0...1...2...3...4...5...6...7...8...9...10
Building Physics collision data...
done (1) (151456 bytes)
Placing detail props : 0...1...2...3...4...5...6...7...8...9...10
Compacting texture/material tables...
Reduced 552 texinfos to 422
Reduced 9 texdatas to 9 (193 bytes to 193)
Writing c:\program files (x86)\steam\steamapps\sourcemods\projectbliink\mapsrc\bliink.bsp
2 seconds elapsed



materialPath: c:\program files (x86)\steam\steamapps\sourcemods\projectbliink\materials
Loading c:\program files (x86)\steam\steamapps\sourcemods\projectbliink\mapsrc\bliink.vmf
Could not locate GameData file projectbliink.fgd
fixing up env_cubemap materials on brush sides...
0...1...2...3...4...5...6...7...8...9...100...1...2...3...4...5...6...7...8...9...10Processing areas...done (0)
Building Faces...done (0)
Chop Details...done (0)
Find Visible Detail Sides...
Merged 54 detail faces...done (0)
Merging details...done (0)
FixTjuncs...
PruneNodes...
WriteBSP...
done (0)
writing c:\program files (x86)\steam\steamapps\sourcemods\projectbliink\mapsrc\bliink.prt...Building visibility clusters...
done (0)
Finding displacement neighbors...
Finding lightmap sample positions...
Displacement Alpha : 0...1...2...3...4...5...6...7...8...9...10
Building Physics collision data...
done (0) (151456 bytes)
Placing detail props : 0...1...2...3...4...5...6...7...8...9...10
Compacting texture/material tables...
Reduced 552 texinfos to 422
Reduced 9 texdatas to 9 (193 bytes to 193)
Writing c:\program files (x86)\steam\steamapps\sourcemods\projectbliink\mapsrc\bliink.bsp
1 second elapsed



materialPath: c:\program files (x86)\steam\steamapps\sourcemods\projectbliink\materials
Loading c:\program files (x86)\steam\steamapps\sourcemods\projectbliink\mapsrc\bliink.vmf
Could not locate GameData file projectbliink.fgd
fixing up env_cubemap materials on brush sides...
0...1...2...3...4...5...6...7...8...9...100...1...2...3...4...5...6...7...8...9...10Processing areas...done (0)
Building Faces...done (0)
Chop Details...done (0)
Find Visible Detail Sides...
Merged 54 detail faces...done (0)
Merging details...done (0)
FixTjuncs...
PruneNodes...
WriteBSP...
done (0)
writing c:\program files (x86)\steam\steamapps\sourcemods\projectbliink\mapsrc\bliink.prt...Building visibility clusters...
done (0)
Finding displacement neighbors...
Finding lightmap sample positions...
Displacement Alpha : 0...1...2...3...4...5...6...7...8...9...10
Building Physics collision data...
done (0) (151456 bytes)
Placing detail props : 0...1...2...3...4...5...6...7...8...9...10
Compacting texture/material tables...
Reduced 552 texinfos to 422
Reduced 9 texdatas to 9 (193 bytes to 193)
Writing c:\program files (x86)\steam\steamapps\sourcemods\projectbliink\mapsrc\bliink.bsp
1 second elapsed



materialPath: c:\program files (x86)\steam\steamapps\sourcemods\projectbliink\materials
Loading c:\program files (x86)\steam\steamapps\sourcemods\projectbliink\mapsrc\bliink.vmf
Could not locate GameData file projectbliink.fgd
fixing up env_cubemap materials on brush sides...
0...1...2...3...4...5...6...7...8...9...100...1...2...3...4...5...6...7...8...9...10Processing areas...done (0)
Building Faces...done (0)
Chop Details...done (0)
Find Visible Detail Sides...
Merged 54 detail faces...done (0)
Merging details...done (0)
FixTjuncs...
PruneNodes...
WriteBSP...
done (0)
writing c:\program files (x86)\steam\steamapps\sourcemods\projectbliink\mapsrc\bliink.prt...Building visibility clusters...
done (0)
Finding displacement neighbors...
Finding lightmap sample positions...
Displacement Alpha : 0...1...2...3...4...5...6...7...8...9...10
Building Physics collision data...
done (0) (151456 bytes)
Placing detail props : 0...1...2...3...4...5...6...7...8...9...10
Compacting texture/material tables...
Reduced 552 texinfos to 422
Reduced 9 texdatas to 9 (193 bytes to 193)
Writing c:\program files (x86)\steam\steamapps\sourcemods\projectbliink\mapsrc\bliink.bsp
1 second elapsed



materialPath: c:\program files (x86)\steam\steamapps\sourcemods\projectbliink\materials
Loading c:\program files (x86)\steam\steamapps\sourcemods\projectbliink\mapsrc\bliink.vmf
Could not locate GameData file projectbliink.fgd
fixing up env_cubemap materials on brush sides...
0...1...2...3...4...5...6...7...8...9...100...1...2...3...4...5...6...7...8...9...10Processing areas...done (0)
Building Faces...done (0)
Chop Details...done (0)
Find Visible Detail Sides...
Merged 54 detail faces...done (0)
Merging details...done (0)
FixTjuncs...
PruneNodes...
WriteBSP...
done (0)
writing c:\program files (x86)\steam\steamapps\sourcemods\projectbliink\mapsrc\bliink.prt...Building visibility clusters...
done (0)
Finding displacement neighbors...
Finding lightmap sample positions...
Displacement Alpha : 0...1...2...3...4...5...6...7...8...9...10
Building Physics collision data...
done (0) (151456 bytes)
Placing detail props : 0...1...2...3...4...5...6...7...8...9...10
Compacting texture/material tables...
Reduced 552 texinfos to 422
Reduced 9 texdatas to 9 (193 bytes to 193)
Writing c:\program files (x86)\steam\steamapps\sourcemods\projectbliink\mapsrc\bliink.bsp
1 second elapsed



materialPath: c:\program files (x86)\steam\steamapps\sourcemods\projectbliink\materials
Loading c:\program files (x86)\steam\steamapps\sourcemods\projectbliink\mapsrc\bliink.vmf
Could not locate GameData file projectbliink.fgd
fixing up env_cubemap materials on brush sides...
0...1...2...3...4...5...6...7...8...9...100...1...2...3...4...5...6...7...8...9...10Processing areas...done (0)
Building Faces...done (0)
Chop Details...done (0)
Find Visible Detail Sides...
Merged 54 detail faces...done (0)
Merging details...done (0)
FixTjuncs...
PruneNodes...
WriteBSP...
done (0)
writing c:\program files (x86)\steam\steamapps\sourcemods\projectbliink\mapsrc\bliink.prt...Building visibility clusters...
done (0)
Finding displacement neighbors...
Finding lightmap sample positions...
Displacement Alpha : 0...1...2...3...4...5...6...7...8...9...10
Building Physics collision data...
done (0) (151456 bytes)
Placing detail props : 0...1...2...3...4...5...6...7...8...9...10
Compacting texture/material tables...
Reduced 552 texinfos to 422
Reduced 9 texdatas to 9 (193 bytes to 193)
Writing c:\program files (x86)\steam\steamapps\sourcemods\projectbliink\mapsrc\bliink.bsp
1 second elapsed



4 threads
reading c:\program files (x86)\steam\steamapps\sourcemods\projectbliink\mapsrc\bliink.bsp
reading c:\program files (x86)\steam\steamapps\sourcemods\projectbliink\mapsrc\bliink.prt
 511 portalclusters
1595 numportals
0...1...2...3...4...5...6...7...8...9...100...1...2...3...4...5...6...7...8...9...10Optimized: 1960 visible clusters (0.00%)
Total clusters visible: 102047
Average clusters visible: 199
Building PAS...
Average clusters audible: 500
visdatasize:63996  compressed from 65408
writing c:\program files (x86)\steam\steamapps\sourcemods\projectbliink\mapsrc\bliink.bsp
36 seconds elapsed



materialPath: c:\program files (x86)\steam\steamapps\sourcemods\projectbliink\materials
Loading c:\program files (x86)\steam\steamapps\sourcemods\projectbliink\mapsrc\bliink.vmf
Could not locate GameData file projectbliink.fgd
fixing up env_cubemap materials on brush sides...
0...1...2...3...4...5...6...7...8...9...100...1...2...3...4...5...6...7...8...9...10Processing areas...done (0)
Building Faces...done (0)
Chop Details...done (0)
Find Visible Detail Sides...
Merged 54 detail faces...done (0)
Merging details...done (0)
FixTjuncs...
PruneNodes...
WriteBSP...
done (0)
writing c:\program files (x86)\steam\steamapps\sourcemods\projectbliink\mapsrc\bliink.prt...Building visibility clusters...
done (0)
Finding displacement neighbors...
Finding lightmap sample positions...
Displacement Alpha : 0...1...2...3...4...5...6...7...8...9...10
Building Physics collision data...
done (0) (151456 bytes)
Placing detail props : 0...1...2...3...4...5...6...7...8...9...10
Compacting texture/material tables...
Reduced 552 texinfos to 422
Reduced 9 texdatas to 9 (193 bytes to 193)
Writing c:\program files (x86)\steam\steamapps\sourcemods\projectbliink\mapsrc\bliink.bsp
1 second elapsed



materialPath: c:\program files (x86)\steam\steamapps\sourcemods\projectbliink\materials
Loading c:\program files (x86)\steam\steamapps\sourcemods\projectbliink\mapsrc\bliink.vmf
Could not locate GameData file projectbliink.fgd
fixing up env_cubemap materials on brush sides...
0...1...2...3...4...5...6...7...8...9...100...1...2...3...4...5...6...7...8...9...10Processing areas...done (0)
Building Faces...done (0)
Chop Details...done (0)
Find Visible Detail Sides...
Merged 54 detail faces...done (0)
Merging details...done (0)
FixTjuncs...
PruneNodes...
WriteBSP...
done (0)
writing c:\program files (x86)\steam\steamapps\sourcemods\projectbliink\mapsrc\bliink.prt...Building visibility clusters...
done (0)
Finding displacement neighbors...
Finding lightmap sample positions...
Displacement Alpha : 0...1...2...3...4...5...6...7...8...9...10
Building Physics collision data...
done (0) (151456 bytes)
Placing detail props : 0...1...2...3...4...5...6...7...8...9...10
Compacting texture/material tables...
Reduced 552 texinfos to 422
Reduced 9 texdatas to 9 (193 bytes to 193)
Writing c:\program files (x86)\steam\steamapps\sourcemods\projectbliink\mapsrc\bliink.bsp
2 seconds elapsed



materialPath: c:\program files (x86)\steam\steamapps\sourcemods\projectbliink\materials
Loading c:\program files (x86)\steam\steamapps\sourcemods\projectbliink\mapsrc\bliink.vmf
Could not locate GameData file projectbliink.fgd
fixing up env_cubemap materials on brush sides...
0...1...2...3...4...5...6...7...8...9...100...1...2...3...4...5...6...7...8...9...10Processing areas...done (0)
Building Faces...done (0)
Chop Details...done (0)
Find Visible Detail Sides...
Merged 54 detail faces...done (0)
Merging details...done (0)
FixTjuncs...
PruneNodes...
WriteBSP...
done (0)
writing c:\program files (x86)\steam\steamapps\sourcemods\projectbliink\mapsrc\bliink.prt...Building visibility clusters...
done (0)
Finding displacement neighbors...
Finding lightmap sample positions...
Displacement Alpha : 0...1...2...3...4...5...6...7...8...9...10
Building Physics collision data...
done (0) (151456 bytes)
Placing detail props : 0...1...2...3...4...5...6...7...8...9...10
Compacting texture/material tables...
Reduced 552 texinfos to 422
Reduced 9 texdatas to 9 (193 bytes to 193)
Writing c:\program files (x86)\steam\steamapps\sourcemods\projectbliink\mapsrc\bliink.bsp
1 second elapsed



materialPath: c:\program files (x86)\steam\steamapps\sourcemods\projectbliink\materials
Loading c:\program files (x86)\steam\steamapps\sourcemods\projectbliink\mapsrc\bliink.vmf
Could not locate GameData file projectbliink.fgd
fixing up env_cubemap materials on brush sides...
0...1...2...3...4...5...6...7...8...9...100...1...2...3...4...5...6...7...8...9...10Processing areas...done (0)
Building Faces...done (0)
Chop Details...done (0)
Find Visible Detail Sides...
Merged 54 detail faces...done (0)
Merging details...done (0)
FixTjuncs...
PruneNodes...
WriteBSP...
done (0)
writing c:\program files (x86)\steam\steamapps\sourcemods\projectbliink\mapsrc\bliink.prt...Building visibility clusters...
done (0)
Finding displacement neighbors...
Finding lightmap sample positions...
Displacement Alpha : 0...1...2...3...4...5...6...7...8...9...10
Building Physics collision data...
done (0) (151456 bytes)
Placing detail props : 0...1...2...3...4...5...6...7...8...9...10
Compacting texture/material tables...
Reduced 552 texinfos to 422
Reduced 9 texdatas to 9 (193 bytes to 193)
Writing c:\program files (x86)\steam\steamapps\sourcemods\projectbliink\mapsrc\bliink.bsp
1 second elapsed



materialPath: c:\program files (x86)\steam\steamapps\sourcemods\projectbliink\materials
Loading c:\program files (x86)\steam\steamapps\sourcemods\projectbliink\mapsrc\bliink.vmf
Could not locate GameData file projectbliink.fgd
fixing up env_cubemap materials on brush sides...
0...1...2...3...4...5...6...7...8...9...100...1...2...3...4...5...6...7...8...9...10Processing areas...done (0)
Building Faces...done (0)
Chop Details...done (0)
Find Visible Detail Sides...
Merged 54 detail faces...done (0)
Merging details...done (0)
FixTjuncs...
PruneNodes...
WriteBSP...
done (0)
writing c:\program files (x86)\steam\steamapps\sourcemods\projectbliink\mapsrc\bliink.prt...Building visibility clusters...
done (0)
Finding displacement neighbors...
Finding lightmap sample positions...
Displacement Alpha : 0...1...2...3...4...5...6...7...8...9...10
Building Physics collision data...
done (0) (151456 bytes)
Placing detail props : 0...1...2...3...4...5...6...7...8...9...10
Compacting texture/material tables...
Reduced 552 texinfos to 422
Reduced 9 texdatas to 9 (193 bytes to 193)
Writing c:\program files (x86)\steam\steamapps\sourcemods\projectbliink\mapsrc\bliink.bsp
1 second elapsed



materialPath: c:\program files (x86)\steam\steamapps\sourcemods\projectbliink\materials
Loading c:\program files (x86)\steam\steamapps\sourcemods\projectbliink\mapsrc\bliink.vmf
Could not locate GameData file projectbliink.fgd
fixing up env_cubemap materials on brush sides...
0...1...2...3...4...5...6...7...8...9...100...1...2...3...4...5...6...7...8...9...10Processing areas...done (0)
Building Faces...done (0)
Chop Details...done (0)
Find Visible Detail Sides...
Merged 54 detail faces...done (0)
Merging details...done (0)
FixTjuncs...
PruneNodes...
WriteBSP...
done (0)
writing c:\program files (x86)\steam\steamapps\sourcemods\projectbliink\mapsrc\bliink.prt...Building visibility clusters...
done (0)
Finding displacement neighbors...
Finding lightmap sample positions...
Displacement Alpha : 0...1...2...3...4...5...6...7...8...9...10
Building Physics collision data...
done (0) (151456 bytes)
Placing detail props : 0...1...2...3...4...5...6...7...8...9...10
Compacting texture/material tables...
Reduced 552 texinfos to 422
Reduced 9 texdatas to 9 (193 bytes to 193)
Writing c:\program files (x86)\steam\steamapps\sourcemods\projectbliink\mapsrc\bliink.bsp
1 second elapsed



materialPath: c:\program files (x86)\steam\steamapps\sourcemods\projectbliink\materials
Loading c:\program files (x86)\steam\steamapps\sourcemods\projectbliink\mapsrc\bliink.vmf
Could not locate GameData file projectbliink.fgd
fixing up env_cubemap materials on brush sides...
0...1...2...3...4...5...6...7...8...9...100...1...2...3...4...5...6...7...8...9...10Processing areas...done (0)
Building Faces...done (0)
Chop Details...done (0)
Find Visible Detail Sides...
Merged 54 detail faces...done (0)
Merging details...done (0)
FixTjuncs...
PruneNodes...
WriteBSP...
done (0)
writing c:\program files (x86)\steam\steamapps\sourcemods\projectbliink\mapsrc\bliink.prt...Building visibility clusters...
done (0)
Finding displacement neighbors...
Finding lightmap sample positions...
Displacement Alpha : 0...1...2...3...4...5...6...7...8...9...10
Building Physics collision data...
done (0) (151456 bytes)
Placing detail props : 0...1...2...3...4...5...6...7...8...9...10
Compacting texture/material tables...
Reduced 552 texinfos to 422
Reduced 9 texdatas to 9 (193 bytes to 193)
Writing c:\program files (x86)\steam\steamapps\sourcemods\projectbliink\mapsrc\bliink.bsp
1 second elapsed



materialPath: c:\program files (x86)\steam\steamapps\sourcemods\projectbliink\materials
Loading c:\program files (x86)\steam\steamapps\sourcemods\projectbliink\mapsrc\bliink.vmf
Could not locate GameData file projectbliink.fgd
fixing up env_cubemap materials on brush sides...
0...1...2...3...4...5...6...7...8...9...100...1...2...3...4...5...6...7...8...9...10Processing areas...done (0)
Building Faces...done (0)
Chop Details...done (0)
Find Visible Detail Sides...
Merged 54 detail faces...done (0)
Merging details...done (0)
FixTjuncs...
PruneNodes...
WriteBSP...
done (0)
writing c:\program files (x86)\steam\steamapps\sourcemods\projectbliink\mapsrc\bliink.prt...Building visibility clusters...
done (0)
Finding displacement neighbors...
Finding lightmap sample positions...
Displacement Alpha : 0...1...2...3...4...5...6...7...8...9...10
Building Physics collision data...
done (0) (151456 bytes)
Placing detail props : 0...1...2...3...4...5...6...7...8...9...10
Compacting texture/material tables...
Reduced 552 texinfos to 422
Reduced 9 texdatas to 9 (193 bytes to 193)
Writing c:\program files (x86)\steam\steamapps\sourcemods\projectbliink\mapsrc\bliink.bsp
1 second elapsed



materialPath: c:\program files (x86)\steam\steamapps\sourcemods\projectbliink\materials
Loading c:\program files (x86)\steam\steamapps\sourcemods\projectbliink\mapsrc\bliink.vmf
Could not locate GameData file projectbliink.fgd
fixing up env_cubemap materials on brush sides...
0...1...2...3...4...5...6...7...8...9...100...1...2...3...4...5...6...7...8...9...10Processing areas...done (0)
Building Faces...done (0)
Chop Details...done (0)
Find Visible Detail Sides...
Merged 54 detail faces...done (0)
Merging details...done (0)
FixTjuncs...
PruneNodes...
WriteBSP...
done (0)
writing c:\program files (x86)\steam\steamapps\sourcemods\projectbliink\mapsrc\bliink.prt...Building visibility clusters...
done (0)
Finding displacement neighbors...
Finding lightmap sample positions...
Displacement Alpha : 0...1...2...3...4...5...6...7...8...9...10
Building Physics collision data...
done (0) (151456 bytes)
Placing detail props : 0...1...2...3...4...5...6...7...8...9...10
Compacting texture/material tables...
Reduced 552 texinfos to 422
Reduced 9 texdatas to 9 (193 bytes to 193)
Writing c:\program files (x86)\steam\steamapps\sourcemods\projectbliink\mapsrc\bliink.bsp
1 second elapsed



materialPath: c:\program files (x86)\steam\steamapps\sourcemods\projectbliink\materials
Loading c:\program files (x86)\steam\steamapps\sourcemods\projectbliink\mapsrc\bliink.vmf
Could not locate GameData file projectbliink.fgd
fixing up env_cubemap materials on brush sides...
0...1...2...3...4...5...6...7...8...9...100...1...2...3...4...5...6...7...8...9...10Processing areas...done (0)
Building Faces...done (0)
Chop Details...done (0)
Find Visible Detail Sides...
Merged 54 detail faces...done (0)
Merging details...done (0)
FixTjuncs...
PruneNodes...
WriteBSP...
done (0)
writing c:\program files (x86)\steam\steamapps\sourcemods\projectbliink\mapsrc\bliink.prt...Building visibility clusters...
done (0)
Finding displacement neighbors...
Finding lightmap sample positions...
Displacement Alpha : 0...1...2...3...4...5...6...7...8...9...10
Building Physics collision data...
done (0) (151456 bytes)
Placing detail props : 0...1...2...3...4...5...6...7...8...9...10
Compacting texture/material tables...
Reduced 552 texinfos to 422
Reduced 9 texdatas to 9 (193 bytes to 193)
Writing c:\program files (x86)\steam\steamapps\sourcemods\projectbliink\mapsrc\bliink.bsp
1 second elapsed



materialPath: c:\program files (x86)\steam\steamapps\sourcemods\projectbliink\materials
Loading c:\program files (x86)\steam\steamapps\sourcemods\projectbliink\mapsrc\bliink.vmf
Could not locate GameData file projectbliink.fgd
fixing up env_cubemap materials on brush sides...
0...1...2...3...4...5...6...7...8...9...100...1...2...3...4...5...6...7...8...9...10Processing areas...done (0)
Building Faces...done (0)
Chop Details...done (0)
Find Visible Detail Sides...
Merged 54 detail faces...done (0)
Merging details...done (0)
FixTjuncs...
PruneNodes...
WriteBSP...
done (0)
writing c:\program files (x86)\steam\steamapps\sourcemods\projectbliink\mapsrc\bliink.prt...Building visibility clusters...
done (0)
Finding displacement neighbors...
Finding lightmap sample positions...
Displacement Alpha : 0...1...2...3...4...5...6...7...8...9...10
Building Physics collision data...
done (0) (151456 bytes)
Placing detail props : 0...1...2...3...4...5...6...7...8...9...10
Compacting texture/material tables...
Reduced 552 texinfos to 422
Reduced 9 texdatas to 9 (193 bytes to 193)
Writing c:\program files (x86)\steam\steamapps\sourcemods\projectbliink\mapsrc\bliink.bsp
1 second elapsed



materialPath: c:\program files (x86)\steam\steamapps\sourcemods\projectbliink\materials
Loading c:\program files (x86)\steam\steamapps\sourcemods\projectbliink\mapsrc\bliink.vmf
Could not locate GameData file projectbliink.fgd
fixing up env_cubemap materials on brush sides...
0...1...2...3...4...5...6...7...8...9...100...1...2...3...4...5...6...7...8...9...10Processing areas...done (0)
Building Faces...done (0)
Chop Details...done (0)
Find Visible Detail Sides...
Merged 54 detail faces...done (0)
Merging details...done (0)
FixTjuncs...
PruneNodes...
WriteBSP...
done (0)
writing c:\program files (x86)\steam\steamapps\sourcemods\projectbliink\mapsrc\bliink.prt...Building visibility clusters...
done (0)
Finding displacement neighbors...
Finding lightmap sample positions...
Displacement Alpha : 0...1...2...3...4...5...6...7...8...9...10
Building Physics collision data...
done (0) (151456 bytes)
Placing detail props : 0...1...2...3...4...5...6...7...8...9...10
Compacting texture/material tables...
Reduced 552 texinfos to 422
Reduced 9 texdatas to 9 (193 bytes to 193)
Writing c:\program files (x86)\steam\steamapps\sourcemods\projectbliink\mapsrc\bliink.bsp
1 second elapsed



materialPath: c:\program files (x86)\steam\steamapps\sourcemods\projectbliink\materials
Loading c:\program files (x86)\steam\steamapps\sourcemods\projectbliink\mapsrc\bliink.vmf
Could not locate GameData file projectbliink.fgd
fixing up env_cubemap materials on brush sides...
0...1...2...3...4...5...6...7...8...9...100...1...2...3...4...5...6...7...8...9...10Processing areas...done (0)
Building Faces...done (0)
Chop Details...done (0)
Find Visible Detail Sides...
Merged 54 detail faces...done (0)
Merging details...done (0)
FixTjuncs...
PruneNodes...
WriteBSP...
done (0)
writing c:\program files (x86)\steam\steamapps\sourcemods\projectbliink\mapsrc\bliink.prt...Building visibility clusters...
done (0)
Finding displacement neighbors...
Finding lightmap sample positions...
Displacement Alpha : 0...1...2...3...4...5...6...7...8...9...10
Building Physics collision data...
done (0) (151456 bytes)
Placing detail props : 0...1...2...3...4...5...6...7...8...9...10
Compacting texture/material tables...
Reduced 552 texinfos to 422
Reduced 9 texdatas to 9 (193 bytes to 193)
Writing c:\program files (x86)\steam\steamapps\sourcemods\projectbliink\mapsrc\bliink.bsp
1 second elapsed



materialPath: c:\program files (x86)\steam\steamapps\sourcemods\projectbliink\materials
Loading c:\program files (x86)\steam\steamapps\sourcemods\projectbliink\mapsrc\bliink.vmf
Could not locate GameData file projectbliink.fgd
fixing up env_cubemap materials on brush sides...
0...1...2...3...4...5...6...7...8...9...100...1...2...3...4...5...6...7...8...9...10Processing areas...done (0)
Building Faces...done (0)
Chop Details...done (0)
Find Visible Detail Sides...
Merged 54 detail faces...done (0)
Merging details...done (0)
FixTjuncs...
PruneNodes...
WriteBSP...
done (0)
writing c:\program files (x86)\steam\steamapps\sourcemods\projectbliink\mapsrc\bliink.prt...Building visibility clusters...
done (0)
Finding displacement neighbors...
Finding lightmap sample positions...
Displacement Alpha : 0...1...2...3...4...5...6...7...8...9...10
Building Physics collision data...
done (0) (152011 bytes)
Placing detail props : 0...1...2...3...4...5...6...7...8...9...10
Compacting texture/material tables...
Reduced 558 texinfos to 425
Reduced 10 texdatas to 10 (212 bytes to 212)
Writing c:\program files (x86)\steam\steamapps\sourcemods\projectbliink\mapsrc\bliink.bsp
1 second elapsed



materialPath: c:\program files (x86)\steam\steamapps\sourcemods\projectbliink\materials
Loading c:\program files (x86)\steam\steamapps\sourcemods\projectbliink\mapsrc\bliink.vmf
Could not locate GameData file projectbliink.fgd
fixing up env_cubemap materials on brush sides...
0...1...2...3...4...5...6...7...8...9...100...1...2...3...4...5...6...7...8...9...10Processing areas...done (0)
Building Faces...done (0)
Chop Details...done (0)
Find Visible Detail Sides...
Merged 54 detail faces...done (0)
Merging details...done (0)
FixTjuncs...
PruneNodes...
WriteBSP...
done (0)
writing c:\program files (x86)\steam\steamapps\sourcemods\projectbliink\mapsrc\bliink.prt...Building visibility clusters...
done (0)
Finding displacement neighbors...
Finding lightmap sample positions...
Displacement Alpha : 0...1...2...3...4...5...6...7...8...9...10
Building Physics collision data...
done (0) (151456 bytes)
Placing detail props : 0...1...2...3...4...5...6...7...8...9...10
Compacting texture/material tables...
Reduced 552 texinfos to 422
Reduced 9 texdatas to 9 (193 bytes to 193)
Writing c:\program files (x86)\steam\steamapps\sourcemods\projectbliink\mapsrc\bliink.bsp
1 second elapsed



materialPath: c:\program files (x86)\steam\steamapps\sourcemods\projectbliink\materials
Loading c:\program files (x86)\steam\steamapps\sourcemods\projectbliink\mapsrc\bliink.vmf
Could not locate GameData file projectbliink.fgd
fixing up env_cubemap materials on brush sides...
0...1...2...3...4...5...6...7...8...9...100...1...2...3...4...5...6...7...8...9...10Processing areas...done (0)
Building Faces...done (0)
Chop Details...done (0)
Find Visible Detail Sides...
Merged 54 detail faces...done (0)
Merging details...done (0)
FixTjuncs...
PruneNodes...
WriteBSP...
done (0)
writing c:\program files (x86)\steam\steamapps\sourcemods\projectbliink\mapsrc\bliink.prt...Building visibility clusters...
done (0)
Finding displacement neighbors...
Finding lightmap sample positions...
Displacement Alpha : 0...1...2...3...4...5...6...7...8...9...10
Building Physics collision data...
done (0) (151456 bytes)
Placing detail props : 0...1...2...3...4...5...6...7...8...9...10
Compacting texture/material tables...
Reduced 552 texinfos to 422
Reduced 9 texdatas to 9 (193 bytes to 193)
Writing c:\program files (x86)\steam\steamapps\sourcemods\projectbliink\mapsrc\bliink.bsp
1 second elapsed



materialPath: c:\program files (x86)\steam\steamapps\sourcemods\projectbliink\materials
Loading c:\program files (x86)\steam\steamapps\sourcemods\projectbliink\mapsrc\bliink.vmf
Could not locate GameData file projectbliink.fgd
fixing up env_cubemap materials on brush sides...
0...1...2...3...4...5...6...7...8...9...100...1...2...3...4...5...6...7...8...9...10Processing areas...done (0)
Building Faces...done (0)
Chop Details...done (0)
Find Visible Detail Sides...
Merged 54 detail faces...done (0)
Merging details...done (0)
FixTjuncs...
PruneNodes...
WriteBSP...
done (0)
writing c:\program files (x86)\steam\steamapps\sourcemods\projectbliink\mapsrc\bliink.prt...Building visibility clusters...
done (0)
Finding displacement neighbors...
Finding lightmap sample positions...
Displacement Alpha : 0...1...2...3...4...5...6...7...8...9...10
Building Physics collision data...
done (0) (151456 bytes)
Placing detail props : 0...1...2...3...4...5...6...7...8...9...10
Compacting texture/material tables...
Reduced 552 texinfos to 422
Reduced 9 texdatas to 9 (193 bytes to 193)
Writing c:\program files (x86)\steam\steamapps\sourcemods\projectbliink\mapsrc\bliink.bsp
1 second elapsed



materialPath: c:\program files (x86)\steam\steamapps\sourcemods\projectbliink\materials
Loading c:\program files (x86)\steam\steamapps\sourcemods\projectbliink\mapsrc\bliink.vmf
Could not locate GameData file projectbliink.fgd
fixing up env_cubemap materials on brush sides...
0...1...2...3...4...5...6...7...8...9...100...1...2...3...4...5...6...7...8...9...10Processing areas...done (0)
Building Faces...done (0)
Chop Details...done (0)
Find Visible Detail Sides...
Merged 54 detail faces...done (0)
Merging details...done (0)
FixTjuncs...
PruneNodes...
WriteBSP...
done (0)
writing c:\program files (x86)\steam\steamapps\sourcemods\projectbliink\mapsrc\bliink.prt...Building visibility clusters...
done (0)
Finding displacement neighbors...
Finding lightmap sample positions...
Displacement Alpha : 0...1...2...3...4...5...6...7...8...9...10
Building Physics collision data...
done (0) (151456 bytes)
Placing detail props : 0...1...2...3...4...5...6...7...8...9...10
Compacting texture/material tables...
Reduced 552 texinfos to 422
Reduced 9 texdatas to 9 (193 bytes to 193)
Writing c:\program files (x86)\steam\steamapps\sourcemods\projectbliink\mapsrc\bliink.bsp
1 second elapsed



materialPath: c:\program files (x86)\steam\steamapps\sourcemods\projectbliink\materials
Loading c:\program files (x86)\steam\steamapps\sourcemods\projectbliink\mapsrc\bliink.vmf
Could not locate GameData file projectbliink.fgd
fixing up env_cubemap materials on brush sides...
0...1...2...3...4...5...6...7...8...9...100...1...2...3...4...5...6...7...8...9...10Processing areas...done (0)
Building Faces...done (0)
Chop Details...done (0)
Find Visible Detail Sides...
Merged 54 detail faces...done (0)
Merging details...done (0)
FixTjuncs...
PruneNodes...
WriteBSP...
done (0)
writing c:\program files (x86)\steam\steamapps\sourcemods\projectbliink\mapsrc\bliink.prt...Building visibility clusters...
done (0)
Finding displacement neighbors...
Finding lightmap sample positions...
Displacement Alpha : 0...1...2...3...4...5...6...7...8...9...10
Building Physics collision data...
done (0) (151456 bytes)
Placing detail props : 0...1...2...3...4...5...6...7...8...9...10
Compacting texture/material tables...
Reduced 552 texinfos to 422
Reduced 9 texdatas to 9 (193 bytes to 193)
Writing c:\program files (x86)\steam\steamapps\sourcemods\projectbliink\mapsrc\bliink.bsp
0 seconds elapsed



materialPath: c:\program files (x86)\steam\steamapps\sourcemods\projectbliink\materials
Loading c:\program files (x86)\steam\steamapps\sourcemods\projectbliink\mapsrc\bliink.vmf
Could not locate GameData file projectbliink.fgd
fixing up env_cubemap materials on brush sides...
0...1...2...3...4...5...6...7...8...9...100...1...2...3...4...5...6...7...8...9...10Processing areas...done (0)
Building Faces...done (0)
Chop Details...done (1)
Find Visible Detail Sides...
Merged 54 detail faces...done (1)
Merging details...done (0)
FixTjuncs...
PruneNodes...
WriteBSP...
done (0)
writing c:\program files (x86)\steam\steamapps\sourcemods\projectbliink\mapsrc\bliink.prt...Building visibility clusters...
done (0)
Finding displacement neighbors...
Finding lightmap sample positions...
Displacement Alpha : 0...1...2...3...4...5...6...7...8...9...10
Building Physics collision data...
done (0) (151456 bytes)
Placing detail props : 0...1...2...3...4...5...6...7...8...9...10
Compacting texture/material tables...
Reduced 552 texinfos to 422
Reduced 9 texdatas to 9 (193 bytes to 193)
Writing c:\program files (x86)\steam\steamapps\sourcemods\projectbliink\mapsrc\bliink.bsp
1 second elapsed



materialPath: c:\program files (x86)\steam\steamapps\sourcemods\projectbliink\materials
Loading c:\program files (x86)\steam\steamapps\sourcemods\projectbliink\mapsrc\bliink.vmf
Could not locate GameData file projectbliink.fgd
fixing up env_cubemap materials on brush sides...
0...1...2...3...4...5...6...7...8...9...100...1...2...3...4...5...6...7...8...9...10Processing areas...done (0)
Building Faces...done (0)
Chop Details...done (0)
Find Visible Detail Sides...
Merged 54 detail faces...done (0)
Merging details...done (0)
FixTjuncs...
PruneNodes...
WriteBSP...
done (0)
writing c:\program files (x86)\steam\steamapps\sourcemods\projectbliink\mapsrc\bliink.prt...Building visibility clusters...
done (0)
Finding displacement neighbors...
Finding lightmap sample positions...
Displacement Alpha : 0...1...2...3...4...5...6...7...8...9...10
Building Physics collision data...
done (0) (151456 bytes)
Placing detail props : 0...1...2...3...4...5...6...7...8...9...10
Compacting texture/material tables...
Reduced 552 texinfos to 422
Reduced 9 texdatas to 9 (193 bytes to 193)
Writing c:\program files (x86)\steam\steamapps\sourcemods\projectbliink\mapsrc\bliink.bsp
1 second elapsed



materialPath: c:\program files (x86)\steam\steamapps\sourcemods\projectbliink\materials
Loading c:\program files (x86)\steam\steamapps\sourcemods\projectbliink\mapsrc\bliink.vmf
Could not locate GameData file projectbliink.fgd
fixing up env_cubemap materials on brush sides...
0...1...2...3...4...5...6...7...8...9...100...1...2...3...4...5...6...7...8...9...10Processing areas...done (0)
Building Faces...done (0)
Chop Details...done (0)
Find Visible Detail Sides...
Merged 54 detail faces...done (0)
Merging details...done (0)
FixTjuncs...
PruneNodes...
WriteBSP...
done (0)
writing c:\program files (x86)\steam\steamapps\sourcemods\projectbliink\mapsrc\bliink.prt...Building visibility clusters...
done (0)
Finding displacement neighbors...
Finding lightmap sample positions...
Displacement Alpha : 0...1...2...3...4...5...6...7...8...9...10
Building Physics collision data...
done (1) (151456 bytes)
Placing detail props : 0...1...2...3...4...5...6...7...8...9...10
Compacting texture/material tables...
Reduced 552 texinfos to 422
Reduced 9 texdatas to 9 (193 bytes to 193)
Writing c:\program files (x86)\steam\steamapps\sourcemods\projectbliink\mapsrc\bliink.bsp
3 seconds elapsed



materialPath: c:\program files (x86)\steam\steamapps\sourcemods\projectbliink\materials
Loading c:\program files (x86)\steam\steamapps\sourcemods\projectbliink\mapsrc\bliink.vmf
Could not locate GameData file projectbliink.fgd
fixing up env_cubemap materials on brush sides...
0...1...2...3...4...5...6...7...8...9...100...1...2...3...4...5...6...7...8...9...10Processing areas...done (0)
Building Faces...done (0)
Chop Details...done (0)
Find Visible Detail Sides...
Merged 54 detail faces...done (0)
Merging details...done (0)
FixTjuncs...
PruneNodes...
WriteBSP...
done (0)
writing c:\program files (x86)\steam\steamapps\sourcemods\projectbliink\mapsrc\bliink.prt...Building visibility clusters...
done (0)
Finding displacement neighbors...
Finding lightmap sample positions...
Displacement Alpha : 0...1...2...3...4...5...6...7...8...9...10
Building Physics collision data...
done (0) (151456 bytes)
Placing detail props : 0...1...2...3...4...5...6...7...8...9...10
Compacting texture/material tables...
Reduced 552 texinfos to 422
Reduced 9 texdatas to 9 (193 bytes to 193)
Writing c:\program files (x86)\steam\steamapps\sourcemods\projectbliink\mapsrc\bliink.bsp
1 second elapsed



materialPath: c:\program files (x86)\steam\steamapps\sourcemods\projectbliink\materials
Loading c:\program files (x86)\steam\steamapps\sourcemods\projectbliink\mapsrc\bliink.vmf
Could not locate GameData file projectbliink.fgd
fixing up env_cubemap materials on brush sides...
0...1...2...3...4...5...6...7...8...9...100...1...2...3...4...5...6...7...8...9...10Processing areas...done (0)
Building Faces...done (0)
Chop Details...done (0)
Find Visible Detail Sides...
Merged 54 detail faces...done (0)
Merging details...done (0)
FixTjuncs...
PruneNodes...
WriteBSP...
done (0)
writing c:\program files (x86)\steam\steamapps\sourcemods\projectbliink\mapsrc\bliink.prt...Building visibility clusters...
done (0)
Finding displacement neighbors...
Finding lightmap sample positions...
Displacement Alpha : 0...1...2...3...4...5...6...7...8...9...10
Building Physics collision data...
done (0) (151456 bytes)
Placing detail props : 0...1...2...3...4...5...6...7...8...9...10
Compacting texture/material tables...
Reduced 552 texinfos to 422
Reduced 9 texdatas to 9 (193 bytes to 193)
Writing c:\program files (x86)\steam\steamapps\sourcemods\projectbliink\mapsrc\bliink.bsp
1 second elapsed



materialPath: c:\program files (x86)\steam\steamapps\sourcemods\projectbliink\materials
Loading c:\program files (x86)\steam\steamapps\sourcemods\projectbliink\mapsrc\bliink.vmf
Could not locate GameData file projectbliink.fgd
fixing up env_cubemap materials on brush sides...
0...1...2...3...4...5...6...7...8...9...100...1...2...3...4...5...6...7...8...9...10Processing areas...done (0)
Building Faces...done (0)
Chop Details...done (0)
Find Visible Detail Sides...
Merged 54 detail faces...done (0)
Merging details...done (0)
FixTjuncs...
PruneNodes...
WriteBSP...
done (0)
writing c:\program files (x86)\steam\steamapps\sourcemods\projectbliink\mapsrc\bliink.prt...Building visibility clusters...
done (0)
Finding displacement neighbors...
Finding lightmap sample positions...
Displacement Alpha : 0...1...2...3...4...5...6...7...8...9...10
Building Physics collision data...
done (1) (151456 bytes)
Placing detail props : 0...1...2...3...4...5...6...7...8...9...10
Compacting texture/material tables...
Reduced 552 texinfos to 422
Reduced 9 texdatas to 9 (193 bytes to 193)
Writing c:\program files (x86)\steam\steamapps\sourcemods\projectbliink\mapsrc\bliink.bsp
1 second elapsed



materialPath: c:\program files (x86)\steam\steamapps\sourcemods\projectbliink\materials
Loading c:\program files (x86)\steam\steamapps\sourcemods\projectbliink\mapsrc\bliink.vmf
Could not locate GameData file projectbliink.fgd
fixing up env_cubemap materials on brush sides...
0...1...2...3...4...5...6...7...8...9...100...1...2...3...4...5...6...7...8...9...10Processing areas...done (0)
Building Faces...done (0)
Chop Details...done (0)
Find Visible Detail Sides...
Merged 54 detail faces...done (0)
Merging details...done (0)
FixTjuncs...
PruneNodes...
WriteBSP...
done (0)
writing c:\program files (x86)\steam\steamapps\sourcemods\projectbliink\mapsrc\bliink.prt...Building visibility clusters...
done (0)
Finding displacement neighbors...
Finding lightmap sample positions...
Displacement Alpha : 0...1...2...3...4...5...6...7...8...9...10
Building Physics collision data...
done (0) (151456 bytes)
Placing detail props : 0...1...2...3...4...5...6...7...8...9...10
Compacting texture/material tables...
Reduced 552 texinfos to 422
Reduced 9 texdatas to 9 (193 bytes to 193)
Writing c:\program files (x86)\steam\steamapps\sourcemods\projectbliink\mapsrc\bliink.bsp
1 second elapsed

materialPath: C:\Program Files (x86)\Steam\steamapps\sourcemods\projectbliink\materials
Loading c:\program files (x86)\steam\steamapps\sourcemods\projectbliink\mapsrc\bliink.vmf
Could not locate GameData file projectbliink.fgd
fixing up env_cubemap materials on brush sides...
0...1...2...3...4...5...6...7...8...9...100...1...2...3...4...5...6...7...8...9...10Processing areas...done (0)
Building Faces...done (0)
Chop Details...done (0)
Find Visible Detail Sides...
Merged 54 detail faces...done (0)
Merging details...done (0)
FixTjuncs...
PruneNodes...
WriteBSP...
done (0)
writing c:\program files (x86)\steam\steamapps\sourcemods\projectbliink\mapsrc\bliink.prt...Building visibility clusters...
done (0)
Finding displacement neighbors...
Finding lightmap sample positions...
Displacement Alpha : 0...1...2...3...4...5...6...7...8...9...10
Building Physics collision data...
done (0) (151456 bytes)
Placing detail props : 0...1...2...3...4...5...6...7...8...9...10
Compacting texture/material tables...
Reduced 552 texinfos to 422
Reduced 9 texdatas to 9 (193 bytes to 193)
Writing c:\program files (x86)\steam\steamapps\sourcemods\projectbliink\mapsrc\bliink.bsp
0 seconds elapsed



[Reading texlights from 'lights.rad']
[45 texlights parsed from 'lights.rad']

Loading c:\program files (x86)\steam\steamapps\sourcemods\projectbliink\mapsrc\bliink.bsp
No vis information, direct lighting only.
1729 faces
912034 square feet [131332936.00 square inches]
0 Displacements
0 Square Feet [0.00 Square Inches]
0 direct lights
0...1...2...3...4...5...6...7...8...9...10Build Patch/Sample Hash Table(s).....Done<0.0076 sec>
0...1...2...3...4...5...6...7...8...9...10FinalLightFace Done
0 of 0 (0% of) surface lights went in leaf ambient cubes.
0...1...2...3...4...5...6...7...8...9...10Writing leaf ambient...done
Ready to Finish

Object names       Objects/Maxobjs  Memory / Maxmem  Fullness 
------------       ---------------  ---------------  -------- 
models                   9/1024          432/49152    ( 0.9%) 
brushes                397/8192         4764/98304    ( 4.8%) 
brushsides            3459/65536       27672/524288   ( 5.3%) 
planes                2854/65536       57080/1310720  ( 4.4%) 
vertexes              2832/65536       33984/786432   ( 4.3%) 
nodes                 1309/65536       41888/2097152  ( 2.0%) 
texinfos               422/12288       30384/884736   ( 3.4%) 
texdata                  9/2048          288/65536    ( 0.4%) 
dispinfos                0/0               0/0        ( 0.0%) 
disp_verts               0/0               0/0        ( 0.0%) 
disp_tris                0/0               0/0        ( 0.0%) 
disp_multiblend          0/0               0/0        ( 0.0%) 
disp_lmsamples           0/0               0/0        ( 0.0%) 
faces                 1729/65536       96824/3670016  ( 2.6%) 
hdr faces             1729/65536       96824/3670016  ( 2.6%) 
origfaces             1203/65536       67368/3670016  ( 1.8%) 
leaves                1319/65536       42208/2097152  ( 2.0%) 
leaffaces             2156/65536        4312/131072   ( 3.3%) 
leafbrushes           1061/65536        2122/131072   ( 1.6%) 
areas                    2/256            16/2048     ( 0.8%) 
surfedges            12636/512000      50544/2048000  ( 2.5%) 
edges                 7760/256000      31040/1024000  ( 3.0%) 
LDR worldlights          0/8192            0/819200   ( 0.0%) 
HDR worldlights          0/8192            0/819200   ( 0.0%) 
leafwaterdata            0/32768           0/393216   ( 0.0%) 
waterstrips            129/32768        1290/327680   ( 0.4%) 
waterverts               0/65536           0/786432   ( 0.0%) 
waterindices          2073/65536        4146/131072   ( 3.2%) 
cubemapsamples           0/1024            0/16384    ( 0.0%) 
overlays                 0/512             0/180224   ( 0.0%) 
LDR lightdata         [variable]           0/0        ( 0.0%) 
HDR lightdata         [variable]      586496/0        ( 0.0%) 
visdata               [variable]           0/16777216 ( 0.0%) 
entdata               [variable]       23084/393216   ( 5.9%) 
LDR ambient table     1319/65536        5276/262144   ( 2.0%) 
HDR ambient table     1319/65536        5276/262144   ( 2.0%) 
LDR leaf ambient      1319/65536       36932/1835008  ( 2.0%) 
HDR leaf ambient       735/65536       20580/1835008  ( 1.1%) 
occluders                0/0               0/0        ( 0.0%) 
occluder polygons        0/0               0/0        ( 0.0%) 
occluder vert ind        0/0               0/0        ( 0.0%) 
Prop Hull Verts          0/0               0/0        ( 0.0%) 
Prop Hull Blob           0/0               0/0        ( 0.0%) 
Prop Hull Lists          0/0               0/0        ( 0.0%) 
Prop Hulls               0/0               0/0        ( 0.0%) 
Prop Hull trilist        0/0               0/0        ( 0.0%) 
detail props          [variable]           1/12       ( 8.3%) 
static props          [variable]           1/12       ( 8.3%) 
pakfile               [variable]       74422/0        ( 0.0%) 
physics               [variable]      151456/4194304  ( 3.6%) 
physics terrain       [variable]           2/1048576  ( 0.0%) 

Level flags = 0

Total triangle count: 4384
Writing c:\program files (x86)\steam\steamapps\sourcemods\projectbliink\mapsrc\bliink.bsp
8 seconds elapsed



materialPath: C:\Program Files (x86)\Steam\steamapps\sourcemods\projectbliink\materials
Loading c:\program files (x86)\steam\steamapps\sourcemods\projectbliink\mapsrc\bliink.vmf
Could not locate GameData file projectbliink.fgd
fixing up env_cubemap materials on brush sides...
0...1...2...3...4...5...6...7...8...9...100...1...2...3...4...5...6...7...8...9...10Processing areas...done (0)
Building Faces...done (0)
Chop Details...done (0)
Find Visible Detail Sides...
Merged 54 detail faces...done (0)
Merging details...done (0)
FixTjuncs...
PruneNodes...
WriteBSP...
done (0)
writing c:\program files (x86)\steam\steamapps\sourcemods\projectbliink\mapsrc\bliink.prt...Building visibility clusters...
done (0)
Finding displacement neighbors...
Finding lightmap sample positions...
Displacement Alpha : 0...1...2...3...4...5...6...7...8...9...10
Building Physics collision data...
done (0) (151456 bytes)
Placing detail props : 0...1...2...3...4...5...6...7...8...9...10
Compacting texture/material tables...
Reduced 552 texinfos to 422
Reduced 9 texdatas to 9 (193 bytes to 193)
Writing c:\program files (x86)\steam\steamapps\sourcemods\projectbliink\mapsrc\bliink.bsp
0 seconds elapsed



[Reading texlights from 'lights.rad']
[45 texlights parsed from 'lights.rad']

Loading c:\program files (x86)\steam\steamapps\sourcemods\projectbliink\mapsrc\bliink.bsp
No vis information, direct lighting only.
1729 faces
912034 square feet [131332936.00 square inches]
0 Displacements
0 Square Feet [0.00 Square Inches]
0 direct lights
0...1...2...3...4...5...6...7...8...9...10Build Patch/Sample Hash Table(s).....Done<0.0075 sec>
0...1...2...3...4...5...6...7...8...9...10FinalLightFace Done
0 of 0 (0% of) surface lights went in leaf ambient cubes.
0...1...2...3...4...5...6...7...8...9...10Writing leaf ambient...done
Ready to Finish

Object names       Objects/Maxobjs  Memory / Maxmem  Fullness 
------------       ---------------  ---------------  -------- 
models                   9/1024          432/49152    ( 0.9%) 
brushes                397/8192         4764/98304    ( 4.8%) 
brushsides            3459/65536       27672/524288   ( 5.3%) 
planes                2854/65536       57080/1310720  ( 4.4%) 
vertexes              2832/65536       33984/786432   ( 4.3%) 
nodes                 1309/65536       41888/2097152  ( 2.0%) 
texinfos               422/12288       30384/884736   ( 3.4%) 
texdata                  9/2048          288/65536    ( 0.4%) 
dispinfos                0/0               0/0        ( 0.0%) 
disp_verts               0/0               0/0        ( 0.0%) 
disp_tris                0/0               0/0        ( 0.0%) 
disp_multiblend          0/0               0/0        ( 0.0%) 
disp_lmsamples           0/0               0/0        ( 0.0%) 
faces                 1729/65536       96824/3670016  ( 2.6%) 
hdr faces             1729/65536       96824/3670016  ( 2.6%) 
origfaces             1203/65536       67368/3670016  ( 1.8%) 
leaves                1319/65536       42208/2097152  ( 2.0%) 
leaffaces             2156/65536        4312/131072   ( 3.3%) 
leafbrushes           1061/65536        2122/131072   ( 1.6%) 
areas                    2/256            16/2048     ( 0.8%) 
surfedges            12636/512000      50544/2048000  ( 2.5%) 
edges                 7760/256000      31040/1024000  ( 3.0%) 
LDR worldlights          0/8192            0/819200   ( 0.0%) 
HDR worldlights          0/8192            0/819200   ( 0.0%) 
leafwaterdata            0/32768           0/393216   ( 0.0%) 
waterstrips            129/32768        1290/327680   ( 0.4%) 
waterverts               0/65536           0/786432   ( 0.0%) 
waterindices          2073/65536        4146/131072   ( 3.2%) 
cubemapsamples           0/1024            0/16384    ( 0.0%) 
overlays                 0/512             0/180224   ( 0.0%) 
LDR lightdata         [variable]           0/0        ( 0.0%) 
HDR lightdata         [variable]      586496/0        ( 0.0%) 
visdata               [variable]           0/16777216 ( 0.0%) 
entdata               [variable]       23093/393216   ( 5.9%) 
LDR ambient table     1319/65536        5276/262144   ( 2.0%) 
HDR ambient table     1319/65536        5276/262144   ( 2.0%) 
LDR leaf ambient      1319/65536       36932/1835008  ( 2.0%) 
HDR leaf ambient       735/65536       20580/1835008  ( 1.1%) 
occluders                0/0               0/0        ( 0.0%) 
occluder polygons        0/0               0/0        ( 0.0%) 
occluder vert ind        0/0               0/0        ( 0.0%) 
Prop Hull Verts          0/0               0/0        ( 0.0%) 
Prop Hull Blob           0/0               0/0        ( 0.0%) 
Prop Hull Lists          0/0               0/0        ( 0.0%) 
Prop Hulls               0/0               0/0        ( 0.0%) 
Prop Hull trilist        0/0               0/0        ( 0.0%) 
detail props          [variable]           1/12       ( 8.3%) 
static props          [variable]           1/12       ( 8.3%) 
pakfile               [variable]       74422/0        ( 0.0%) 
physics               [variable]      151456/4194304  ( 3.6%) 
physics terrain       [variable]           2/1048576  ( 0.0%) 

Level flags = 0

Total triangle count: 4384
Writing c:\program files (x86)\steam\steamapps\sourcemods\projectbliink\mapsrc\bliink.bsp
8 seconds elapsed



materialPath: C:\Program Files (x86)\Steam\steamapps\sourcemods\projectbliink\materials
Loading c:\program files (x86)\steam\steamapps\sourcemods\projectbliink\mapsrc\bliink.vmf
Could not locate GameData file projectbliink.fgd
fixing up env_cubemap materials on brush sides...
0...1...2...3...4...5...6...7...8...9...100...1...2...3...4...5...6...7...8...9...10Processing areas...done (0)
Building Faces...done (0)
Chop Details...done (0)
Find Visible Detail Sides...
Merged 54 detail faces...done (0)
Merging details...done (0)
FixTjuncs...
PruneNodes...
WriteBSP...
done (0)
writing c:\program files (x86)\steam\steamapps\sourcemods\projectbliink\mapsrc\bliink.prt...Building visibility clusters...
done (0)
Finding displacement neighbors...
Finding lightmap sample positions...
Displacement Alpha : 0...1...2...3...4...5...6...7...8...9...10
Building Physics collision data...
done (0) (151456 bytes)
Placing detail props : 0...1...2...3...4...5...6...7...8...9...10
Compacting texture/material tables...
Reduced 552 texinfos to 422
Reduced 9 texdatas to 9 (193 bytes to 193)
Writing c:\program files (x86)\steam\steamapps\sourcemods\projectbliink\mapsrc\bliink.bsp
0 seconds elapsed



[Reading texlights from 'lights.rad']
[45 texlights parsed from 'lights.rad']

Loading c:\program files (x86)\steam\steamapps\sourcemods\projectbliink\mapsrc\bliink.bsp
No vis information, direct lighting only.
1729 faces
912034 square feet [131332936.00 square inches]
0 Displacements
0 Square Feet [0.00 Square Inches]
0 direct lights
0...1...2...3...4...5...6...7...8...9...10Build Patch/Sample Hash Table(s).....Done<0.0079 sec>
0...1...2...3...4...5...6...7...8...9...10FinalLightFace Done
0 of 0 (0% of) surface lights went in leaf ambient cubes.
0...1...2...3...4...5...6...7...8...9...10Writing leaf ambient...done
Ready to Finish

Object names       Objects/Maxobjs  Memory / Maxmem  Fullness 
------------       ---------------  ---------------  -------- 
models                   9/1024          432/49152    ( 0.9%) 
brushes                397/8192         4764/98304    ( 4.8%) 
brushsides            3459/65536       27672/524288   ( 5.3%) 
planes                2854/65536       57080/1310720  ( 4.4%) 
vertexes              2832/65536       33984/786432   ( 4.3%) 
nodes                 1309/65536       41888/2097152  ( 2.0%) 
texinfos               422/12288       30384/884736   ( 3.4%) 
texdata                  9/2048          288/65536    ( 0.4%) 
dispinfos                0/0               0/0        ( 0.0%) 
disp_verts               0/0               0/0        ( 0.0%) 
disp_tris                0/0               0/0        ( 0.0%) 
disp_multiblend          0/0               0/0        ( 0.0%) 
disp_lmsamples           0/0               0/0        ( 0.0%) 
faces                 1729/65536       96824/3670016  ( 2.6%) 
hdr faces             1729/65536       96824/3670016  ( 2.6%) 
origfaces             1203/65536       67368/3670016  ( 1.8%) 
leaves                1319/65536       42208/2097152  ( 2.0%) 
leaffaces             2156/65536        4312/131072   ( 3.3%) 
leafbrushes           1061/65536        2122/131072   ( 1.6%) 
areas                    2/256            16/2048     ( 0.8%) 
surfedges            12636/512000      50544/2048000  ( 2.5%) 
edges                 7760/256000      31040/1024000  ( 3.0%) 
LDR worldlights          0/8192            0/819200   ( 0.0%) 
HDR worldlights          0/8192            0/819200   ( 0.0%) 
leafwaterdata            0/32768           0/393216   ( 0.0%) 
waterstrips            129/32768        1290/327680   ( 0.4%) 
waterverts               0/65536           0/786432   ( 0.0%) 
waterindices          2073/65536        4146/131072   ( 3.2%) 
cubemapsamples           0/1024            0/16384    ( 0.0%) 
overlays                 0/512             0/180224   ( 0.0%) 
LDR lightdata         [variable]           0/0        ( 0.0%) 
HDR lightdata         [variable]      586496/0        ( 0.0%) 
visdata               [variable]           0/16777216 ( 0.0%) 
entdata               [variable]       23080/393216   ( 5.9%) 
LDR ambient table     1319/65536        5276/262144   ( 2.0%) 
HDR ambient table     1319/65536        5276/262144   ( 2.0%) 
LDR leaf ambient      1319/65536       36932/1835008  ( 2.0%) 
HDR leaf ambient       735/65536       20580/1835008  ( 1.1%) 
occluders                0/0               0/0        ( 0.0%) 
occluder polygons        0/0               0/0        ( 0.0%) 
occluder vert ind        0/0               0/0        ( 0.0%) 
Prop Hull Verts          0/0               0/0        ( 0.0%) 
Prop Hull Blob           0/0               0/0        ( 0.0%) 
Prop Hull Lists          0/0               0/0        ( 0.0%) 
Prop Hulls               0/0               0/0        ( 0.0%) 
Prop Hull trilist        0/0               0/0        ( 0.0%) 
detail props          [variable]           1/12       ( 8.3%) 
static props          [variable]           1/12       ( 8.3%) 
pakfile               [variable]       74422/0        ( 0.0%) 
physics               [variable]      151456/4194304  ( 3.6%) 
physics terrain       [variable]           2/1048576  ( 0.0%) 

Level flags = 0

Total triangle count: 4384
Writing c:\program files (x86)\steam\steamapps\sourcemods\projectbliink\mapsrc\bliink.bsp
8 seconds elapsed



materialPath: C:\Program Files (x86)\Steam\steamapps\sourcemods\projectbliink\materials
Loading c:\program files (x86)\steam\steamapps\sourcemods\projectbliink\mapsrc\bliink.vmf
Could not locate GameData file projectbliink.fgd
fixing up env_cubemap materials on brush sides...
0...1...2...3...4...5...6...7...8...9...100...1...2...3...4...5...6...7...8...9...10Processing areas...done (0)
Building Faces...done (0)
Chop Details...done (0)
Find Visible Detail Sides...
Merged 54 detail faces...done (0)
Merging details...done (0)
FixTjuncs...
PruneNodes...
WriteBSP...
done (0)
writing c:\program files (x86)\steam\steamapps\sourcemods\projectbliink\mapsrc\bliink.prt...Building visibility clusters...
done (0)
Finding displacement neighbors...
Finding lightmap sample positions...
Displacement Alpha : 0...1...2...3...4...5...6...7...8...9...10
Building Physics collision data...
done (0) (151456 bytes)
Placing detail props : 0...1...2...3...4...5...6...7...8...9...10
Compacting texture/material tables...
Reduced 552 texinfos to 422
Reduced 9 texdatas to 9 (193 bytes to 193)
Writing c:\program files (x86)\steam\steamapps\sourcemods\projectbliink\mapsrc\bliink.bsp
0 seconds elapsed



[Reading texlights from 'lights.rad']
[45 texlights parsed from 'lights.rad']

Loading c:\program files (x86)\steam\steamapps\sourcemods\projectbliink\mapsrc\bliink.bsp
No vis information, direct lighting only.
1729 faces
912034 square feet [131332936.00 square inches]
0 Displacements
0 Square Feet [0.00 Square Inches]
0 direct lights
0...1...2...3...4...5...6...7...8...9...10Build Patch/Sample Hash Table(s).....Done<0.0077 sec>
0...1...2...3...4...5...6...7...8...9...10FinalLightFace Done
0 of 0 (0% of) surface lights went in leaf ambient cubes.
0...1...2...3...4...5...6...7...8...9...10Writing leaf ambient...done
Ready to Finish

Object names       Objects/Maxobjs  Memory / Maxmem  Fullness 
------------       ---------------  ---------------  -------- 
models                   9/1024          432/49152    ( 0.9%) 
brushes                397/8192         4764/98304    ( 4.8%) 
brushsides            3459/65536       27672/524288   ( 5.3%) 
planes                2854/65536       57080/1310720  ( 4.4%) 
vertexes              2832/65536       33984/786432   ( 4.3%) 
nodes                 1309/65536       41888/2097152  ( 2.0%) 
texinfos               422/12288       30384/884736   ( 3.4%) 
texdata                  9/2048          288/65536    ( 0.4%) 
dispinfos                0/0               0/0        ( 0.0%) 
disp_verts               0/0               0/0        ( 0.0%) 
disp_tris                0/0               0/0        ( 0.0%) 
disp_multiblend          0/0               0/0        ( 0.0%) 
disp_lmsamples           0/0               0/0        ( 0.0%) 
faces                 1729/65536       96824/3670016  ( 2.6%) 
hdr faces             1729/65536       96824/3670016  ( 2.6%) 
origfaces             1203/65536       67368/3670016  ( 1.8%) 
leaves                1319/65536       42208/2097152  ( 2.0%) 
leaffaces             2156/65536        4312/131072   ( 3.3%) 
leafbrushes           1061/65536        2122/131072   ( 1.6%) 
areas                    2/256            16/2048     ( 0.8%) 
surfedges            12636/512000      50544/2048000  ( 2.5%) 
edges                 7760/256000      31040/1024000  ( 3.0%) 
LDR worldlights          0/8192            0/819200   ( 0.0%) 
HDR worldlights          0/8192            0/819200   ( 0.0%) 
leafwaterdata            0/32768           0/393216   ( 0.0%) 
waterstrips            129/32768        1290/327680   ( 0.4%) 
waterverts               0/65536           0/786432   ( 0.0%) 
waterindices          2073/65536        4146/131072   ( 3.2%) 
cubemapsamples           0/1024            0/16384    ( 0.0%) 
overlays                 0/512             0/180224   ( 0.0%) 
LDR lightdata         [variable]           0/0        ( 0.0%) 
HDR lightdata         [variable]      586496/0        ( 0.0%) 
visdata               [variable]           0/16777216 ( 0.0%) 
entdata               [variable]       23093/393216   ( 5.9%) 
LDR ambient table     1319/65536        5276/262144   ( 2.0%) 
HDR ambient table     1319/65536        5276/262144   ( 2.0%) 
LDR leaf ambient      1319/65536       36932/1835008  ( 2.0%) 
HDR leaf ambient       735/65536       20580/1835008  ( 1.1%) 
occluders                0/0               0/0        ( 0.0%) 
occluder polygons        0/0               0/0        ( 0.0%) 
occluder vert ind        0/0               0/0        ( 0.0%) 
Prop Hull Verts          0/0               0/0        ( 0.0%) 
Prop Hull Blob           0/0               0/0        ( 0.0%) 
Prop Hull Lists          0/0               0/0        ( 0.0%) 
Prop Hulls               0/0               0/0        ( 0.0%) 
Prop Hull trilist        0/0               0/0        ( 0.0%) 
detail props          [variable]           1/12       ( 8.3%) 
static props          [variable]           1/12       ( 8.3%) 
pakfile               [variable]       74422/0        ( 0.0%) 
physics               [variable]      151456/4194304  ( 3.6%) 
physics terrain       [variable]           2/1048576  ( 0.0%) 

Level flags = 0

Total triangle count: 4384
Writing c:\program files (x86)\steam\steamapps\sourcemods\projectbliink\mapsrc\bliink.bsp
8 seconds elapsed



materialPath: C:\Program Files (x86)\Steam\steamapps\sourcemods\projectbliink\materials
Loading c:\program files (x86)\steam\steamapps\sourcemods\projectbliink\mapsrc\bliink.vmf
Could not locate GameData file projectbliink.fgd
fixing up env_cubemap materials on brush sides...
0...1...2...3...4...5...6...7...8...9...100...1...2...3...4...5...6...7...8...9...10Processing areas...done (0)
Building Faces...done (0)
Chop Details...done (0)
Find Visible Detail Sides...
Merged 54 detail faces...done (0)
Merging details...done (0)
FixTjuncs...
PruneNodes...
WriteBSP...
done (0)
writing c:\program files (x86)\steam\steamapps\sourcemods\projectbliink\mapsrc\bliink.prt...Building visibility clusters...
done (0)
Finding displacement neighbors...
Finding lightmap sample positions...
Displacement Alpha : 0...1...2...3...4...5...6...7...8...9...10
Building Physics collision data...
done (0) (151456 bytes)
Placing detail props : 0...1...2...3...4...5...6...7...8...9...10
Compacting texture/material tables...
Reduced 552 texinfos to 422
Reduced 9 texdatas to 9 (193 bytes to 193)
Writing c:\program files (x86)\steam\steamapps\sourcemods\projectbliink\mapsrc\bliink.bsp
0 seconds elapsed



[Reading texlights from 'lights.rad']
[45 texlights parsed from 'lights.rad']

Loading c:\program files (x86)\steam\steamapps\sourcemods\projectbliink\mapsrc\bliink.bsp
No vis information, direct lighting only.
1729 faces
912034 square feet [131332936.00 square inches]
0 Displacements
0 Square Feet [0.00 Square Inches]
0 direct lights
0...1...2...3...4...5...6...7...8...9...10Build Patch/Sample Hash Table(s).....Done<0.0076 sec>
0...1...2...3...4...5...6...7...8...9...10FinalLightFace Done
0 of 0 (0% of) surface lights went in leaf ambient cubes.
0...1...2...3...4...5...6...7...8...9...10Writing leaf ambient...done
Ready to Finish

Object names       Objects/Maxobjs  Memory / Maxmem  Fullness 
------------       ---------------  ---------------  -------- 
models                   9/1024          432/49152    ( 0.9%) 
brushes                397/8192         4764/98304    ( 4.8%) 
brushsides            3459/65536       27672/524288   ( 5.3%) 
planes                2854/65536       57080/1310720  ( 4.4%) 
vertexes              2832/65536       33984/786432   ( 4.3%) 
nodes                 1309/65536       41888/2097152  ( 2.0%) 
texinfos               422/12288       30384/884736   ( 3.4%) 
texdata                  9/2048          288/65536    ( 0.4%) 
dispinfos                0/0               0/0        ( 0.0%) 
disp_verts               0/0               0/0        ( 0.0%) 
disp_tris                0/0               0/0        ( 0.0%) 
disp_multiblend          0/0               0/0        ( 0.0%) 
disp_lmsamples           0/0               0/0        ( 0.0%) 
faces                 1729/65536       96824/3670016  ( 2.6%) 
hdr faces             1729/65536       96824/3670016  ( 2.6%) 
origfaces             1203/65536       67368/3670016  ( 1.8%) 
leaves                1319/65536       42208/2097152  ( 2.0%) 
leaffaces             2156/65536        4312/131072   ( 3.3%) 
leafbrushes           1061/65536        2122/131072   ( 1.6%) 
areas                    2/256            16/2048     ( 0.8%) 
surfedges            12636/512000      50544/2048000  ( 2.5%) 
edges                 7760/256000      31040/1024000  ( 3.0%) 
LDR worldlights          0/8192            0/819200   ( 0.0%) 
HDR worldlights          0/8192            0/819200   ( 0.0%) 
leafwaterdata            0/32768           0/393216   ( 0.0%) 
waterstrips            129/32768        1290/327680   ( 0.4%) 
waterverts               0/65536           0/786432   ( 0.0%) 
waterindices          2073/65536        4146/131072   ( 3.2%) 
cubemapsamples           0/1024            0/16384    ( 0.0%) 
overlays                 0/512             0/180224   ( 0.0%) 
LDR lightdata         [variable]           0/0        ( 0.0%) 
HDR lightdata         [variable]      586496/0        ( 0.0%) 
visdata               [variable]           0/16777216 ( 0.0%) 
entdata               [variable]       23082/393216   ( 5.9%) 
LDR ambient table     1319/65536        5276/262144   ( 2.0%) 
HDR ambient table     1319/65536        5276/262144   ( 2.0%) 
LDR leaf ambient      1319/65536       36932/1835008  ( 2.0%) 
HDR leaf ambient       735/65536       20580/1835008  ( 1.1%) 
occluders                0/0               0/0        ( 0.0%) 
occluder polygons        0/0               0/0        ( 0.0%) 
occluder vert ind        0/0               0/0        ( 0.0%) 
Prop Hull Verts          0/0               0/0        ( 0.0%) 
Prop Hull Blob           0/0               0/0        ( 0.0%) 
Prop Hull Lists          0/0               0/0        ( 0.0%) 
Prop Hulls               0/0               0/0        ( 0.0%) 
Prop Hull trilist        0/0               0/0        ( 0.0%) 
detail props          [variable]           1/12       ( 8.3%) 
static props          [variable]           1/12       ( 8.3%) 
pakfile               [variable]       74422/0        ( 0.0%) 
physics               [variable]      151456/4194304  ( 3.6%) 
physics terrain       [variable]           2/1048576  ( 0.0%) 

Level flags = 0

Total triangle count: 4384
Writing c:\program files (x86)\steam\steamapps\sourcemods\projectbliink\mapsrc\bliink.bsp
8 seconds elapsed



materialPath: C:\Program Files (x86)\Steam\steamapps\sourcemods\projectbliink\materials
Loading c:\program files (x86)\steam\steamapps\sourcemods\projectbliink\mapsrc\bliink.vmf
Could not locate GameData file projectbliink.fgd
fixing up env_cubemap materials on brush sides...
0...1...2...3...4...5...6...7...8...9...100...1...2...3...4...5...6...7...8...9...10Processing areas...done (0)
Building Faces...done (0)
Chop Details...done (0)
Find Visible Detail Sides...
Merged 54 detail faces...done (0)
Merging details...done (0)
FixTjuncs...
PruneNodes...
WriteBSP...
done (0)
writing c:\program files (x86)\steam\steamapps\sourcemods\projectbliink\mapsrc\bliink.prt...Building visibility clusters...
done (0)
Finding displacement neighbors...
Finding lightmap sample positions...
Displacement Alpha : 0...1...2...3...4...5...6...7...8...9...10
Building Physics collision data...
done (0) (151456 bytes)
Placing detail props : 0...1...2...3...4...5...6...7...8...9...10
Compacting texture/material tables...
Reduced 552 texinfos to 422
Reduced 9 texdatas to 9 (193 bytes to 193)
Writing c:\program files (x86)\steam\steamapps\sourcemods\projectbliink\mapsrc\bliink.bsp
0 seconds elapsed



[Reading texlights from 'lights.rad']
[45 texlights parsed from 'lights.rad']

Loading c:\program files (x86)\steam\steamapps\sourcemods\projectbliink\mapsrc\bliink.bsp
No vis information, direct lighting only.
1729 faces
912034 square feet [131332936.00 square inches]
0 Displacements
0 Square Feet [0.00 Square Inches]
0 direct lights
0...1...2...3...4...5...6...7...8...9...10Build Patch/Sample Hash Table(s).....Done<0.0076 sec>
0...1...2...3...4...5...6...7...8...9...10FinalLightFace Done
0 of 0 (0% of) surface lights went in leaf ambient cubes.
0...1...2...3...4...5...6...7...8...9...10Writing leaf ambient...done
Ready to Finish

Object names       Objects/Maxobjs  Memory / Maxmem  Fullness 
------------       ---------------  ---------------  -------- 
models                   9/1024          432/49152    ( 0.9%) 
brushes                397/8192         4764/98304    ( 4.8%) 
brushsides            3459/65536       27672/524288   ( 5.3%) 
planes                2854/65536       57080/1310720  ( 4.4%) 
vertexes              2832/65536       33984/786432   ( 4.3%) 
nodes                 1309/65536       41888/2097152  ( 2.0%) 
texinfos               422/12288       30384/884736   ( 3.4%) 
texdata                  9/2048          288/65536    ( 0.4%) 
dispinfos                0/0               0/0        ( 0.0%) 
disp_verts               0/0               0/0        ( 0.0%) 
disp_tris                0/0               0/0        ( 0.0%) 
disp_multiblend          0/0               0/0        ( 0.0%) 
disp_lmsamples           0/0               0/0        ( 0.0%) 
faces                 1729/65536       96824/3670016  ( 2.6%) 
hdr faces             1729/65536       96824/3670016  ( 2.6%) 
origfaces             1203/65536       67368/3670016  ( 1.8%) 
leaves                1319/65536       42208/2097152  ( 2.0%) 
leaffaces             2156/65536        4312/131072   ( 3.3%) 
leafbrushes           1061/65536        2122/131072   ( 1.6%) 
areas                    2/256            16/2048     ( 0.8%) 
surfedges            12636/512000      50544/2048000  ( 2.5%) 
edges                 7760/256000      31040/1024000  ( 3.0%) 
LDR worldlights          0/8192            0/819200   ( 0.0%) 
HDR worldlights          0/8192            0/819200   ( 0.0%) 
leafwaterdata            0/32768           0/393216   ( 0.0%) 
waterstrips            129/32768        1290/327680   ( 0.4%) 
waterverts               0/65536           0/786432   ( 0.0%) 
waterindices          2073/65536        4146/131072   ( 3.2%) 
cubemapsamples           0/1024            0/16384    ( 0.0%) 
overlays                 0/512             0/180224   ( 0.0%) 
LDR lightdata         [variable]           0/0        ( 0.0%) 
HDR lightdata         [variable]      586496/0        ( 0.0%) 
visdata               [variable]           0/16777216 ( 0.0%) 
entdata               [variable]       23093/393216   ( 5.9%) 
LDR ambient table     1319/65536        5276/262144   ( 2.0%) 
HDR ambient table     1319/65536        5276/262144   ( 2.0%) 
LDR leaf ambient      1319/65536       36932/1835008  ( 2.0%) 
HDR leaf ambient       735/65536       20580/1835008  ( 1.1%) 
occluders                0/0               0/0        ( 0.0%) 
occluder polygons        0/0               0/0        ( 0.0%) 
occluder vert ind        0/0               0/0        ( 0.0%) 
Prop Hull Verts          0/0               0/0        ( 0.0%) 
Prop Hull Blob           0/0               0/0        ( 0.0%) 
Prop Hull Lists          0/0               0/0        ( 0.0%) 
Prop Hulls               0/0               0/0        ( 0.0%) 
Prop Hull trilist        0/0               0/0        ( 0.0%) 
detail props          [variable]           1/12       ( 8.3%) 
static props          [variable]           1/12       ( 8.3%) 
pakfile               [variable]       74422/0        ( 0.0%) 
physics               [variable]      151456/4194304  ( 3.6%) 
physics terrain       [variable]           2/1048576  ( 0.0%) 

Level flags = 0

Total triangle count: 4384
Writing c:\program files (x86)\steam\steamapps\sourcemods\projectbliink\mapsrc\bliink.bsp
8 seconds elapsed



materialPath: C:\Program Files (x86)\Steam\steamapps\sourcemods\projectbliink\materials
Loading c:\program files (x86)\steam\steamapps\sourcemods\projectbliink\mapsrc\bliink.vmf
Could not locate GameData file projectbliink.fgd
fixing up env_cubemap materials on brush sides...
0...1...2...3...4...5...6...7...8...9...100...1...2...3...4...5...6...7...8...9...10Processing areas...done (0)
Building Faces...done (0)
Chop Details...done (0)
Find Visible Detail Sides...
Merged 54 detail faces...done (0)
Merging details...done (0)
FixTjuncs...
PruneNodes...
WriteBSP...
done (0)
writing c:\program files (x86)\steam\steamapps\sourcemods\projectbliink\mapsrc\bliink.prt...Building visibility clusters...
done (0)
Finding displacement neighbors...
Finding lightmap sample positions...
Displacement Alpha : 0...1...2...3...4...5...6...7...8...9...10
Building Physics collision data...
done (1) (151456 bytes)
Placing detail props : 0...1...2...3...4...5...6...7...8...9...10
Compacting texture/material tables...
Reduced 552 texinfos to 422
Reduced 9 texdatas to 9 (193 bytes to 193)
Writing c:\program files (x86)\steam\steamapps\sourcemods\projectbliink\mapsrc\bliink.bsp
1 second elapsed



[Reading texlights from 'lights.rad']
[45 texlights parsed from 'lights.rad']

Loading c:\program files (x86)\steam\steamapps\sourcemods\projectbliink\mapsrc\bliink.bsp
No vis information, direct lighting only.
1729 faces
912034 square feet [131332936.00 square inches]
0 Displacements
0 Square Feet [0.00 Square Inches]
0 direct lights
0...1...2...3...4...5...6...7...8...9...10Build Patch/Sample Hash Table(s).....Done<0.0077 sec>
0...1...2...3...4...5...6...7...8...9...10FinalLightFace Done
0 of 0 (0% of) surface lights went in leaf ambient cubes.
0...1...2...3...4...5...6...7...8...9...10Writing leaf ambient...done
Ready to Finish

Object names       Objects/Maxobjs  Memory / Maxmem  Fullness 
------------       ---------------  ---------------  -------- 
models                   9/1024          432/49152    ( 0.9%) 
brushes                397/8192         4764/98304    ( 4.8%) 
brushsides            3459/65536       27672/524288   ( 5.3%) 
planes                2854/65536       57080/1310720  ( 4.4%) 
vertexes              2832/65536       33984/786432   ( 4.3%) 
nodes                 1309/65536       41888/2097152  ( 2.0%) 
texinfos               422/12288       30384/884736   ( 3.4%) 
texdata                  9/2048          288/65536    ( 0.4%) 
dispinfos                0/0               0/0        ( 0.0%) 
disp_verts               0/0               0/0        ( 0.0%) 
disp_tris                0/0               0/0        ( 0.0%) 
disp_multiblend          0/0               0/0        ( 0.0%) 
disp_lmsamples           0/0               0/0        ( 0.0%) 
faces                 1729/65536       96824/3670016  ( 2.6%) 
hdr faces             1729/65536       96824/3670016  ( 2.6%) 
origfaces             1203/65536       67368/3670016  ( 1.8%) 
leaves                1319/65536       42208/2097152  ( 2.0%) 
leaffaces             2156/65536        4312/131072   ( 3.3%) 
leafbrushes           1061/65536        2122/131072   ( 1.6%) 
areas                    2/256            16/2048     ( 0.8%) 
surfedges            12636/512000      50544/2048000  ( 2.5%) 
edges                 7760/256000      31040/1024000  ( 3.0%) 
LDR worldlights          0/8192            0/819200   ( 0.0%) 
HDR worldlights          0/8192            0/819200   ( 0.0%) 
leafwaterdata            0/32768           0/393216   ( 0.0%) 
waterstrips            129/32768        1290/327680   ( 0.4%) 
waterverts               0/65536           0/786432   ( 0.0%) 
waterindices          2073/65536        4146/131072   ( 3.2%) 
cubemapsamples           0/1024            0/16384    ( 0.0%) 
overlays                 0/512             0/180224   ( 0.0%) 
LDR lightdata         [variable]           0/0        ( 0.0%) 
HDR lightdata         [variable]      586496/0        ( 0.0%) 
visdata               [variable]           0/16777216 ( 0.0%) 
entdata               [variable]       23093/393216   ( 5.9%) 
LDR ambient table     1319/65536        5276/262144   ( 2.0%) 
HDR ambient table     1319/65536        5276/262144   ( 2.0%) 
LDR leaf ambient      1319/65536       36932/1835008  ( 2.0%) 
HDR leaf ambient       735/65536       20580/1835008  ( 1.1%) 
occluders                0/0               0/0        ( 0.0%) 
occluder polygons        0/0               0/0        ( 0.0%) 
occluder vert ind        0/0               0/0        ( 0.0%) 
Prop Hull Verts          0/0               0/0        ( 0.0%) 
Prop Hull Blob           0/0               0/0        ( 0.0%) 
Prop Hull Lists          0/0               0/0        ( 0.0%) 
Prop Hulls               0/0               0/0        ( 0.0%) 
Prop Hull trilist        0/0               0/0        ( 0.0%) 
detail props          [variable]           1/12       ( 8.3%) 
static props          [variable]           1/12       ( 8.3%) 
pakfile               [variable]       74422/0        ( 0.0%) 
physics               [variable]      151456/4194304  ( 3.6%) 
physics terrain       [variable]           2/1048576  ( 0.0%) 

Level flags = 0

Total triangle count: 4384
Writing c:\program files (x86)\steam\steamapps\sourcemods\projectbliink\mapsrc\bliink.bsp
9 seconds elapsed
