.\Release\.\MissionChooser.pdb
C:\Users\Alex\My Code\bliink\game\missionchooser\.\Release\.\MissionChooser.dll
C:\Users\Alex\My Code\bliink\game\missionchooser\Release\asw_key_values_database.obj
C:\Users\Alex\My Code\bliink\game\missionchooser\Release\asw_location_grid.obj
C:\Users\Alex\My Code\bliink\game\missionchooser\Release\asw_map_builder.obj
C:\Users\Alex\My Code\bliink\game\missionchooser\Release\asw_mission_chooser.obj
C:\Users\Alex\My Code\bliink\game\missionchooser\Release\asw_mission_chooser_source_local.obj
C:\Users\Alex\My Code\bliink\game\missionchooser\Release\asw_mission_text_database.obj
C:\Users\Alex\My Code\bliink\game\missionchooser\Release\asw_npcs.obj
C:\Users\Alex\My Code\bliink\game\missionchooser\Release\asw_random_missions.obj
C:\Users\Alex\My Code\bliink\game\missionchooser\Release\asw_spawn_selection.obj
C:\Users\Alex\My Code\bliink\game\missionchooser\Release\asw_system.obj
C:\Users\Alex\My Code\bliink\game\missionchooser\Release\chunkfile.obj
C:\Users\Alex\My Code\bliink\game\missionchooser\Release\CL.4560.read.1.tlog
C:\Users\Alex\My Code\bliink\game\missionchooser\Release\CL.4560.write.1.tlog
C:\Users\Alex\My Code\bliink\game\missionchooser\Release\CL.5288.read.1.tlog
C:\Users\Alex\My Code\bliink\game\missionchooser\Release\CL.5288.write.1.tlog
C:\Users\Alex\My Code\bliink\game\missionchooser\Release\CL.6336.read.1.tlog
C:\Users\Alex\My Code\bliink\game\missionchooser\Release\CL.6336.write.1.tlog
C:\Users\Alex\My Code\bliink\game\missionchooser\Release\CL.7000.read.1.tlog
C:\Users\Alex\My Code\bliink\game\missionchooser\Release\CL.7000.write.1.tlog
C:\Users\Alex\My Code\bliink\game\missionchooser\Release\cl.command.1.tlog
C:\Users\Alex\My Code\bliink\game\missionchooser\Release\CL.read.1.tlog
C:\Users\Alex\My Code\bliink\game\missionchooser\Release\cl.write.1.tlog
C:\Users\Alex\My Code\bliink\game\missionchooser\Release\debug_dll_check.obj
C:\Users\Alex\My Code\bliink\game\missionchooser\Release\ExitEditDialog.obj
C:\Users\Alex\My Code\bliink\game\missionchooser\Release\kv_combo_leaf_panel.obj
C:\Users\Alex\My Code\bliink\game\missionchooser\Release\kv_editor.obj
C:\Users\Alex\My Code\bliink\game\missionchooser\Release\kv_editor_base_panel.obj
C:\Users\Alex\My Code\bliink\game\missionchooser\Release\kv_editor_frame.obj
C:\Users\Alex\My Code\bliink\game\missionchooser\Release\kv_fit_children_panel.obj
C:\Users\Alex\My Code\bliink\game\missionchooser\Release\kv_leaf_panel.obj
C:\Users\Alex\My Code\bliink\game\missionchooser\Release\kv_node_panel.obj
C:\Users\Alex\My Code\bliink\game\missionchooser\Release\layout_system_kv_editor.obj
C:\Users\Alex\My Code\bliink\game\missionchooser\Release\LevelTheme.obj
C:\Users\Alex\My Code\bliink\game\missionchooser\Release\link.command.1.tlog
C:\Users\Alex\My Code\bliink\game\missionchooser\Release\link.read.1.tlog
C:\Users\Alex\My Code\bliink\game\missionchooser\Release\link.write.1.tlog
C:\Users\Alex\My Code\bliink\game\missionchooser\Release\location_editor_frame.obj
C:\Users\Alex\My Code\bliink\game\missionchooser\Release\location_layout_panel.obj
C:\Users\Alex\My Code\bliink\game\missionchooser\Release\MapLayout.obj
C:\Users\Alex\My Code\bliink\game\missionchooser\Release\MapLayoutPanel.obj
C:\Users\Alex\My Code\bliink\game\missionchooser\Release\memoverride.obj
C:\Users\Alex\My Code\bliink\game\missionchooser\Release\mission_panel.obj
C:\Users\Alex\My Code\bliink\game\missionchooser\Release\mission_txt_leaf_panel.obj
C:\USERS\ALEX\MY CODE\BLIINK\GAME\MISSIONCHOOSER\RELEASE\MISSIONCHOOSER.DLL
C:\Users\Alex\My Code\bliink\game\missionchooser\Release\MissionChooser.exp
C:\Users\Alex\My Code\bliink\game\missionchooser\Release\MissionChooser.lib
C:\USERS\ALEX\MY CODE\BLIINK\GAME\MISSIONCHOOSER\RELEASE\MISSIONCHOOSER.MAP
C:\USERS\ALEX\MY CODE\BLIINK\GAME\MISSIONCHOOSER\RELEASE\MISSIONCHOOSER.PDB
C:\Users\Alex\My Code\bliink\game\missionchooser\Release\MissionChooser.write.1.tlog
C:\Users\Alex\My Code\bliink\game\missionchooser\Release\missionchooser_tgaimagepanel.obj
C:\Users\Alex\My Code\bliink\game\missionchooser\Release\node_panel.obj
C:\Users\Alex\My Code\bliink\game\missionchooser\Release\npc_spawns_panel.obj
C:\Users\Alex\My Code\bliink\game\missionchooser\Release\PlacedRoomTemplatePanel.obj
C:\Users\Alex\My Code\bliink\game\missionchooser\Release\Room.obj
C:\Users\Alex\My Code\bliink\game\missionchooser\Release\RoomTemplate.obj
C:\Users\Alex\My Code\bliink\game\missionchooser\Release\RoomTemplateEditDialog.obj
C:\Users\Alex\My Code\bliink\game\missionchooser\Release\RoomTemplateListPanel.obj
C:\Users\Alex\My Code\bliink\game\missionchooser\Release\RoomTemplatePanel.obj
C:\Users\Alex\My Code\bliink\game\missionchooser\Release\rule_instance_node_panel.obj
C:\Users\Alex\My Code\bliink\game\missionchooser\Release\rule_instance_parameter_panel.obj
C:\Users\Alex\My Code\bliink\game\missionchooser\Release\ScrollingWindow.obj
C:\Users\Alex\My Code\bliink\game\missionchooser\Release\state_node_panel.obj
C:\Users\Alex\My Code\bliink\game\missionchooser\Release\TagList.obj
C:\Users\Alex\My Code\bliink\game\missionchooser\Release\theme_room_picker.obj
C:\Users\Alex\My Code\bliink\game\missionchooser\Release\ThemeEditDialog.obj
C:\Users\Alex\My Code\bliink\game\missionchooser\Release\ThemesDialog.obj
C:\Users\Alex\My Code\bliink\game\missionchooser\Release\tile_check.obj
C:\Users\Alex\My Code\bliink\game\missionchooser\Release\tilegen_actions.obj
C:\Users\Alex\My Code\bliink\game\missionchooser\Release\tilegen_class_factories.obj
C:\Users\Alex\My Code\bliink\game\missionchooser\Release\tilegen_enum.obj
C:\Users\Alex\My Code\bliink\game\missionchooser\Release\tilegen_expressions.obj
C:\Users\Alex\My Code\bliink\game\missionchooser\Release\tilegen_layout_system.obj
C:\Users\Alex\My Code\bliink\game\missionchooser\Release\tilegen_listeners.obj
C:\Users\Alex\My Code\bliink\game\missionchooser\Release\tilegen_mission_preprocessor.obj
C:\Users\Alex\My Code\bliink\game\missionchooser\Release\tilegen_pages.obj
C:\Users\Alex\My Code\bliink\game\missionchooser\Release\tilegen_ranges.obj
C:\Users\Alex\My Code\bliink\game\missionchooser\Release\tilegen_rule.obj
C:\Users\Alex\My Code\bliink\game\missionchooser\Release\TileGenDialog.obj
C:\Users\Alex\My Code\bliink\game\missionchooser\Release\ToggleExitsPanel.obj
C:\USERS\ALEX\MY CODE\BLIINK\GAME\MISSIONCHOOSER\RELEASE\VC100.PDB
C:\Users\Alex\My Code\bliink\game\missionchooser\Release\vgui_controls.obj
C:\Users\Alex\My Code\bliink\game\missionchooser\Release\VMFExporter.obj
