Build started 05/12/2012 15:27:11.
     1>Project "C:\Program Files (x86)\Steam\steamapps\sourcemods\projectbliink\bliink_src\game\missionchooser\swarm_sdk_missionchooser.vcxproj" on node 3 (build target(s)).
     1>InitializeBuildStatus:
         Creating ".\Release\.\MissionChooser.unsuccessfulbuild" because "AlwaysCreate" was specified.
       PreBuildEvent:
         if EXIST "C:\Program Files (x86)\Steam\SteamApps\sourcemods\projectbliink\bin\.\MissionChooser.dll" for /f "delims=" %%A in ('attrib "C:\Program Files (x86)\Steam\SteamApps\sourcemods\projectbliink\bin\.\MissionChooser.dll"') do set valveTmpIsReadOnly="%%A"
         set valveTmpIsReadOnlyLetter=%valveTmpIsReadOnly:~6,1%
         if "%valveTmpIsReadOnlyLetter%"=="R" del /q "C:\Program Files (x86)\Steam\steamapps\sourcemods\projectbliink\bliink_src\game\missionchooser\Release\"MissionChooser.dll
         if exist ..\..\devtools\bin\vpccrccheck.exe ..\..\devtools\bin\vpccrccheck.exe -crc2 test_swarm.vcproj
         if ERRORLEVEL 1 exit 1
         
         :VCEnd
       ClCompile:
         All outputs are up-to-date.
       Link:
         All outputs are up-to-date.
         swarm_sdk_missionchooser.vcxproj -> C:\Program Files (x86)\Steam\steamapps\sourcemods\projectbliink\bliink_src\game\missionchooser\.\Release\.\MissionChooser.dll
       PostBuildEvent:
         Description: Publishing to C:\Program Files (x86)\Steam\SteamApps\sourcemods\projectbliink\bin\.
         if exist "C:\Program Files (x86)\Steam\SteamApps\sourcemods\projectbliink\bin\." goto ValveStart
         mkdir "C:\Program Files (x86)\Steam\SteamApps\sourcemods\projectbliink\bin\."
         :ValveStart
         copy "C:\Program Files (x86)\Steam\steamapps\sourcemods\projectbliink\bliink_src\game\missionchooser\Release\"MissionChooser.dll "C:\Program Files (x86)\Steam\SteamApps\sourcemods\projectbliink\bin\.\MissionChooser.dll"
         if ERRORLEVEL 1 goto BuildEventFailed
         if exist "C:\Program Files (x86)\Steam\steamapps\sourcemods\projectbliink\bliink_src\game\missionchooser\Release\"MissionChooser.map copy "C:\Program Files (x86)\Steam\steamapps\sourcemods\projectbliink\bliink_src\game\missionchooser\Release\"MissionChooser.map "C:\Program Files (x86)\Steam\SteamApps\sourcemods\projectbliink\bin\.\MissionChooser.map"
         copy "C:\Program Files (x86)\Steam\steamapps\sourcemods\projectbliink\bliink_src\game\missionchooser\Release\"MissionChooser.pdb "C:\Program Files (x86)\Steam\SteamApps\sourcemods\projectbliink\bin\.\MissionChooser.pdb"
         if ERRORLEVEL 1 goto BuildEventFailed
         goto BuildEventOK
         :BuildEventFailed
         echo *** ERROR! PostBuildStep FAILED for MissionChooser! EXE or DLL is probably running. ***
         del /q "C:\Program Files (x86)\Steam\steamapps\sourcemods\projectbliink\bliink_src\game\missionchooser\Release\"MissionChooser.dll
         exit 1
         :BuildEventOK
         
         :VCEnd
                 1 file(s) copied.
                 1 file(s) copied.
                 1 file(s) copied.
       FinalizeBuildStatus:
         Deleting file ".\Release\.\MissionChooser.unsuccessfulbuild".
         Touching ".\Release\.\MissionChooser.lastbuildstate".
     1>Done Building Project "C:\Program Files (x86)\Steam\steamapps\sourcemods\projectbliink\bliink_src\game\missionchooser\swarm_sdk_missionchooser.vcxproj" (build target(s)).

Build succeeded.

Time Elapsed 00:00:01.13
